
RAxML-NG v. 0.9.0git released on 24.05.2019 by The Exelixis Lab.
Developed by: Alexey M. Kozlov and Alexandros Stamatakis.
Contributors: Diego Darriba, Tomas Flouri, Benoit Morel, Sarah Lutteropp, Ben Bettisworth.
Latest version: https://github.com/amkozlov/raxml-ng
Questions/problems/suggestions? Please visit: https://groups.google.com/forum/#!forum/raxml

RAxML-NG was called at 24-Aug-2021 17:52:16 as follows:

raxml-ng --parse --msa /N/u/danschw/Carbonate/GitHub/spore-phage-sigma/phylo/data/align-trim-tree/check_msa/check-msa.raxml.reduced.phy --data-type AA --model LG+G4 --prefix parse-msa

Analysis options:
  run mode: Alignment parsing and compression
  start tree(s): 
  random seed: 1629841936
  tip-inner: OFF
  pattern compression: ON
  per-rate scalers: OFF
  site repeats: ON
  branch lengths: proportional (ML estimate, algorithm: NR-FAST)
  SIMD kernels: AVX2
  parallelization: PTHREADS (24 threads), thread pinning: OFF

[00:00:00] Reading alignment from file: /N/u/danschw/Carbonate/GitHub/spore-phage-sigma/phylo/data/align-trim-tree/check_msa/check-msa.raxml.reduced.phy
[00:00:00] Loaded alignment with 384 taxa and 172 sites

Alignment comprises 1 partitions and 172 patterns

Partition 0: noname
Model: LG+G4m
Alignment sites / patterns: 172 / 172
Gaps: 4.64 %
Invariant sites: 0.00 %


NOTE: Binary MSA file created: parse-msa.raxml.rba

* Estimated memory requirements                : 81 MB

* Recommended number of threads / MPI processes: 3

Please note that numbers given above are rough estimates only. 
Actual memory consumption and parallel performance on your system may differ!

Alignment can be successfully read by RAxML-NG.


Execution log saved to: /geode2/home/u020/danschw/Carbonate/GitHub/spore-phage-sigma/phylo/data/align-trim-tree/check_msa/parse-msa.raxml.log

Analysis started: 24-Aug-2021 17:52:16 / finished: 24-Aug-2021 17:52:16

Elapsed time: 0.070 seconds

