Physical cores: 12
Logical cores:  24
Memory:         251GB
Extensions:     AVX

WARNING: Partition DATA: Sequences WP_003226225.1-bacteria and NP_464979.1-bacteria are identical
WARNING: Partition DATA: Sequences NP_249267.1-bacteria and NP_417539.1-bacteria are identical
WARNING: Partition DATA: Sequences WP_038962216.1-bacteria and WP_000372618.1-bacteria are identical
WARNING: Partition DATA: Sequences YP_008771927.1-phage and YP_008770739.1-phage are identical
WARNING: Partition DATA: Sequences YP_008771927.1-phage and YP_009203629.1-phage are identical
WARNING: Partition DATA: Sequences YP_002300398.1-phage and YP_008770058.1-phage are identical
WARNING: Partition DATA: Sequences YP_009215922.1-phage and YP_009216142.1-phage are identical
WARNING: Partition DATA: Sequences YP_009215922.1-phage and YP_009099117.1-phage are identical
WARNING: Partition DATA: Sequences YP_008770814.1-phage and YP_009203702.1-phage are identical
WARNING: Partition DATA: Sequences YP_009829851.1-phage and YP_006488705.1-phage are identical
WARNING: Partition DATA: Sequences YP_002300430.1-phage and YP_008770092.1-phage are identical
WARNING: Partition DATA: Sequences YP_006907988.1-phage and YP_009206960.1-phage are identical
WARNING: Partition DATA: Sequences YP_009149728.1-phage and YP_009626704.1-phage are identical
WARNING: Partition DATA: Sequences YP_009149728.1-phage and YP_009031424.1-phage are identical
WARNING: Partition DATA: Sequences YP_006907735.1-phage and YP_009003061.1-phage are identical
WARNING: Partition DATA: Sequences YP_006907735.1-phage and YP_009036624.1-phage are identical
WARNING: Partition DATA: Sequences YP_006907735.1-phage and YP_009036248.1-phage are identical
WARNING: Partition DATA: Sequences YP_006907735.1-phage and YP_009278201.1-phage are identical
WARNING: Partition DATA: Sequences YP_006907735.1-phage and YP_009287061.1-phage are identical
WARNING: Partition DATA: Sequences YP_006907735.1-phage and YP_009282577.1-phage are identical
WARNING: Partition DATA: Sequences YP_006907735.1-phage and YP_009284509.1-phage are identical
WARNING: Partition DATA: Sequences YP_006907735.1-phage and YP_009280984.1-phage are identical
WARNING: Partition DATA: Sequences YP_006907735.1-phage and YP_009291759.1-phage are identical
WARNING: Partition DATA: Sequences YP_006907735.1-phage and YP_009282131.1-phage are identical
WARNING: Partition DATA: Sequences YP_006907735.1-phage and YP_009280555.1-phage are identical
WARNING: Partition DATA: Sequences YP_006907735.1-phage and YP_009279351.1-phage are identical
WARNING: Partition DATA: Sequences YP_006907735.1-phage and YP_009285127.1-phage are identical
WARNING: Partition DATA: Sequences YP_006908410.1-phage and YP_008770388.1-phage are identical
WARNING: Partition DATA: Sequences YP_009215953.1-phage and YP_009216173.1-phage are identical
WARNING: Partition DATA: Sequences YP_008430954.1-phage and YP_008771190.1-phage are identical
WARNING: Partition DATA: Sequences YP_008430954.1-phage and YP_009055929.1-phage are identical
WARNING: Partition DATA: Sequences YP_008430954.1-phage and YP_009206524.1-phage are identical
WARNING: Partition DATA: Sequences YP_008430954.1-phage and YP_009290042.1-phage are identical
WARNING: Partition DATA: Sequences YP_009226967.1-phage and YP_009056383.1-phage are identical
WARNING: Partition DATA: Sequences YP_009037083.1-phage and YP_009035701.1-phage are identical
WARNING: Partition DATA: Sequences YP_009037083.1-phage and YP_009035374.1-phage are identical
WARNING: Partition DATA: Sequences YP_009037083.1-phage and YP_006907409.1-phage are identical
WARNING: Partition DATA: Sequences YP_009149167.1-phage and YP_009285446.1-phage are identical
WARNING: Partition DATA: Sequences YP_009818180.1-phage and YP_009814287.1-phage are identical
WARNING: Partition DATA: Sequences YP_009818180.1-phage and YP_009814457.1-phage are identical
WARNING: Partition DATA: Sequences YP_009798107.1-phage and YP_009798418.1-phage are identical
WARNING: Partition DATA: Sequences YP_007517509.1-phage and YP_008770680.1-phage are identical
WARNING: Partition DATA: Sequences YP_007517433.1-phage and YP_009592276.1-phage are identical
WARNING: Partition DATA: Sequences YP_007517433.1-phage and YP_008771870.1-phage are identical
WARNING: Partition DATA: Sequences YP_007517663.1-phage and YP_008770602.1-phage are identical
WARNING: Partition DATA: Sequences YP_009149686.1-phage and YP_009149124.1-phage are identical
WARNING: Partition DATA: Sequences YP_009149687.1-phage and YP_009149125.1-phage are identical
WARNING: Partition DATA: Sequences YP_009003022.1-phage and YP_009282173.1-phage are identical
WARNING: Partition DATA: Sequences YP_008430993.1-phage and YP_009055966.1-phage are identical
WARNING: Partition DATA: Sequences YP_008430993.1-phage and YP_009290078.1-phage are identical
WARNING: Partition DATA: Sequences YP_008771228.1-phage and YP_009206562.1-phage are identical
WARNING: Partition DATA: Sequences YP_008771361.1-phage and YP_009152845.1-phage are identical
WARNING: Partition DATA: Sequences YP_008771361.1-phage and YP_009210079.1-phage are identical
WARNING: Partition DATA: Sequences YP_008771361.1-phage and YP_009197513.1-phage are identical
WARNING: Partition DATA: Sequences YP_008771969.1-phage and YP_008770783.1-phage are identical
WARNING: Partition DATA: Sequences YP_008771969.1-phage and YP_009203671.1-phage are identical
WARNING: Partition DATA: Sequences YP_009037113.1-phage and YP_009035734.1-phage are identical
WARNING: Partition DATA: Sequences YP_009037113.1-phage and YP_006907438.1-phage are identical
WARNING: Partition DATA: Sequences YP_009036672.1-phage and YP_009284554.1-phage are identical
WARNING: Partition DATA: Sequences YP_009036672.1-phage and YP_009281029.1-phage are identical
WARNING: Partition DATA: Sequences YP_009036672.1-phage and YP_009279398.1-phage are identical
WARNING: Partition DATA: Sequences YP_009036291.1-phage and YP_009287107.1-phage are identical
WARNING: Partition DATA: Sequences YP_009036291.1-phage and YP_009282621.1-phage are identical
WARNING: Partition DATA: Sequences YP_009036291.1-phage and YP_009285170.1-phage are identical
WARNING: Partition DATA: Sequences YP_009830054.1-phage and YP_009830772.1-phage are identical
WARNING: Partition DATA: Sequences YP_009830054.1-phage and YP_009285288.1-phage are identical
WARNING: Partition DATA: Sequences YP_009278239.1-phage and YP_009291801.1-phage are identical
WARNING: Partition DATA: Sequences YP_009626754.1-phage and YP_009031481.1-phage are identical
WARNING: Partition DATA: Sequences YP_009626755.1-phage and YP_009031482.1-phage are identical
WARNING: Partition DATA: Sequences YP_512346.1-phage and YP_338218.1-phage are identical
WARNING: Partition DATA: Sequences YP_512346.1-phage and YP_460001.1-phage are identical
Validating binary checkpoint
OK!
--------------------------------------------------------------------------------
ModelTest-NG vx.y.z

Input data:
  MSA:        /N/u/danschw/Carbonate/GitHub/spore-phage-sigma/phylo/data/align-trim-tree/sigmas_MafftEinsi.trim
  Tree:       Maximum likelihood
    file:           -
  #taxa:            419
  #sites:           55
  #patterns:        55
  Max. thread mem:  56 MB

Output:
  Log:           /N/u/danschw/Carbonate/GitHub/spore-phage-sigma/phylo/data/align-trim-tree/model.out.log
  Starting tree: /N/u/danschw/Carbonate/GitHub/spore-phage-sigma/phylo/data/align-trim-tree/model.out.tree
  Results:       /N/u/danschw/Carbonate/GitHub/spore-phage-sigma/phylo/data/align-trim-tree/model.out.out

Selection options:
  # protein matrices: 19
  # protein models:   76
  include model parameters:
    Uniform:         true
    p-inv (+I):      false
    gamma (+G):      true
    both (+I+G):     false
    free rates (+R): false
    fixed freqs:     true
    estimated freqs: false
    #categories:     4
  gamma rates mode:   mean
  asc bias:           none
  epsilon (opt):      0.01
  epsilon (par):      0.05
  keep branches:      false

Additional options:
  verbosity:        very low
  threads:          8/12
  RNG seed:         123
  subtree repeats:  enabled
--------------------------------------------------------------------------------
modeltest was called as follows: 
>> /opt/conda/bin/modeltest-ng -d aa -i /N/u/danschw/Carbonate/GitHub/spore-phage-sigma/phylo/data/align-trim-tree/sigmas_MafftEinsi.trim -o /N/u/danschw/Carbonate/GitHub/spore-phage-sigma/phylo/data/align-trim-tree/model.out -p 8 -r 123 -t ml -h ug 


Partition 1/1

 ----ID---  ----MODEL---- ---Time--- -Elapsed--- -------LnL------- -Alpha- -P-inv-

Computation of likelihood scores completed. It took 0h:03:23

BIC       model              K            lnL          score          delta    weight
--------------------------------------------------------------------------------
       1  LG+G4              1    -24023.9858     51398.1021         0.0000    1.0000
       2  VT+G4              1    -24067.8983     51485.9271        87.8250    0.0000
       3  WAG+G4             1    -24099.3933     51548.9172       150.8151    0.0000
       4  LG+G4+F           20    -24130.9399     51688.1496       290.0475    0.0000
       5  PMB+G4             1    -24213.8585     51777.8475       379.7454    0.0000
       6  JTT+G4             1    -24231.2180     51812.5665       414.4644    0.0000
       7  RTREV+G4           1    -24237.8142     51825.7589       427.6568    0.0000
       8  JTT-DCMUT+G4       1    -24238.4606     51827.0517       428.9496    0.0000
       9  RTREV+G4+F        20    -24243.7960     51913.8618       515.7597    0.0000
      10  CPREV+G4           1    -24294.4844     51939.0994       540.9973    0.0000
--------------------------------------------------------------------------------
Best model according to BIC
---------------------------
Model:              LG+G4
lnL:                -24023.9858
Frequencies:        0.0624 0.0746 0.0281 0.0611 0.0056 0.0577 0.0924 0.0435 0.0118 0.0738 0.1062 0.0626 0.0218 0.0381 0.0285 0.0655 0.0598 0.0050 0.0241 0.0774
Inv. sites prop:    -
Gamma shape:        1.9611
Score:              51398.1021
Weight:             1.0000
---------------------------
Parameter importances
---------------------------
P.Inv:              -
Gamma:              1.0000
Gamma-Inv:          -
Frequencies:        0.0000
---------------------------
Model averaged estimates
---------------------------
P.Inv:              -
Alpha:              1.9611
Alpha-P.Inv:        -
P.Inv-Alpha:        -
Frequencies:        0.0624 0.0746 0.0281 0.0611 0.0056 0.0577 0.0924 0.0435 0.0118 0.0738 0.1062 0.0626 0.0218 0.0381 0.0285 0.0655 0.0598 0.0050 0.0241 0.0774 

Commands:
  > phyml  -i /N/u/danschw/Carbonate/GitHub/spore-phage-sigma/phylo/data/align-trim-tree/sigmas_MafftEinsi.trim -d aa -m LG -f m -v 0 -a e -c 4 -o tlr
  > raxmlHPC-SSE3 -s /N/u/danschw/Carbonate/GitHub/spore-phage-sigma/phylo/data/align-trim-tree/sigmas_MafftEinsi.trim -m PROTGAMMALG -n EXEC_NAME -p PARSIMONY_SEED
  > raxml-ng --msa /N/u/danschw/Carbonate/GitHub/spore-phage-sigma/phylo/data/align-trim-tree/sigmas_MafftEinsi.trim --model LG+G4
  > paup -s /N/u/danschw/Carbonate/GitHub/spore-phage-sigma/phylo/data/align-trim-tree/sigmas_MafftEinsi.trim
  > iqtree -s /N/u/danschw/Carbonate/GitHub/spore-phage-sigma/phylo/data/align-trim-tree/sigmas_MafftEinsi.trim -m LG+G4

AIC       model              K            lnL          score          delta    weight
--------------------------------------------------------------------------------
       1  LG+G4              1    -24023.9858     49719.9715         0.0000    1.0000
       2  VT+G4              1    -24067.8983     49807.7965        87.8250    0.0000
       3  WAG+G4             1    -24099.3933     49870.7867       150.8151    0.0000
       4  LG+G4+F           20    -24130.9399     49971.8797       251.9082    0.0000
       5  PMB+G4             1    -24213.8585     50099.7170       379.7454    0.0000
       6  JTT+G4             1    -24231.2180     50134.4360       414.4644    0.0000
       7  RTREV+G4           1    -24237.8142     50147.6283       427.6568    0.0000
       8  JTT-DCMUT+G4       1    -24238.4606     50148.9212       428.9496    0.0000
       9  RTREV+G4+F        20    -24243.7960     50197.5919       477.6204    0.0000
      10  WAG+G4+F          20    -24265.4399     50240.8799       520.9083    0.0000
--------------------------------------------------------------------------------
Best model according to AIC
---------------------------
Model:              LG+G4
lnL:                -24023.9858
Frequencies:        0.0624 0.0746 0.0281 0.0611 0.0056 0.0577 0.0924 0.0435 0.0118 0.0738 0.1062 0.0626 0.0218 0.0381 0.0285 0.0655 0.0598 0.0050 0.0241 0.0774
Inv. sites prop:    -
Gamma shape:        1.9611
Score:              49719.9715
Weight:             1.0000
---------------------------
Parameter importances
---------------------------
P.Inv:              -
Gamma:              1.0000
Gamma-Inv:          -
Frequencies:        0.0000
---------------------------
Model averaged estimates
---------------------------
P.Inv:              -
Alpha:              1.9611
Alpha-P.Inv:        -
P.Inv-Alpha:        -
Frequencies:        0.0624 0.0746 0.0281 0.0611 0.0056 0.0577 0.0924 0.0435 0.0118 0.0738 0.1062 0.0626 0.0218 0.0381 0.0285 0.0655 0.0598 0.0050 0.0241 0.0774 

Commands:
  > phyml  -i /N/u/danschw/Carbonate/GitHub/spore-phage-sigma/phylo/data/align-trim-tree/sigmas_MafftEinsi.trim -d aa -m LG -f m -v 0 -a e -c 4 -o tlr
  > raxmlHPC-SSE3 -s /N/u/danschw/Carbonate/GitHub/spore-phage-sigma/phylo/data/align-trim-tree/sigmas_MafftEinsi.trim -m PROTGAMMALG -n EXEC_NAME -p PARSIMONY_SEED
  > raxml-ng --msa /N/u/danschw/Carbonate/GitHub/spore-phage-sigma/phylo/data/align-trim-tree/sigmas_MafftEinsi.trim --model LG+G4
  > paup -s /N/u/danschw/Carbonate/GitHub/spore-phage-sigma/phylo/data/align-trim-tree/sigmas_MafftEinsi.trim
  > iqtree -s /N/u/danschw/Carbonate/GitHub/spore-phage-sigma/phylo/data/align-trim-tree/sigmas_MafftEinsi.trim -m LG+G4

AICc      model              K            lnL          score          delta    weight
--------------------------------------------------------------------------------
       1  LG                 0    -24485.7228   1446761.4457         0.0000    1.0000
       2  WAG                0    -24495.8958   1446781.7917        20.3460    0.0000
       3  VT                 0    -24520.8122   1446831.6243        70.1787    0.0000
       4  BLOSUM62           0    -24647.7238   1447085.4475       324.0018    0.0000
       5  PMB                0    -24685.5514   1447161.1028       399.6571    0.0000
       6  RTREV              0    -24723.9079   1447237.8159       476.3702    0.0000
       7  JTT                0    -24764.2462   1447318.4924       557.0467    0.0000
       8  CPREV              0    -24778.4464   1447346.8927       585.4470    0.0000
       9  JTT-DCMUT          0    -24807.5210   1447405.0420       643.5964    0.0000
      10  DAYHOFF            0    -25016.9956   1447823.9912      1062.5455    0.0000
--------------------------------------------------------------------------------
Best model according to AICc
---------------------------
Model:              LG
lnL:                -24485.7228
Frequencies:        0.0791 0.0559 0.0420 0.0531 0.0129 0.0408 0.0716 0.0573 0.0224 0.0622 0.0991 0.0646 0.0230 0.0423 0.0440 0.0612 0.0533 0.0121 0.0342 0.0691
Inv. sites prop:    -
Gamma shape:        -
Score:              1446761.4457
Weight:             1.0000
---------------------------
Parameter importances
---------------------------
P.Inv:              -
Gamma:              -
Gamma-Inv:          -
Frequencies:        -
---------------------------
Model averaged estimates
---------------------------
P.Inv:              -
Alpha:              -
Alpha-P.Inv:        -
P.Inv-Alpha:        -
Frequencies:        -

Commands:
  > phyml  -i /N/u/danschw/Carbonate/GitHub/spore-phage-sigma/phylo/data/align-trim-tree/sigmas_MafftEinsi.trim -d aa -m LG -f m -v 0 -a 0 -c 1 -o tlr
  > raxmlHPC-SSE3 -s /N/u/danschw/Carbonate/GitHub/spore-phage-sigma/phylo/data/align-trim-tree/sigmas_MafftEinsi.trim -m PROTGAMMALG -n EXEC_NAME -p PARSIMONY_SEED
  > raxml-ng --msa /N/u/danschw/Carbonate/GitHub/spore-phage-sigma/phylo/data/align-trim-tree/sigmas_MafftEinsi.trim --model LG
  > paup -s /N/u/danschw/Carbonate/GitHub/spore-phage-sigma/phylo/data/align-trim-tree/sigmas_MafftEinsi.trim
  > iqtree -s /N/u/danschw/Carbonate/GitHub/spore-phage-sigma/phylo/data/align-trim-tree/sigmas_MafftEinsi.trim -m LG

There are 76 different topologies
Topologies written to /N/u/danschw/Carbonate/GitHub/spore-phage-sigma/phylo/data/align-trim-tree/model.out.topos

topo_id   models_count   bic_support   aic_support   aicc_support
-----------------------------------------------------------------
     22              1       1.00000       1.00000       0.00000
     35              1       0.00000       0.00000       0.00000
     20              1       0.00000       0.00000       0.00000
      3              1       0.00000       0.00000       0.00000
     32              1       0.00000       0.00000       0.00000
     25              1       0.00000       0.00000       0.00000
     31              1       0.00000       0.00000       0.00000
     30              1       0.00000       0.00000       0.00000
      8              1       0.00000       0.00000       0.00000
     33              1       0.00000       0.00000       0.00000
     37              1       0.00000       0.00000       0.00000
      7              1       0.00000       0.00000       0.00000
     10              1       0.00000       0.00000       0.00000
      5              1       0.00000       0.00000       0.00000
     17              1       0.00000       0.00000       0.00000
     24              1       0.00000       0.00000       0.00000
     60              1       0.00000       0.00000       0.99996
      1              1       0.00000       0.00000       0.00000
     19              1       0.00000       0.00000       0.00000
     58              1       0.00000       0.00000       0.00004
     38              1       0.00000       0.00000       0.00000
     73              1       0.00000       0.00000       0.00000
      2              1       0.00000       0.00000       0.00000
      4              1       0.00000       0.00000       0.00000
     26              1       0.00000       0.00000       0.00000
     75              1       0.00000       0.00000       0.00000
     13              1       0.00000       0.00000       0.00000
     70              1       0.00000       0.00000       0.00000
      9              1       0.00000       0.00000       0.00000
      6              1       0.00000       0.00000       0.00000
     41              1       0.00000       0.00000       0.00000
     69              1       0.00000       0.00000       0.00000
     48              1       0.00000       0.00000       0.00000
     45              1       0.00000       0.00000       0.00000
     63              1       0.00000       0.00000       0.00000
     56              1       0.00000       0.00000       0.00000
     57              1       0.00000       0.00000       0.00000
     55              1       0.00000       0.00000       0.00000
     76              1       0.00000       0.00000       0.00000
     54              1       0.00000       0.00000       0.00000
     59              1       0.00000       0.00000       0.00000
     53              1       0.00000       0.00000       0.00000
     61              1       0.00000       0.00000       0.00000
     62              1       0.00000       0.00000       0.00000
     64              1       0.00000       0.00000       0.00000
     65              1       0.00000       0.00000       0.00000
     66              1       0.00000       0.00000       0.00000
     67              1       0.00000       0.00000       0.00000
     68              1       0.00000       0.00000       0.00000
     71              1       0.00000       0.00000       0.00000
     72              1       0.00000       0.00000       0.00000
     74              1       0.00000       0.00000       0.00000
     34              1       0.00000       0.00000       0.00000
     11              1       0.00000       0.00000       0.00000
     12              1       0.00000       0.00000       0.00000
     14              1       0.00000       0.00000       0.00000
     15              1       0.00000       0.00000       0.00000
     16              1       0.00000       0.00000       0.00000
     18              1       0.00000       0.00000       0.00000
     21              1       0.00000       0.00000       0.00000
     23              1       0.00000       0.00000       0.00000
     27              1       0.00000       0.00000       0.00000
     28              1       0.00000       0.00000       0.00000
     29              1       0.00000       0.00000       0.00000
     52              1       0.00000       0.00000       0.00000
     36              1       0.00000       0.00000       0.00000
     39              1       0.00000       0.00000       0.00000
     40              1       0.00000       0.00000       0.00000
     42              1       0.00000       0.00000       0.00000
     43              1       0.00000       0.00000       0.00000
     44              1       0.00000       0.00000       0.00000
     46              1       0.00000       0.00000       0.00000
     47              1       0.00000       0.00000       0.00000
     49              1       0.00000       0.00000       0.00000
     50              1       0.00000       0.00000       0.00000
     51              1       0.00000       0.00000       0.00000

extended majority-rule consensus: ((YP_009287107.1-phage,(YP_009285170.1-phage,(YP_009282621.1-phage,YP_009036291.1-phage)[1.00000])[1.00000])[1.00000],(YP_009281029.1-phage,(YP_009279398.1-phage,(YP_009284554.1-phage,YP_009036672.1-phage)[1.00000])[1.00000])[1.00000],(YP_009280599.1-phage,(YP_009291801.1-phage,(YP_009278239.1-phage,(YP_004957160.1-phage,((YP_009035402.1-phage,((YP_006907438.1-phage,(YP_009035734.1-phage,YP_009037113.1-phage)[1.00000])[1.00000],((YP_006908372.1-phage,(YP_009206562.1-phage,YP_008771228.1-phage)[1.00000])[1.00000],(((YP_009199141.1-phage,((WP_011860953.1-bacteria,(((((WP_003230458.1-bacteria,WP_000350729.1-bacteria)[1.00000],(YP_009151040.1-phage,(WP_003416101.1-bacteria,(WP_000197755.1-bacteria,WP_009967190.1-bacteria)[1.00000])[1.00000])[1.00000])[1.00000],((YP_009151728.1-phage,YP_009274876.1-phage)[1.00000],(YP_009207005.1-phage,(YP_006907943.1-phage,(YP_009196951.1-phage,(YP_008770783.1-phage,(YP_009203671.1-phage,YP_008771969.1-phage)[1.00000])[1.00000])[1.00000])[1.00000])[1.00000])[1.00000])[1.00000],((YP_009215850.1-phage,(YP_009099262.1-phage,YP_009216068.1-phage)[1.00000])[1.00000],((YP_008772001.1-phage,(YP_009196983.1-phage,(YP_009203702.1-phage,YP_008770814.1-phage)[1.00000])[1.00000])[1.00000],(YP_008769990.1-phage,YP_002300332.1-phage)[1.00000])[1.00000])[1.00000])[1.00000],((((WP_021361826.1-bacteria,(WP_000051382.1-bacteria,(WP_003416098.1-bacteria,(YP_009850160.1-phage,(WP_003221446.1-bacteria,WP_000976948.1-bacteria)[1.00000])[1.00000])[1.00000])[1.00000])[1.00000],(YP_008318421.1-phage,YP_008771532.1-phage)[1.00000])[1.00000],(((NP_631334.1-bacteria,NP_624912.1-bacteria)[1.00000],((NP_627288.1-bacteria,((NP_628217.1-bacteria,NP_628216.1-bacteria)[1.00000],(NP_629389.1-bacteria,(NP_217803.1-bacteria,(NP_631395.1-bacteria,(NP_631369.1-bacteria,NP_630601.1-bacteria)[1.00000])[1.00000])[1.00000])[1.00000])[1.00000])[1.00000],(WP_003420464.1-bacteria,(WP_011244619.1-bacteria,WP_011244805.1-bacteria)[1.00000])[1.00000])[1.00000])[1.00000],((YP_009274875.1-phage,YP_009151727.1-phage)[1.00000],(NP_464421.1-bacteria,(WP_002164611.1-bacteria,WP_003246715.1-bacteria)[1.00000])[1.00000])[1.00000])[1.00000])[1.00000],((YP_009015380.1-phage,(YP_009207004.1-phage,YP_006907944.1-phage)[1.00000])[1.00000],((YP_009840636.1-phage,YP_009832138.1-phage)[1.00000],(((((WP_004081373.1-bacteria,(NP_463774.1-bacteria,(WP_009892548.1-bacteria,(WP_000387193.1-bacteria,WP_003225758.1-bacteria)[1.00000])[1.00000])[1.00000])[1.00000],((WP_100086169.1-bacteria,(WP_026114018.1-bacteria,(WP_016268625.1-bacteria,(((((WP_011552571.1-bacteria,((NP_628295.1-bacteria,WP_014308159.1-bacteria)[1.00000],((WP_008766735.1-bacteria,WP_038497316.1-bacteria)[1.00000],((WP_014301156.1-bacteria,(WP_025594844.1-bacteria,(WP_011002284.1-bacteria,WP_004431393.1-bacteria)[1.00000])[1.00000])[1.00000],(WP_000483035.1-bacteria,(WP_011244401.1-bacteria,NP_624529.1-bacteria)[1.00000])[1.00000])[1.00000])[1.00000])[1.00000])[1.00000],(WP_000840007.1-bacteria,WP_032506877.1-bacteria)[1.00000])[1.00000],(WP_011557133.1-bacteria,(((NP_629020.1-bacteria,WP_038493726.1-bacteria)[1.00000],(WP_026113989.1-bacteria,(WP_011108700.1-bacteria,(WP_020478333.1-bacteria,(WP_011557245.1-bacteria,(NP_639689.1-bacteria,NP_627533.1-bacteria)[1.00000])[1.00000])[1.00000])[1.00000])[1.00000])[1.00000],(WP_003224177.1-bacteria,(WP_004398507.1-bacteria,WP_000824008.1-bacteria)[1.00000])[1.00000])[1.00000])[1.00000])[1.00000],(((WP_008761748.1-bacteria,(WP_003518695.1-bacteria,((((WP_000337509.1-bacteria,WP_003230521.1-bacteria)[1.00000],((WP_011550349.1-bacteria,((NP_625240.1-bacteria,(NP_627178.1-bacteria,(NP_628323.1-bacteria,NP_215249.1-bacteria)[1.00000])[1.00000])[1.00000],(((WP_011002888.1-bacteria,(WP_038497025.1-bacteria,(WP_003513086.1-bacteria,WP_038490951.1-bacteria)[1.00000])[1.00000])[1.00000],(WP_011004896.1-bacteria,NP_627654.1-bacteria)[1.00000])[1.00000],(WP_011554319.1-bacteria,WP_004432061.1-bacteria)[1.00000])[1.00000])[1.00000])[1.00000],(NP_214696.1-bacteria,NP_629048.1-bacteria)[1.00000])[1.00000])[1.00000],(WP_008764719.1-bacteria,(WP_014311116.1-bacteria,(WP_011002009.1-bacteria,WP_080863981.1-bacteria)[1.00000])[1.00000])[1.00000])[1.00000],((NP_627901.1-bacteria,NP_629148.1-bacteria)[1.00000],(NP_629061.1-bacteria,NP_628187.1-bacteria)[1.00000])[1.00000])[1.00000])[1.00000])[1.00000],((((WP_003243678.1-bacteria,(WP_004082042.1-bacteria,WP_011554720.1-bacteria)[1.00000])[1.00000],(WP_025307382.1-bacteria,(WP_003439159.1-bacteria,WP_000864729.1-bacteria)[1.00000])[1.00000])[1.00000],((((((((WP_000438330.1-bacteria,(WP_008763624.1-bacteria,WP_003245485.1-bacteria)[1.00000])[1.00000],(WP_041740603.1-bacteria,(NP_216585.1-bacteria,(NP_625166.1-bacteria,NP_625164.1-bacteria)[1.00000])[1.00000])[1.00000])[1.00000],(WP_001880851.1-bacteria,(NP_463952.1-bacteria,(WP_003436663.1-bacteria,WP_004398891.1-bacteria)[1.00000])[1.00000])[1.00000])[1.00000],(WP_026113852.1-bacteria,WP_011554312.1-bacteria)[1.00000])[1.00000],(WP_011244481.1-bacteria,((WP_021334972.1-bacteria,NP_215737.1-bacteria)[1.00000],(NP_629295.1-bacteria,WP_027480180.1-bacteria)[1.00000])[1.00000])[1.00000])[1.00000],(WP_011554150.1-bacteria,(NP_629363.1-bacteria,(WP_014318785.1-bacteria,NP_217739.1-bacteria)[1.00000])[1.00000])[1.00000])[1.00000],(WP_071740389.1-bacteria,(WP_000675556.1-bacteria,WP_000391642.1-bacteria)[1.00000])[1.00000])[1.00000],(WP_008761066.1-bacteria,(WP_003234958.1-bacteria,(WP_026114044.1-bacteria,(WP_011553969.1-bacteria,(WP_025307296.1-bacteria,(NP_249453.1-bacteria,(WP_003264474.1-bacteria,(NP_417068.1-bacteria,WP_001005346.1-bacteria)[1.00000])[1.00000])[1.00000])[1.00000])[1.00000])[1.00000])[1.00000])[1.00000])[1.00000])[1.00000],(((WP_008760363.1-bacteria,(WP_004585541.1-bacteria,WP_008760019.1-bacteria)[1.00000])[1.00000],(WP_004308114.1-bacteria,(WP_004583457.1-bacteria,(WP_008762155.1-bacteria,(WP_008763441.1-bacteria,(WP_062695819.1-bacteria,WP_011108357.1-bacteria)[1.00000])[1.00000])[1.00000])[1.00000])[1.00000])[1.00000],(WP_012457515.1-bacteria,(NP_251975.1-bacteria,WP_008767733.1-bacteria)[1.00000])[1.00000])[1.00000])[1.00000])[1.00000],(WP_020478156.1-bacteria,(WP_011555464.1-bacteria,WP_011554965.1-bacteria)[1.00000])[1.00000])[1.00000])[1.00000],(((WP_008765767.1-bacteria,(WP_155250046.1-bacteria,((NP_418713.1-bacteria,((NP_249366.1-bacteria,NP_249991.1-bacteria)[1.00000],(NP_252588.1-bacteria,NP_250602.1-bacteria)[1.00000])[1.00000])[1.00000],(NP_624495.1-bacteria,(((WP_008766239.1-bacteria,(WP_004583806.1-bacteria,NP_251586.1-bacteria)[1.00000])[1.00000],(WP_021665844.1-bacteria,(NP_251116.1-bacteria,WP_003511036.1-bacteria)[1.00000])[1.00000])[1.00000],(WP_008760422.1-bacteria,(WP_011108473.1-bacteria,WP_008767954.1-bacteria)[1.00000])[1.00000])[1.00000])[1.00000])[1.00000])[1.00000])[1.00000],(WP_000869257.1-bacteria,((NP_248839.1-bacteria,NP_252100.1-bacteria)[1.00000],(WP_008764987.1-bacteria,WP_005681497.1-bacteria)[1.00000])[1.00000])[1.00000])[1.00000],(WP_008763658.1-bacteria,(WP_013944800.1-bacteria,(WP_008764619.1-bacteria,(WP_011552470.1-bacteria,(WP_003513560.1-bacteria,WP_011553459.1-bacteria)[1.00000])[1.00000])[1.00000])[1.00000])[1.00000])[1.00000])[1.00000])[1.00000])[1.00000])[1.00000],(YP_008129905.1-phage,(YP_007003440.1-phage,((YP_009099117.1-phage,(YP_009216142.1-phage,YP_009215922.1-phage)[1.00000])[1.00000],(YP_008770058.1-phage,YP_002300398.1-phage)[1.00000])[1.00000])[1.00000])[1.00000])[1.00000])[1.00000],(WP_004080667.1-bacteria,(NP_416432.3-bacteria,((NP_250146.1-bacteria,WP_001030417.1-bacteria)[1.00000],(WP_170864009.1-bacteria,(WP_025309103.1-bacteria,((WP_003435969.1-bacteria,(YP_002343525.1-bacteria,WP_000602430.1-bacteria)[1.00000])[1.00000],(NP_629755.1-bacteria,(WP_014342819.1-bacteria,WP_003220911.1-bacteria)[1.00000])[1.00000])[1.00000])[1.00000])[1.00000])[1.00000])[1.00000])[1.00000])[1.00000],((WP_011130162.1-bacteria,((((((WP_003851800.1-bacteria,NP_217226.1-bacteria)[1.00000],(((WP_011129835.1-bacteria,((WP_011131610.1-bacteria,WP_011243265.1-bacteria)[1.00000],(WP_011129725.1-bacteria,WP_011378081.1-bacteria)[1.00000])[1.00000])[1.00000],((WP_011130440.1-bacteria,WP_157859911.1-bacteria)[1.00000],(WP_011377675.1-bacteria,WP_011244655.1-bacteria)[1.00000])[1.00000])[1.00000],(WP_011131581.1-bacteria,WP_011244555.1-bacteria)[1.00000])[1.00000])[1.00000],(((NP_417221.1-bacteria,WP_000116737.1-bacteria)[1.00000],(WP_011001157.1-bacteria,NP_252312.1-bacteria)[1.00000])[1.00000],((NP_625194.1-bacteria,NP_627416.1-bacteria)[1.00000],(WP_010882456.1-bacteria,(WP_008766632.1-bacteria,WP_012457665.1-bacteria)[1.00000])[1.00000])[1.00000])[1.00000])[1.00000],(NP_626707.1-bacteria,(NP_217219.1-bacteria,(WP_003851787.1-bacteria,NP_629943.1-bacteria)[1.00000])[1.00000])[1.00000])[1.00000],(WP_009889336.1-bacteria,((WP_002656292.1-bacteria,WP_010881942.1-bacteria)[1.00000],((WP_161595577.1-bacteria,YP_002344396.1-bacteria)[1.00000],((WP_081422183.1-bacteria,WP_041384505.1-bacteria)[1.00000],(((WP_038962216.1-bacteria,(WP_000372618.1-bacteria,(NP_417539.1-bacteria,NP_249267.1-bacteria)[1.00000])[1.00000])[1.00000],((WP_003429425.1-bacteria,(WP_000764065.1-bacteria,(NP_464979.1-bacteria,WP_003226225.1-bacteria)[1.00000])[1.00000])[1.00000],(WP_011555174.1-bacteria,(WP_003513359.1-bacteria,WP_025306971.1-bacteria)[1.00000])[1.00000])[1.00000])[1.00000],(WP_002635080.1-bacteria,WP_004081730.1-bacteria)[1.00000])[1.00000])[1.00000])[1.00000])[1.00000])[1.00000])[1.00000],(WP_002557358.1-bacteria,(WP_026113872.1-bacteria,(WP_020478595.1-bacteria,(WP_025309100.1-bacteria,((WP_020478755.1-bacteria,WP_011556153.1-bacteria)[1.00000],((WP_000184359.1-bacteria,(NP_417918.1-bacteria,(NP_249067.1-bacteria,WP_011000337.1-bacteria)[1.00000])[1.00000])[1.00000],(WP_003491840.1-bacteria,WP_026113799.1-bacteria)[1.00000])[1.00000])[1.00000])[1.00000])[1.00000])[1.00000])[1.00000])[1.00000])[1.00000],(YP_009056357.1-phage,(YP_009226946.1-phage,YP_007349306.1-phage)[1.00000])[1.00000])[1.00000])[1.00000],((YP_009196176.1-phage,(YP_007003377.1-phage,(YP_009285401.1-phage,(YP_009626754.1-phage,(YP_009031481.1-phage,(YP_007677008.1-phage,(YP_009149125.1-phage,YP_009149687.1-phage)[1.00000])[1.00000])[1.00000])[1.00000])[1.00000])[1.00000])[1.00000],((YP_338218.1-phage,(YP_460001.1-phage,YP_512346.1-phage)[1.00000])[1.00000],(YP_009285288.1-phage,(YP_009830772.1-phage,YP_009830054.1-phage)[1.00000])[1.00000])[1.00000])[1.00000])[1.00000])[1.00000])[1.00000])[1.00000])[1.00000])[1.00000],(YP_009850103.1-phage,(YP_009199135.1-phage,((((((YP_008770602.1-phage,(YP_007517663.1-phage,(YP_009592276.1-phage,(YP_008771870.1-phage,YP_007517433.1-phage)[1.00000])[1.00000])[1.00000])[1.00000],(YP_007517509.1-phage,(YP_008770680.1-phage,YP_007517589.1-phage)[1.00000])[1.00000])[1.00000],(((YP_007003457.1-phage,((YP_008770092.1-phage,YP_002300430.1-phage)[1.00000],(YP_009099149.1-phage,(YP_009216173.1-phage,YP_009215953.1-phage)[1.00000])[1.00000])[1.00000])[1.00000],((((YP_006908410.1-phage,(YP_008770388.1-phage,(YP_009055929.1-phage,(YP_009206524.1-phage,(YP_008771190.1-phage,(YP_009290042.1-phage,YP_008430954.1-phage)[1.00000])[1.00000])[1.00000])[1.00000])[1.00000])[1.00000],((YP_009037083.1-phage,(YP_009035701.1-phage,(YP_006907409.1-phage,YP_009035374.1-phage)[1.00000])[1.00000])[1.00000],(YP_004957120.1-phage,(YP_009036624.1-phage,(YP_009280555.1-phage,(YP_009291759.1-phage,(YP_009279351.1-phage,(YP_006907735.1-phage,(YP_009287061.1-phage,(YP_009036248.1-phage,(YP_009284509.1-phage,(YP_009282577.1-phage,(YP_009282131.1-phage,(YP_009280984.1-phage,(YP_009003061.1-phage,(YP_009285127.1-phage,YP_009278201.1-phage)[1.00000])[1.00000])[1.00000])[1.00000])[1.00000])[1.00000])[1.00000])[1.00000])[1.00000])[1.00000])[1.00000])[1.00000])[1.00000])[1.00000])[1.00000])[1.00000],((YP_009274835.1-phage,YP_009151693.1-phage)[1.00000],(((YP_007677062.1-phage,(YP_009149728.1-phage,(YP_009626704.1-phage,(YP_009031424.1-phage,(YP_009285446.1-phage,YP_009149167.1-phage)[1.00000])[1.00000])[1.00000])[1.00000])[1.00000],((YP_009275337.1-phage,YP_009625809.1-phage)[1.00000],(YP_009840610.1-phage,((YP_009832112.1-phage,((YP_009206960.1-phage,YP_006907988.1-phage)[1.00000],(YP_008318397.1-phage,YP_008771504.1-phage)[1.00000])[1.00000])[1.00000],(YP_009850071.1-phage,YP_009151070.1-phage)[1.00000])[1.00000])[1.00000])[1.00000])[1.00000],(YP_009056383.1-phage,(YP_009226967.1-phage,YP_007349329.1-phage)[1.00000])[1.00000])[1.00000])[1.00000])[1.00000],(YP_002790835.1-phage,((YP_009843985.1-phage,YP_009844328.1-phage)[1.00000],(YP_009222342.1-phage,(YP_009844105.1-phage,(YP_009798107.1-phage,(YP_009798418.1-phage,(YP_009814287.1-phage,(YP_009814457.1-phage,YP_009818180.1-phage)[1.00000])[1.00000])[1.00000])[1.00000])[1.00000])[1.00000])[1.00000])[1.00000])[1.00000])[1.00000],(YP_009196909.1-phage,(YP_009203629.1-phage,(YP_008770739.1-phage,YP_008771927.1-phage)[1.00000])[1.00000])[1.00000])[1.00000])[1.00000],(YP_009009184.1-phage,(YP_007004340.1-phage,(YP_006488705.1-phage,YP_009829851.1-phage)[1.00000])[1.00000])[1.00000])[1.00000],(WP_003245855.1-bacteria,(YP_009226947.1-phage,(YP_009056358.1-phage,YP_007349307.1-phage)[1.00000])[1.00000])[1.00000])[1.00000],(YP_009151513.1-phage,(YP_009197513.1-phage,(YP_009210079.1-phage,(YP_008770551.1-phage,(YP_009152845.1-phage,YP_008771361.1-phage)[1.00000])[1.00000])[1.00000])[1.00000])[1.00000])[1.00000])[1.00000])[1.00000])[1.00000])[1.00000],(YP_009829866.1-phage,(YP_008770421.1-phage,(YP_008430993.1-phage,(YP_009290078.1-phage,YP_009055966.1-phage)[1.00000])[1.00000])[1.00000])[1.00000])[1.00000],(YP_009285400.1-phage,(YP_007677007.1-phage,((YP_009031482.1-phage,YP_009626755.1-phage)[1.00000],(YP_009149124.1-phage,YP_009149686.1-phage)[1.00000])[1.00000])[1.00000])[1.00000])[1.00000])[1.00000])[1.00000])[1.00000],(YP_009282173.1-phage,(YP_009003022.1-phage,YP_006907696.1-phage)[1.00000])[1.00000])[1.00000])[1.00000])[1.00000])[1.00000])[1.00000]);
strict consensus: ((YP_009287107.1-phage,(YP_009285170.1-phage,(YP_009282621.1-phage,YP_009036291.1-phage)[1.00000])[1.00000])[1.00000],(YP_009281029.1-phage,(YP_009279398.1-phage,(YP_009284554.1-phage,YP_009036672.1-phage)[1.00000])[1.00000])[1.00000],(YP_009280599.1-phage,(YP_009291801.1-phage,(YP_009278239.1-phage,(YP_004957160.1-phage,((YP_009035402.1-phage,((YP_006907438.1-phage,(YP_009035734.1-phage,YP_009037113.1-phage)[1.00000])[1.00000],((YP_006908372.1-phage,(YP_009206562.1-phage,YP_008771228.1-phage)[1.00000])[1.00000],(((YP_009199141.1-phage,((WP_011860953.1-bacteria,(((((WP_003230458.1-bacteria,WP_000350729.1-bacteria)[1.00000],(YP_009151040.1-phage,(WP_003416101.1-bacteria,(WP_000197755.1-bacteria,WP_009967190.1-bacteria)[1.00000])[1.00000])[1.00000])[1.00000],((YP_009151728.1-phage,YP_009274876.1-phage)[1.00000],(YP_009207005.1-phage,(YP_006907943.1-phage,(YP_009196951.1-phage,(YP_008770783.1-phage,(YP_009203671.1-phage,YP_008771969.1-phage)[1.00000])[1.00000])[1.00000])[1.00000])[1.00000])[1.00000])[1.00000],((YP_009215850.1-phage,(YP_009099262.1-phage,YP_009216068.1-phage)[1.00000])[1.00000],((YP_008772001.1-phage,(YP_009196983.1-phage,(YP_009203702.1-phage,YP_008770814.1-phage)[1.00000])[1.00000])[1.00000],(YP_008769990.1-phage,YP_002300332.1-phage)[1.00000])[1.00000])[1.00000])[1.00000],((((WP_021361826.1-bacteria,(WP_000051382.1-bacteria,(WP_003416098.1-bacteria,(YP_009850160.1-phage,(WP_003221446.1-bacteria,WP_000976948.1-bacteria)[1.00000])[1.00000])[1.00000])[1.00000])[1.00000],(YP_008318421.1-phage,YP_008771532.1-phage)[1.00000])[1.00000],(((NP_631334.1-bacteria,NP_624912.1-bacteria)[1.00000],((NP_627288.1-bacteria,((NP_628217.1-bacteria,NP_628216.1-bacteria)[1.00000],(NP_629389.1-bacteria,(NP_217803.1-bacteria,(NP_631395.1-bacteria,(NP_631369.1-bacteria,NP_630601.1-bacteria)[1.00000])[1.00000])[1.00000])[1.00000])[1.00000])[1.00000],(WP_003420464.1-bacteria,(WP_011244619.1-bacteria,WP_011244805.1-bacteria)[1.00000])[1.00000])[1.00000])[1.00000],((YP_009274875.1-phage,YP_009151727.1-phage)[1.00000],(NP_464421.1-bacteria,(WP_002164611.1-bacteria,WP_003246715.1-bacteria)[1.00000])[1.00000])[1.00000])[1.00000])[1.00000],((YP_009015380.1-phage,(YP_009207004.1-phage,YP_006907944.1-phage)[1.00000])[1.00000],((YP_009840636.1-phage,YP_009832138.1-phage)[1.00000],(((((WP_004081373.1-bacteria,(NP_463774.1-bacteria,(WP_009892548.1-bacteria,(WP_000387193.1-bacteria,WP_003225758.1-bacteria)[1.00000])[1.00000])[1.00000])[1.00000],((WP_100086169.1-bacteria,(WP_026114018.1-bacteria,(WP_016268625.1-bacteria,(((((WP_011552571.1-bacteria,((NP_628295.1-bacteria,WP_014308159.1-bacteria)[1.00000],((WP_008766735.1-bacteria,WP_038497316.1-bacteria)[1.00000],((WP_014301156.1-bacteria,(WP_025594844.1-bacteria,(WP_011002284.1-bacteria,WP_004431393.1-bacteria)[1.00000])[1.00000])[1.00000],(WP_000483035.1-bacteria,(WP_011244401.1-bacteria,NP_624529.1-bacteria)[1.00000])[1.00000])[1.00000])[1.00000])[1.00000])[1.00000],(WP_000840007.1-bacteria,WP_032506877.1-bacteria)[1.00000])[1.00000],(WP_011557133.1-bacteria,(((NP_629020.1-bacteria,WP_038493726.1-bacteria)[1.00000],(WP_026113989.1-bacteria,(WP_011108700.1-bacteria,(WP_020478333.1-bacteria,(WP_011557245.1-bacteria,(NP_639689.1-bacteria,NP_627533.1-bacteria)[1.00000])[1.00000])[1.00000])[1.00000])[1.00000])[1.00000],(WP_003224177.1-bacteria,(WP_004398507.1-bacteria,WP_000824008.1-bacteria)[1.00000])[1.00000])[1.00000])[1.00000])[1.00000],(((WP_008761748.1-bacteria,(WP_003518695.1-bacteria,((((WP_000337509.1-bacteria,WP_003230521.1-bacteria)[1.00000],((WP_011550349.1-bacteria,((NP_625240.1-bacteria,(NP_627178.1-bacteria,(NP_628323.1-bacteria,NP_215249.1-bacteria)[1.00000])[1.00000])[1.00000],(((WP_011002888.1-bacteria,(WP_038497025.1-bacteria,(WP_003513086.1-bacteria,WP_038490951.1-bacteria)[1.00000])[1.00000])[1.00000],(WP_011004896.1-bacteria,NP_627654.1-bacteria)[1.00000])[1.00000],(WP_011554319.1-bacteria,WP_004432061.1-bacteria)[1.00000])[1.00000])[1.00000])[1.00000],(NP_214696.1-bacteria,NP_629048.1-bacteria)[1.00000])[1.00000])[1.00000],(WP_008764719.1-bacteria,(WP_014311116.1-bacteria,(WP_011002009.1-bacteria,WP_080863981.1-bacteria)[1.00000])[1.00000])[1.00000])[1.00000],((NP_627901.1-bacteria,NP_629148.1-bacteria)[1.00000],(NP_629061.1-bacteria,NP_628187.1-bacteria)[1.00000])[1.00000])[1.00000])[1.00000])[1.00000],((((WP_003243678.1-bacteria,(WP_004082042.1-bacteria,WP_011554720.1-bacteria)[1.00000])[1.00000],(WP_025307382.1-bacteria,(WP_003439159.1-bacteria,WP_000864729.1-bacteria)[1.00000])[1.00000])[1.00000],((((((((WP_000438330.1-bacteria,(WP_008763624.1-bacteria,WP_003245485.1-bacteria)[1.00000])[1.00000],(WP_041740603.1-bacteria,(NP_216585.1-bacteria,(NP_625166.1-bacteria,NP_625164.1-bacteria)[1.00000])[1.00000])[1.00000])[1.00000],(WP_001880851.1-bacteria,(NP_463952.1-bacteria,(WP_003436663.1-bacteria,WP_004398891.1-bacteria)[1.00000])[1.00000])[1.00000])[1.00000],(WP_026113852.1-bacteria,WP_011554312.1-bacteria)[1.00000])[1.00000],(WP_011244481.1-bacteria,((WP_021334972.1-bacteria,NP_215737.1-bacteria)[1.00000],(NP_629295.1-bacteria,WP_027480180.1-bacteria)[1.00000])[1.00000])[1.00000])[1.00000],(WP_011554150.1-bacteria,(NP_629363.1-bacteria,(WP_014318785.1-bacteria,NP_217739.1-bacteria)[1.00000])[1.00000])[1.00000])[1.00000],(WP_071740389.1-bacteria,(WP_000675556.1-bacteria,WP_000391642.1-bacteria)[1.00000])[1.00000])[1.00000],(WP_008761066.1-bacteria,(WP_003234958.1-bacteria,(WP_026114044.1-bacteria,(WP_011553969.1-bacteria,(WP_025307296.1-bacteria,(NP_249453.1-bacteria,(WP_003264474.1-bacteria,(NP_417068.1-bacteria,WP_001005346.1-bacteria)[1.00000])[1.00000])[1.00000])[1.00000])[1.00000])[1.00000])[1.00000])[1.00000])[1.00000])[1.00000],(((WP_008760363.1-bacteria,(WP_004585541.1-bacteria,WP_008760019.1-bacteria)[1.00000])[1.00000],(WP_004308114.1-bacteria,(WP_004583457.1-bacteria,(WP_008762155.1-bacteria,(WP_008763441.1-bacteria,(WP_062695819.1-bacteria,WP_011108357.1-bacteria)[1.00000])[1.00000])[1.00000])[1.00000])[1.00000])[1.00000],(WP_012457515.1-bacteria,(NP_251975.1-bacteria,WP_008767733.1-bacteria)[1.00000])[1.00000])[1.00000])[1.00000])[1.00000],(WP_020478156.1-bacteria,(WP_011555464.1-bacteria,WP_011554965.1-bacteria)[1.00000])[1.00000])[1.00000])[1.00000],(((WP_008765767.1-bacteria,(WP_155250046.1-bacteria,((NP_418713.1-bacteria,((NP_249366.1-bacteria,NP_249991.1-bacteria)[1.00000],(NP_252588.1-bacteria,NP_250602.1-bacteria)[1.00000])[1.00000])[1.00000],(NP_624495.1-bacteria,(((WP_008766239.1-bacteria,(WP_004583806.1-bacteria,NP_251586.1-bacteria)[1.00000])[1.00000],(WP_021665844.1-bacteria,(NP_251116.1-bacteria,WP_003511036.1-bacteria)[1.00000])[1.00000])[1.00000],(WP_008760422.1-bacteria,(WP_011108473.1-bacteria,WP_008767954.1-bacteria)[1.00000])[1.00000])[1.00000])[1.00000])[1.00000])[1.00000])[1.00000],(WP_000869257.1-bacteria,((NP_248839.1-bacteria,NP_252100.1-bacteria)[1.00000],(WP_008764987.1-bacteria,WP_005681497.1-bacteria)[1.00000])[1.00000])[1.00000])[1.00000],(WP_008763658.1-bacteria,(WP_013944800.1-bacteria,(WP_008764619.1-bacteria,(WP_011552470.1-bacteria,(WP_003513560.1-bacteria,WP_011553459.1-bacteria)[1.00000])[1.00000])[1.00000])[1.00000])[1.00000])[1.00000])[1.00000])[1.00000])[1.00000])[1.00000],(YP_008129905.1-phage,(YP_007003440.1-phage,((YP_009099117.1-phage,(YP_009216142.1-phage,YP_009215922.1-phage)[1.00000])[1.00000],(YP_008770058.1-phage,YP_002300398.1-phage)[1.00000])[1.00000])[1.00000])[1.00000])[1.00000])[1.00000],(WP_004080667.1-bacteria,(NP_416432.3-bacteria,((NP_250146.1-bacteria,WP_001030417.1-bacteria)[1.00000],(WP_170864009.1-bacteria,(WP_025309103.1-bacteria,((WP_003435969.1-bacteria,(YP_002343525.1-bacteria,WP_000602430.1-bacteria)[1.00000])[1.00000],(NP_629755.1-bacteria,(WP_014342819.1-bacteria,WP_003220911.1-bacteria)[1.00000])[1.00000])[1.00000])[1.00000])[1.00000])[1.00000])[1.00000])[1.00000])[1.00000],((WP_011130162.1-bacteria,((((((WP_003851800.1-bacteria,NP_217226.1-bacteria)[1.00000],(((WP_011129835.1-bacteria,((WP_011131610.1-bacteria,WP_011243265.1-bacteria)[1.00000],(WP_011129725.1-bacteria,WP_011378081.1-bacteria)[1.00000])[1.00000])[1.00000],((WP_011130440.1-bacteria,WP_157859911.1-bacteria)[1.00000],(WP_011377675.1-bacteria,WP_011244655.1-bacteria)[1.00000])[1.00000])[1.00000],(WP_011131581.1-bacteria,WP_011244555.1-bacteria)[1.00000])[1.00000])[1.00000],(((NP_417221.1-bacteria,WP_000116737.1-bacteria)[1.00000],(WP_011001157.1-bacteria,NP_252312.1-bacteria)[1.00000])[1.00000],((NP_625194.1-bacteria,NP_627416.1-bacteria)[1.00000],(WP_010882456.1-bacteria,(WP_008766632.1-bacteria,WP_012457665.1-bacteria)[1.00000])[1.00000])[1.00000])[1.00000])[1.00000],(NP_626707.1-bacteria,(NP_217219.1-bacteria,(WP_003851787.1-bacteria,NP_629943.1-bacteria)[1.00000])[1.00000])[1.00000])[1.00000],(WP_009889336.1-bacteria,((WP_002656292.1-bacteria,WP_010881942.1-bacteria)[1.00000],((WP_161595577.1-bacteria,YP_002344396.1-bacteria)[1.00000],((WP_081422183.1-bacteria,WP_041384505.1-bacteria)[1.00000],(((WP_038962216.1-bacteria,(WP_000372618.1-bacteria,(NP_417539.1-bacteria,NP_249267.1-bacteria)[1.00000])[1.00000])[1.00000],((WP_003429425.1-bacteria,(WP_000764065.1-bacteria,(NP_464979.1-bacteria,WP_003226225.1-bacteria)[1.00000])[1.00000])[1.00000],(WP_011555174.1-bacteria,(WP_003513359.1-bacteria,WP_025306971.1-bacteria)[1.00000])[1.00000])[1.00000])[1.00000],(WP_002635080.1-bacteria,WP_004081730.1-bacteria)[1.00000])[1.00000])[1.00000])[1.00000])[1.00000])[1.00000])[1.00000],(WP_002557358.1-bacteria,(WP_026113872.1-bacteria,(WP_020478595.1-bacteria,(WP_025309100.1-bacteria,((WP_020478755.1-bacteria,WP_011556153.1-bacteria)[1.00000],((WP_000184359.1-bacteria,(NP_417918.1-bacteria,(NP_249067.1-bacteria,WP_011000337.1-bacteria)[1.00000])[1.00000])[1.00000],(WP_003491840.1-bacteria,WP_026113799.1-bacteria)[1.00000])[1.00000])[1.00000])[1.00000])[1.00000])[1.00000])[1.00000])[1.00000])[1.00000],(YP_009056357.1-phage,(YP_009226946.1-phage,YP_007349306.1-phage)[1.00000])[1.00000])[1.00000])[1.00000],((YP_009196176.1-phage,(YP_007003377.1-phage,(YP_009285401.1-phage,(YP_009626754.1-phage,(YP_009031481.1-phage,(YP_007677008.1-phage,(YP_009149125.1-phage,YP_009149687.1-phage)[1.00000])[1.00000])[1.00000])[1.00000])[1.00000])[1.00000])[1.00000],((YP_338218.1-phage,(YP_460001.1-phage,YP_512346.1-phage)[1.00000])[1.00000],(YP_009285288.1-phage,(YP_009830772.1-phage,YP_009830054.1-phage)[1.00000])[1.00000])[1.00000])[1.00000])[1.00000])[1.00000])[1.00000])[1.00000])[1.00000])[1.00000],(YP_009850103.1-phage,(YP_009199135.1-phage,((((((YP_008770602.1-phage,(YP_007517663.1-phage,(YP_009592276.1-phage,(YP_008771870.1-phage,YP_007517433.1-phage)[1.00000])[1.00000])[1.00000])[1.00000],(YP_007517509.1-phage,(YP_008770680.1-phage,YP_007517589.1-phage)[1.00000])[1.00000])[1.00000],(((YP_007003457.1-phage,((YP_008770092.1-phage,YP_002300430.1-phage)[1.00000],(YP_009099149.1-phage,(YP_009216173.1-phage,YP_009215953.1-phage)[1.00000])[1.00000])[1.00000])[1.00000],((((YP_006908410.1-phage,(YP_008770388.1-phage,(YP_009055929.1-phage,(YP_009206524.1-phage,(YP_008771190.1-phage,(YP_009290042.1-phage,YP_008430954.1-phage)[1.00000])[1.00000])[1.00000])[1.00000])[1.00000])[1.00000],((YP_009037083.1-phage,(YP_009035701.1-phage,(YP_006907409.1-phage,YP_009035374.1-phage)[1.00000])[1.00000])[1.00000],(YP_004957120.1-phage,(YP_009036624.1-phage,(YP_009280555.1-phage,(YP_009291759.1-phage,(YP_009279351.1-phage,(YP_006907735.1-phage,(YP_009287061.1-phage,(YP_009036248.1-phage,(YP_009284509.1-phage,(YP_009282577.1-phage,(YP_009282131.1-phage,(YP_009280984.1-phage,(YP_009003061.1-phage,(YP_009285127.1-phage,YP_009278201.1-phage)[1.00000])[1.00000])[1.00000])[1.00000])[1.00000])[1.00000])[1.00000])[1.00000])[1.00000])[1.00000])[1.00000])[1.00000])[1.00000])[1.00000])[1.00000])[1.00000],((YP_009274835.1-phage,YP_009151693.1-phage)[1.00000],(((YP_007677062.1-phage,(YP_009149728.1-phage,(YP_009626704.1-phage,(YP_009031424.1-phage,(YP_009285446.1-phage,YP_009149167.1-phage)[1.00000])[1.00000])[1.00000])[1.00000])[1.00000],((YP_009275337.1-phage,YP_009625809.1-phage)[1.00000],(YP_009840610.1-phage,((YP_009832112.1-phage,((YP_009206960.1-phage,YP_006907988.1-phage)[1.00000],(YP_008318397.1-phage,YP_008771504.1-phage)[1.00000])[1.00000])[1.00000],(YP_009850071.1-phage,YP_009151070.1-phage)[1.00000])[1.00000])[1.00000])[1.00000])[1.00000],(YP_009056383.1-phage,(YP_009226967.1-phage,YP_007349329.1-phage)[1.00000])[1.00000])[1.00000])[1.00000])[1.00000],(YP_002790835.1-phage,((YP_009843985.1-phage,YP_009844328.1-phage)[1.00000],(YP_009222342.1-phage,(YP_009844105.1-phage,(YP_009798107.1-phage,(YP_009798418.1-phage,(YP_009814287.1-phage,(YP_009814457.1-phage,YP_009818180.1-phage)[1.00000])[1.00000])[1.00000])[1.00000])[1.00000])[1.00000])[1.00000])[1.00000])[1.00000])[1.00000],(YP_009196909.1-phage,(YP_009203629.1-phage,(YP_008770739.1-phage,YP_008771927.1-phage)[1.00000])[1.00000])[1.00000])[1.00000])[1.00000],(YP_009009184.1-phage,(YP_007004340.1-phage,(YP_006488705.1-phage,YP_009829851.1-phage)[1.00000])[1.00000])[1.00000])[1.00000],(WP_003245855.1-bacteria,(YP_009226947.1-phage,(YP_009056358.1-phage,YP_007349307.1-phage)[1.00000])[1.00000])[1.00000])[1.00000],(YP_009151513.1-phage,(YP_009197513.1-phage,(YP_009210079.1-phage,(YP_008770551.1-phage,(YP_009152845.1-phage,YP_008771361.1-phage)[1.00000])[1.00000])[1.00000])[1.00000])[1.00000])[1.00000])[1.00000])[1.00000])[1.00000])[1.00000],(YP_009829866.1-phage,(YP_008770421.1-phage,(YP_008430993.1-phage,(YP_009290078.1-phage,YP_009055966.1-phage)[1.00000])[1.00000])[1.00000])[1.00000])[1.00000],(YP_009285400.1-phage,(YP_007677007.1-phage,((YP_009031482.1-phage,YP_009626755.1-phage)[1.00000],(YP_009149124.1-phage,YP_009149686.1-phage)[1.00000])[1.00000])[1.00000])[1.00000])[1.00000])[1.00000])[1.00000])[1.00000],(YP_009282173.1-phage,(YP_009003022.1-phage,YP_006907696.1-phage)[1.00000])[1.00000])[1.00000])[1.00000])[1.00000])[1.00000])[1.00000]);

Summary:

Partition 1/1:
                         Model         Score        Weight
----------------------------------------------------------
       BIC               LG+G4    51398.1021        1.0000
       AIC               LG+G4    49719.9715        1.0000
      AICc                  LG  1446761.4457        1.0000

Execution results written to /N/u/danschw/Carbonate/GitHub/spore-phage-sigma/phylo/data/align-trim-tree/model.out.out
Starting tree written to /N/u/danschw/Carbonate/GitHub/spore-phage-sigma/phylo/data/align-trim-tree/model.out.tree
