
RAxML-NG v. 0.9.0git released on 24.05.2019 by The Exelixis Lab.
Developed by: Alexey M. Kozlov and Alexandros Stamatakis.
Contributors: Diego Darriba, Tomas Flouri, Benoit Morel, Sarah Lutteropp, Ben Bettisworth.
Latest version: https://github.com/amkozlov/raxml-ng
Questions/problems/suggestions? Please visit: https://groups.google.com/forum/#!forum/raxml

RAxML-NG was called at 23-Aug-2021 12:47:32 as follows:

raxml-ng --parse --msa /N/u/danschw/Carbonate/GitHub/spore-phage-sigma/phylo/data/align-trim-tree/sigmas_MafftEinsi.trim.raxml.reduced.phy --data-type AA --model LG+G4

Analysis options:
  run mode: Alignment parsing and compression
  start tree(s): 
  random seed: 1629737252
  tip-inner: OFF
  pattern compression: ON
  per-rate scalers: OFF
  site repeats: ON
  branch lengths: proportional (ML estimate, algorithm: NR-FAST)
  SIMD kernels: AVX2
  parallelization: PTHREADS (24 threads), thread pinning: OFF

[00:00:00] Reading alignment from file: /N/u/danschw/Carbonate/GitHub/spore-phage-sigma/phylo/data/align-trim-tree/sigmas_MafftEinsi.trim.raxml.reduced.phy
[00:00:00] Loaded alignment with 348 taxa and 55 sites

Alignment comprises 1 partitions and 55 patterns

Partition 0: noname
Model: LG+G4m
Alignment sites / patterns: 55 / 55
Gaps: 7.73 %
Invariant sites: 1.82 %


NOTE: Binary MSA file created: /N/u/danschw/Carbonate/GitHub/spore-phage-sigma/phylo/data/align-trim-tree/sigmas_MafftEinsi.trim.raxml.reduced.phy.raxml.rba

* Estimated memory requirements                : 24 MB

* Recommended number of threads / MPI processes: 1

Please note that numbers given above are rough estimates only. 
Actual memory consumption and parallel performance on your system may differ!

Alignment can be successfully read by RAxML-NG.


Execution log saved to: /geode2/home/u020/danschw/Carbonate/GitHub/spore-phage-sigma/phylo/data/align-trim-tree/sigmas_MafftEinsi.trim.raxml.reduced.phy.raxml.log

Analysis started: 23-Aug-2021 12:47:32 / finished: 23-Aug-2021 12:47:32

Elapsed time: 0.057 seconds

