
RAxML-NG v. 0.9.0git released on 24.05.2019 by The Exelixis Lab.
Developed by: Alexey M. Kozlov and Alexandros Stamatakis.
Contributors: Diego Darriba, Tomas Flouri, Benoit Morel, Sarah Lutteropp, Ben Bettisworth.
Latest version: https://github.com/amkozlov/raxml-ng
Questions/problems/suggestions? Please visit: https://groups.google.com/forum/#!forum/raxml

RAxML-NG was called at 21-Aug-2021 22:21:00 as follows:

raxml-ng --msa /N/u/danschw/Carbonate/GitHub/spore-phage-sigma/phylo/data/align-trim-tree/sigmas_MafftEinsi.trim.raxml.reduced.phy.raxml.rba --model LG+G4 --threads 1 --seed 123

Analysis options:
  run mode: ML tree search
  start tree(s): random (10) + parsimony (10)
  random seed: 123
  tip-inner: OFF
  pattern compression: ON
  per-rate scalers: OFF
  site repeats: ON
  fast spr radius: AUTO
  spr subtree cutoff: 1.000000
  branch lengths: proportional (ML estimate, algorithm: NR-FAST)
  SIMD kernels: AVX2
  parallelization: NONE/sequential

WARNING: The model you specified on the command line (LG+G4) will be ignored 
         since the binary MSA file already contains a model definition.
         If you want to change the model, please re-run RAxML-NG 
         with the original PHYLIP/FASTA alignment and --redo option.

[00:00:00] Loading binary alignment from file: /N/u/danschw/Carbonate/GitHub/spore-phage-sigma/phylo/data/align-trim-tree/sigmas_MafftEinsi.trim.raxml.reduced.phy.raxml.rba
[00:00:00] Alignment comprises 348 taxa, 1 partitions and 55 patterns

Partition 0: noname
Model: LG+G4m
Alignment sites / patterns: 55 / 55
Gaps: 7.73 %
Invariant sites: 1.82 %


[00:00:00] Generating 10 random starting tree(s) with 348 taxa
[00:00:00] Generating 10 parsimony starting tree(s) with 348 taxa
[00:00:01] Data distribution: max. partitions/sites/weight per thread: 1 / 55 / 4400

Starting ML tree search with 20 distinct starting trees

[00:00:01 -44956.859788] Initial branch length optimization
[00:00:01 -37747.149923] Model parameter optimization (eps = 10.000000)
[00:00:02 -37722.534462] AUTODETECT spr round 1 (radius: 5)
[00:00:12 -31868.736884] AUTODETECT spr round 2 (radius: 10)
[00:00:25 -27056.631088] AUTODETECT spr round 3 (radius: 15)
[00:00:44 -25548.362213] AUTODETECT spr round 4 (radius: 20)
[00:01:01 -25443.172906] AUTODETECT spr round 5 (radius: 25)
[00:01:20 -25436.599007] SPR radius for FAST iterations: 25 (autodetect)
[00:01:20 -25436.599007] Model parameter optimization (eps = 3.000000)
[00:01:20 -25435.289604] FAST spr round 1 (radius: 25)
[00:01:38 -23983.560928] FAST spr round 2 (radius: 25)
[00:01:53 -23908.836555] FAST spr round 3 (radius: 25)
[00:02:06 -23885.578263] FAST spr round 4 (radius: 25)
[00:02:18 -23881.180441] FAST spr round 5 (radius: 25)
[00:02:29 -23879.296677] FAST spr round 6 (radius: 25)
[00:02:40 -23878.904469] FAST spr round 7 (radius: 25)
[00:02:52 -23878.353446] FAST spr round 8 (radius: 25)
[00:03:03 -23875.717482] FAST spr round 9 (radius: 25)
[00:03:14 -23872.104667] FAST spr round 10 (radius: 25)
[00:03:25 -23872.039102] Model parameter optimization (eps = 1.000000)
[00:03:25 -23871.783134] SLOW spr round 1 (radius: 5)
[00:03:44 -23865.697961] SLOW spr round 2 (radius: 5)
[00:04:01 -23865.267921] SLOW spr round 3 (radius: 5)
[00:04:17 -23865.267915] SLOW spr round 4 (radius: 10)
[00:04:34 -23864.448688] SLOW spr round 5 (radius: 5)
[00:04:55 -23863.655520] SLOW spr round 6 (radius: 5)
[00:05:13 -23863.515691] SLOW spr round 7 (radius: 5)
[00:05:30 -23863.515649] SLOW spr round 8 (radius: 10)
[00:05:48 -23862.835858] SLOW spr round 9 (radius: 5)
[00:06:08 -23862.082808] SLOW spr round 10 (radius: 5)
[00:06:26 -23862.082622] SLOW spr round 11 (radius: 10)
[00:06:45 -23862.082611] SLOW spr round 12 (radius: 15)
[00:07:14 -23862.069197] SLOW spr round 13 (radius: 20)
[00:07:42 -23861.993434] SLOW spr round 14 (radius: 25)
[00:08:10 -23861.978022] Model parameter optimization (eps = 0.100000)

[00:08:11] ML tree search #1, logLikelihood: -23861.212210

[00:08:11 -44607.045571] Initial branch length optimization
[00:08:12 -37601.771491] Model parameter optimization (eps = 10.000000)
[00:08:12 -37511.420813] AUTODETECT spr round 1 (radius: 5)
[00:08:22 -32167.971439] AUTODETECT spr round 2 (radius: 10)
[00:08:35 -27990.884826] AUTODETECT spr round 3 (radius: 15)
[00:08:52 -25740.233977] AUTODETECT spr round 4 (radius: 20)
[00:09:10 -25303.643032] AUTODETECT spr round 5 (radius: 25)
[00:09:28 -25218.868411] SPR radius for FAST iterations: 25 (autodetect)
[00:09:28 -25218.868411] Model parameter optimization (eps = 3.000000)
[00:09:28 -25218.739249] FAST spr round 1 (radius: 25)
[00:09:46 -23970.453874] FAST spr round 2 (radius: 25)
[00:10:00 -23887.157386] FAST spr round 3 (radius: 25)
[00:10:14 -23869.933453] FAST spr round 4 (radius: 25)
[00:10:26 -23862.039603] FAST spr round 5 (radius: 25)
[00:10:37 -23859.118041] FAST spr round 6 (radius: 25)
[00:10:48 -23858.363825] FAST spr round 7 (radius: 25)
[00:10:59 -23858.363793] Model parameter optimization (eps = 1.000000)
[00:10:59 -23858.172034] SLOW spr round 1 (radius: 5)
[00:11:17 -23852.133123] SLOW spr round 2 (radius: 5)
[00:11:34 -23852.132317] SLOW spr round 3 (radius: 10)
[00:11:51 -23852.132179] SLOW spr round 4 (radius: 15)
[00:12:23 -23851.327010] SLOW spr round 5 (radius: 5)
[00:12:44 -23850.679552] SLOW spr round 6 (radius: 5)
[00:13:02 -23850.679417] SLOW spr round 7 (radius: 10)
[00:13:21 -23847.820732] SLOW spr round 8 (radius: 5)
[00:13:41 -23847.820555] SLOW spr round 9 (radius: 10)
[00:14:01 -23847.198925] SLOW spr round 10 (radius: 5)
[00:14:21 -23845.234680] SLOW spr round 11 (radius: 5)
[00:14:38 -23845.234533] SLOW spr round 12 (radius: 10)
[00:14:56 -23845.234501] SLOW spr round 13 (radius: 15)
[00:15:28 -23845.234475] SLOW spr round 14 (radius: 20)
[00:15:57 -23845.234453] SLOW spr round 15 (radius: 25)
[00:16:31 -23845.234434] Model parameter optimization (eps = 0.100000)

[00:16:31] ML tree search #2, logLikelihood: -23845.172209

[00:16:31 -45268.440837] Initial branch length optimization
[00:16:32 -37918.529774] Model parameter optimization (eps = 10.000000)
[00:16:32 -37893.415855] AUTODETECT spr round 1 (radius: 5)
[00:16:42 -32368.719425] AUTODETECT spr round 2 (radius: 10)
[00:16:55 -27130.806223] AUTODETECT spr round 3 (radius: 15)
[00:17:12 -25914.248877] AUTODETECT spr round 4 (radius: 20)
[00:17:31 -25106.775867] AUTODETECT spr round 5 (radius: 25)
[00:17:52 -25032.954177] SPR radius for FAST iterations: 25 (autodetect)
[00:17:52 -25032.954177] Model parameter optimization (eps = 3.000000)
[00:17:52 -25027.417422] FAST spr round 1 (radius: 25)
[00:18:10 -23998.004052] FAST spr round 2 (radius: 25)
[00:18:25 -23889.181750] FAST spr round 3 (radius: 25)
[00:18:38 -23872.186622] FAST spr round 4 (radius: 25)
[00:18:50 -23862.001857] FAST spr round 5 (radius: 25)
[00:19:01 -23860.522534] FAST spr round 6 (radius: 25)
[00:19:12 -23858.752702] FAST spr round 7 (radius: 25)
[00:19:24 -23855.980158] FAST spr round 8 (radius: 25)
[00:19:35 -23855.303927] FAST spr round 9 (radius: 25)
[00:19:45 -23854.928452] FAST spr round 10 (radius: 25)
[00:19:56 -23854.169913] FAST spr round 11 (radius: 25)
[00:20:07 -23853.696830] FAST spr round 12 (radius: 25)
[00:20:18 -23853.424515] FAST spr round 13 (radius: 25)
[00:20:29 -23853.308128] FAST spr round 14 (radius: 25)
[00:20:39 -23853.168618] FAST spr round 15 (radius: 25)
[00:20:50 -23852.257223] FAST spr round 16 (radius: 25)
[00:21:01 -23852.178217] Model parameter optimization (eps = 1.000000)
[00:21:01 -23852.151220] SLOW spr round 1 (radius: 5)
[00:21:20 -23851.362149] SLOW spr round 2 (radius: 5)
[00:21:37 -23851.361430] SLOW spr round 3 (radius: 10)
[00:21:53 -23851.070658] SLOW spr round 4 (radius: 5)
[00:22:14 -23850.155407] SLOW spr round 5 (radius: 5)
[00:22:32 -23850.155296] SLOW spr round 6 (radius: 10)
[00:22:49 -23850.155294] SLOW spr round 7 (radius: 15)
[00:23:20 -23849.314786] SLOW spr round 8 (radius: 5)
[00:23:41 -23849.314588] SLOW spr round 9 (radius: 10)
[00:24:01 -23849.007944] SLOW spr round 10 (radius: 5)
[00:24:22 -23848.161758] SLOW spr round 11 (radius: 5)
[00:24:39 -23848.161534] SLOW spr round 12 (radius: 10)
[00:24:56 -23848.161531] SLOW spr round 13 (radius: 15)
[00:25:27 -23847.429113] SLOW spr round 14 (radius: 5)
[00:25:48 -23847.429011] SLOW spr round 15 (radius: 10)
[00:26:07 -23847.429007] SLOW spr round 16 (radius: 15)
[00:26:36 -23847.429007] SLOW spr round 17 (radius: 20)
[00:27:09 -23846.927200] SLOW spr round 18 (radius: 5)
[00:27:31 -23846.805501] SLOW spr round 19 (radius: 5)
[00:27:49 -23846.805264] SLOW spr round 20 (radius: 10)
[00:28:07 -23846.805261] SLOW spr round 21 (radius: 15)
[00:28:38 -23846.805260] SLOW spr round 22 (radius: 20)
[00:29:11 -23846.805260] SLOW spr round 23 (radius: 25)
[00:29:47 -23846.805260] Model parameter optimization (eps = 0.100000)

[00:29:47] ML tree search #3, logLikelihood: -23846.803719

[00:29:47 -44967.009718] Initial branch length optimization
[00:29:47 -37986.645920] Model parameter optimization (eps = 10.000000)
[00:29:49 -37837.524247] AUTODETECT spr round 1 (radius: 5)
[00:29:59 -32344.614263] AUTODETECT spr round 2 (radius: 10)
[00:30:11 -27975.416895] AUTODETECT spr round 3 (radius: 15)
[00:30:27 -26351.008009] AUTODETECT spr round 4 (radius: 20)
[00:30:42 -26032.535226] AUTODETECT spr round 5 (radius: 25)
[00:30:59 -25787.159271] SPR radius for FAST iterations: 25 (autodetect)
[00:30:59 -25787.159271] Model parameter optimization (eps = 3.000000)
[00:30:59 -25786.206612] FAST spr round 1 (radius: 25)
[00:31:17 -24014.257228] FAST spr round 2 (radius: 25)
[00:31:32 -23936.598732] FAST spr round 3 (radius: 25)
[00:31:45 -23924.547168] FAST spr round 4 (radius: 25)
[00:31:57 -23918.938843] FAST spr round 5 (radius: 25)
[00:32:08 -23916.929175] FAST spr round 6 (radius: 25)
[00:32:19 -23916.701456] FAST spr round 7 (radius: 25)
[00:32:30 -23915.499594] FAST spr round 8 (radius: 25)
[00:32:41 -23915.319092] FAST spr round 9 (radius: 25)
[00:32:52 -23910.941449] FAST spr round 10 (radius: 25)
[00:33:03 -23908.354647] FAST spr round 11 (radius: 25)
[00:33:15 -23895.570171] FAST spr round 12 (radius: 25)
[00:33:27 -23891.932143] FAST spr round 13 (radius: 25)
[00:33:37 -23891.931281] Model parameter optimization (eps = 1.000000)
[00:33:38 -23891.726594] SLOW spr round 1 (radius: 5)
[00:33:56 -23883.828576] SLOW spr round 2 (radius: 5)
[00:34:13 -23882.823229] SLOW spr round 3 (radius: 5)
[00:34:29 -23882.823053] SLOW spr round 4 (radius: 10)
[00:34:46 -23878.425106] SLOW spr round 5 (radius: 5)
[00:35:08 -23874.716963] SLOW spr round 6 (radius: 5)
[00:35:26 -23873.820901] SLOW spr round 7 (radius: 5)
[00:35:43 -23873.820127] SLOW spr round 8 (radius: 10)
[00:36:01 -23871.446774] SLOW spr round 9 (radius: 5)
[00:36:21 -23871.443725] SLOW spr round 10 (radius: 10)
[00:36:41 -23871.443657] SLOW spr round 11 (radius: 15)
[00:37:13 -23870.956757] SLOW spr round 12 (radius: 5)
[00:37:35 -23866.634721] SLOW spr round 13 (radius: 5)
[00:37:54 -23866.595174] SLOW spr round 14 (radius: 10)
[00:38:12 -23866.595092] SLOW spr round 15 (radius: 15)
[00:38:45 -23862.389949] SLOW spr round 16 (radius: 5)
[00:39:06 -23859.707060] SLOW spr round 17 (radius: 5)
[00:39:24 -23859.707028] SLOW spr round 18 (radius: 10)
[00:39:43 -23856.960503] SLOW spr round 19 (radius: 5)
[00:40:03 -23856.953332] SLOW spr round 20 (radius: 10)
[00:40:22 -23856.952985] SLOW spr round 21 (radius: 15)
[00:40:54 -23856.136617] SLOW spr round 22 (radius: 5)
[00:41:15 -23855.029119] SLOW spr round 23 (radius: 5)
[00:41:34 -23855.028709] SLOW spr round 24 (radius: 10)
[00:41:52 -23854.539492] SLOW spr round 25 (radius: 5)
[00:42:12 -23851.663624] SLOW spr round 26 (radius: 5)
[00:42:30 -23851.663532] SLOW spr round 27 (radius: 10)
[00:42:47 -23851.663531] SLOW spr round 28 (radius: 15)
[00:43:21 -23851.663531] SLOW spr round 29 (radius: 20)
[00:43:54 -23851.663531] SLOW spr round 30 (radius: 25)
[00:44:30 -23851.663531] Model parameter optimization (eps = 0.100000)

[00:44:30] ML tree search #4, logLikelihood: -23851.647845

[00:44:30 -44569.690647] Initial branch length optimization
[00:44:30 -37669.207268] Model parameter optimization (eps = 10.000000)
[00:44:31 -37576.791267] AUTODETECT spr round 1 (radius: 5)
[00:44:41 -31785.698461] AUTODETECT spr round 2 (radius: 10)
[00:44:54 -27536.349696] AUTODETECT spr round 3 (radius: 15)
[00:45:09 -25450.561926] AUTODETECT spr round 4 (radius: 20)
[00:45:26 -25046.944784] AUTODETECT spr round 5 (radius: 25)
[00:45:44 -24950.822525] SPR radius for FAST iterations: 25 (autodetect)
[00:45:44 -24950.822525] Model parameter optimization (eps = 3.000000)
[00:45:45 -24944.251995] FAST spr round 1 (radius: 25)
[00:46:03 -23955.506020] FAST spr round 2 (radius: 25)
[00:46:17 -23908.475593] FAST spr round 3 (radius: 25)
[00:46:30 -23898.090561] FAST spr round 4 (radius: 25)
[00:46:41 -23896.602272] FAST spr round 5 (radius: 25)
[00:46:52 -23895.966033] FAST spr round 6 (radius: 25)
[00:47:04 -23894.804061] FAST spr round 7 (radius: 25)
[00:47:15 -23892.519624] FAST spr round 8 (radius: 25)
[00:47:26 -23891.133416] FAST spr round 9 (radius: 25)
[00:47:38 -23886.799454] FAST spr round 10 (radius: 25)
[00:47:49 -23886.501894] FAST spr round 11 (radius: 25)
[00:48:00 -23886.292257] FAST spr round 12 (radius: 25)
[00:48:12 -23886.101433] FAST spr round 13 (radius: 25)
[00:48:23 -23885.981377] FAST spr round 14 (radius: 25)
[00:48:34 -23885.981335] Model parameter optimization (eps = 1.000000)
[00:48:35 -23883.969544] SLOW spr round 1 (radius: 5)
[00:48:53 -23878.793892] SLOW spr round 2 (radius: 5)
[00:49:10 -23874.482560] SLOW spr round 3 (radius: 5)
[00:49:27 -23874.482374] SLOW spr round 4 (radius: 10)
[00:49:44 -23873.526461] SLOW spr round 5 (radius: 5)
[00:50:06 -23870.386053] SLOW spr round 6 (radius: 5)
[00:50:25 -23868.707383] SLOW spr round 7 (radius: 5)
[00:50:41 -23868.706456] SLOW spr round 8 (radius: 10)
[00:50:59 -23867.602384] SLOW spr round 9 (radius: 5)
[00:51:20 -23867.602216] SLOW spr round 10 (radius: 10)
[00:51:40 -23867.385669] SLOW spr round 11 (radius: 5)
[00:52:00 -23867.385069] SLOW spr round 12 (radius: 10)
[00:52:20 -23866.738745] SLOW spr round 13 (radius: 5)
[00:52:41 -23863.968318] SLOW spr round 14 (radius: 5)
[00:53:00 -23863.772342] SLOW spr round 15 (radius: 5)
[00:53:16 -23863.728684] SLOW spr round 16 (radius: 10)
[00:53:34 -23863.475881] SLOW spr round 17 (radius: 5)
[00:53:54 -23862.087955] SLOW spr round 18 (radius: 5)
[00:54:12 -23862.086943] SLOW spr round 19 (radius: 10)
[00:54:31 -23861.263546] SLOW spr round 20 (radius: 5)
[00:54:52 -23860.017608] SLOW spr round 21 (radius: 5)
[00:55:10 -23860.016771] SLOW spr round 22 (radius: 10)
[00:55:28 -23860.016732] SLOW spr round 23 (radius: 15)
[00:55:59 -23857.464713] SLOW spr round 24 (radius: 5)
[00:56:21 -23857.036493] SLOW spr round 25 (radius: 5)
[00:56:39 -23857.033125] SLOW spr round 26 (radius: 10)
[00:56:58 -23855.273389] SLOW spr round 27 (radius: 5)
[00:57:19 -23853.674561] SLOW spr round 28 (radius: 5)
[00:57:37 -23853.607330] SLOW spr round 29 (radius: 10)
[00:57:56 -23853.606267] SLOW spr round 30 (radius: 15)
[00:58:26 -23853.274360] SLOW spr round 31 (radius: 5)
[00:58:48 -23853.273605] SLOW spr round 32 (radius: 10)
[00:59:10 -23853.273571] SLOW spr round 33 (radius: 15)
[00:59:38 -23853.273562] SLOW spr round 34 (radius: 20)
[01:00:03 -23852.638165] SLOW spr round 35 (radius: 5)
[01:00:25 -23852.637621] SLOW spr round 36 (radius: 10)
[01:00:49 -23852.637596] SLOW spr round 37 (radius: 15)
[01:01:17 -23852.062162] SLOW spr round 38 (radius: 5)
[01:01:40 -23849.034566] SLOW spr round 39 (radius: 5)
[01:01:58 -23849.033901] SLOW spr round 40 (radius: 10)
[01:02:17 -23849.033738] SLOW spr round 41 (radius: 15)
[01:02:46 -23847.755727] SLOW spr round 42 (radius: 5)
[01:03:08 -23847.755527] SLOW spr round 43 (radius: 10)
[01:03:29 -23847.755481] SLOW spr round 44 (radius: 15)
[01:03:57 -23847.755448] SLOW spr round 45 (radius: 20)
[01:04:24 -23847.305642] SLOW spr round 46 (radius: 5)
[01:04:47 -23847.005866] SLOW spr round 47 (radius: 5)
[01:05:06 -23846.840856] SLOW spr round 48 (radius: 5)
[01:05:23 -23846.840183] SLOW spr round 49 (radius: 10)
[01:05:41 -23846.840154] SLOW spr round 50 (radius: 15)
[01:06:11 -23846.602236] SLOW spr round 51 (radius: 5)
[01:06:33 -23846.185019] SLOW spr round 52 (radius: 5)
[01:06:52 -23846.183895] SLOW spr round 53 (radius: 10)
[01:07:10 -23846.183200] SLOW spr round 54 (radius: 15)
[01:07:40 -23846.144575] SLOW spr round 55 (radius: 20)
[01:08:06 -23846.134031] SLOW spr round 56 (radius: 25)
[01:08:32 -23846.131267] Model parameter optimization (eps = 0.100000)

[01:08:32] ML tree search #5, logLikelihood: -23846.129337

[01:08:32 -44915.647250] Initial branch length optimization
[01:08:32 -37651.979428] Model parameter optimization (eps = 10.000000)
[01:08:33 -37544.413909] AUTODETECT spr round 1 (radius: 5)
[01:08:43 -32559.220432] AUTODETECT spr round 2 (radius: 10)
[01:08:57 -27815.474353] AUTODETECT spr round 3 (radius: 15)
[01:09:13 -26139.502760] AUTODETECT spr round 4 (radius: 20)
[01:09:31 -25339.255241] AUTODETECT spr round 5 (radius: 25)
[01:09:50 -25299.132353] SPR radius for FAST iterations: 25 (autodetect)
[01:09:50 -25299.132353] Model parameter optimization (eps = 3.000000)
[01:09:50 -25294.693770] FAST spr round 1 (radius: 25)
[01:10:08 -24001.422437] FAST spr round 2 (radius: 25)
[01:10:22 -23892.469685] FAST spr round 3 (radius: 25)
[01:10:36 -23877.037851] FAST spr round 4 (radius: 25)
[01:10:48 -23873.535624] FAST spr round 5 (radius: 25)
[01:11:00 -23865.911578] FAST spr round 6 (radius: 25)
[01:11:12 -23863.641164] FAST spr round 7 (radius: 25)
[01:11:23 -23863.338030] FAST spr round 8 (radius: 25)
[01:11:35 -23860.328520] FAST spr round 9 (radius: 25)
[01:11:46 -23859.467824] FAST spr round 10 (radius: 25)
[01:11:58 -23858.906282] FAST spr round 11 (radius: 25)
[01:12:09 -23858.702971] FAST spr round 12 (radius: 25)
[01:12:20 -23858.611547] Model parameter optimization (eps = 1.000000)
[01:12:21 -23858.547281] SLOW spr round 1 (radius: 5)
[01:12:39 -23855.970384] SLOW spr round 2 (radius: 5)
[01:12:55 -23855.969142] SLOW spr round 3 (radius: 10)
[01:13:12 -23855.968924] SLOW spr round 4 (radius: 15)
[01:13:45 -23853.612868] SLOW spr round 5 (radius: 5)
[01:14:06 -23851.587479] SLOW spr round 6 (radius: 5)
[01:14:26 -23847.426352] SLOW spr round 7 (radius: 5)
[01:14:43 -23847.234075] SLOW spr round 8 (radius: 5)
[01:14:59 -23847.233893] SLOW spr round 9 (radius: 10)
[01:15:16 -23847.233874] SLOW spr round 10 (radius: 15)
[01:15:50 -23843.983578] SLOW spr round 11 (radius: 5)
[01:16:12 -23839.714896] SLOW spr round 12 (radius: 5)
[01:16:31 -23839.714471] SLOW spr round 13 (radius: 10)
[01:16:48 -23838.415468] SLOW spr round 14 (radius: 5)
[01:17:08 -23838.414809] SLOW spr round 15 (radius: 10)
[01:17:28 -23838.414303] SLOW spr round 16 (radius: 15)
[01:17:58 -23836.106975] SLOW spr round 17 (radius: 5)
[01:18:20 -23834.095214] SLOW spr round 18 (radius: 5)
[01:18:38 -23834.093280] SLOW spr round 19 (radius: 10)
[01:18:55 -23834.092068] SLOW spr round 20 (radius: 15)
[01:19:27 -23834.091305] SLOW spr round 21 (radius: 20)
[01:20:01 -23834.090798] SLOW spr round 22 (radius: 25)
[01:20:38 -23834.090429] Model parameter optimization (eps = 0.100000)

[01:20:38] ML tree search #6, logLikelihood: -23834.089358

[01:20:38 -44921.999706] Initial branch length optimization
[01:20:39 -37599.582033] Model parameter optimization (eps = 10.000000)
[01:20:39 -37517.301154] AUTODETECT spr round 1 (radius: 5)
[01:20:49 -32116.048567] AUTODETECT spr round 2 (radius: 10)
[01:21:03 -27285.692018] AUTODETECT spr round 3 (radius: 15)
[01:21:18 -25738.878637] AUTODETECT spr round 4 (radius: 20)
[01:21:37 -25260.120065] AUTODETECT spr round 5 (radius: 25)
[01:21:58 -25224.018546] SPR radius for FAST iterations: 25 (autodetect)
[01:21:58 -25224.018546] Model parameter optimization (eps = 3.000000)
[01:21:58 -25222.715768] FAST spr round 1 (radius: 25)
[01:22:16 -24105.851362] FAST spr round 2 (radius: 25)
[01:22:30 -23918.638401] FAST spr round 3 (radius: 25)
[01:22:43 -23904.188075] FAST spr round 4 (radius: 25)
[01:22:55 -23896.576172] FAST spr round 5 (radius: 25)
[01:23:08 -23880.440420] FAST spr round 6 (radius: 25)
[01:23:19 -23880.154856] FAST spr round 7 (radius: 25)
[01:23:30 -23879.905352] FAST spr round 8 (radius: 25)
[01:23:41 -23879.813804] Model parameter optimization (eps = 1.000000)
[01:23:42 -23879.747792] SLOW spr round 1 (radius: 5)
[01:23:59 -23878.652826] SLOW spr round 2 (radius: 5)
[01:24:16 -23878.651742] SLOW spr round 3 (radius: 10)
[01:24:33 -23876.103773] SLOW spr round 4 (radius: 5)
[01:24:54 -23875.228580] SLOW spr round 5 (radius: 5)
[01:25:12 -23874.578181] SLOW spr round 6 (radius: 5)
[01:25:30 -23874.578002] SLOW spr round 7 (radius: 10)
[01:25:47 -23865.072240] SLOW spr round 8 (radius: 5)
[01:26:07 -23850.828669] SLOW spr round 9 (radius: 5)
[01:26:26 -23850.787664] SLOW spr round 10 (radius: 10)
[01:26:44 -23850.477978] SLOW spr round 11 (radius: 5)
[01:27:04 -23850.477340] SLOW spr round 12 (radius: 10)
[01:27:24 -23850.477109] SLOW spr round 13 (radius: 15)
[01:27:55 -23845.558128] SLOW spr round 14 (radius: 5)
[01:28:17 -23844.304104] SLOW spr round 15 (radius: 5)
[01:28:36 -23844.303529] SLOW spr round 16 (radius: 10)
[01:28:54 -23844.303484] SLOW spr round 17 (radius: 15)
[01:29:26 -23844.110322] SLOW spr round 18 (radius: 5)
[01:29:49 -23842.881239] SLOW spr round 19 (radius: 5)
[01:30:07 -23842.878725] SLOW spr round 20 (radius: 10)
[01:30:26 -23842.156221] SLOW spr round 21 (radius: 5)
[01:30:46 -23842.155814] SLOW spr round 22 (radius: 10)
[01:31:06 -23842.155791] SLOW spr round 23 (radius: 15)
[01:31:37 -23842.155782] SLOW spr round 24 (radius: 20)
[01:32:11 -23841.716636] SLOW spr round 25 (radius: 5)
[01:32:33 -23841.715757] SLOW spr round 26 (radius: 10)
[01:32:55 -23841.715509] SLOW spr round 27 (radius: 15)
[01:33:26 -23841.715330] SLOW spr round 28 (radius: 20)
[01:33:59 -23841.715192] SLOW spr round 29 (radius: 25)
[01:34:34 -23841.715084] Model parameter optimization (eps = 0.100000)

[01:34:35] ML tree search #7, logLikelihood: -23841.681461

[01:34:35 -44779.953495] Initial branch length optimization
[01:34:35 -37870.356203] Model parameter optimization (eps = 10.000000)
[01:34:36 -37777.417831] AUTODETECT spr round 1 (radius: 5)
[01:34:45 -32387.542136] AUTODETECT spr round 2 (radius: 10)
[01:34:58 -27858.178990] AUTODETECT spr round 3 (radius: 15)
[01:35:12 -26522.081010] AUTODETECT spr round 4 (radius: 20)
[01:35:29 -25860.947846] AUTODETECT spr round 5 (radius: 25)
[01:35:45 -25580.829160] SPR radius for FAST iterations: 25 (autodetect)
[01:35:45 -25580.829160] Model parameter optimization (eps = 3.000000)
[01:35:45 -25580.712873] FAST spr round 1 (radius: 25)
[01:36:02 -24118.959522] FAST spr round 2 (radius: 25)
[01:36:17 -24019.017539] FAST spr round 3 (radius: 25)
[01:36:30 -23995.563995] FAST spr round 4 (radius: 25)
[01:36:42 -23990.064933] FAST spr round 5 (radius: 25)
[01:36:54 -23895.931740] FAST spr round 6 (radius: 25)
[01:37:05 -23895.792955] FAST spr round 7 (radius: 25)
[01:37:16 -23895.477009] FAST spr round 8 (radius: 25)
[01:37:28 -23894.632194] FAST spr round 9 (radius: 25)
[01:37:39 -23892.128582] FAST spr round 10 (radius: 25)
[01:37:50 -23892.092156] Model parameter optimization (eps = 1.000000)
[01:37:50 -23892.077860] SLOW spr round 1 (radius: 5)
[01:38:08 -23891.022143] SLOW spr round 2 (radius: 5)
[01:38:25 -23890.813512] SLOW spr round 3 (radius: 5)
[01:38:41 -23890.812201] SLOW spr round 4 (radius: 10)
[01:38:58 -23885.618431] SLOW spr round 5 (radius: 5)
[01:39:19 -23885.510202] SLOW spr round 6 (radius: 5)
[01:39:37 -23885.507092] SLOW spr round 7 (radius: 10)
[01:39:54 -23884.584415] SLOW spr round 8 (radius: 5)
[01:40:16 -23882.023513] SLOW spr round 9 (radius: 5)
[01:40:33 -23882.023221] SLOW spr round 10 (radius: 10)
[01:40:51 -23881.251057] SLOW spr round 11 (radius: 5)
[01:41:12 -23878.926135] SLOW spr round 12 (radius: 5)
[01:41:30 -23877.495565] SLOW spr round 13 (radius: 5)
[01:41:47 -23876.740864] SLOW spr round 14 (radius: 5)
[01:42:03 -23876.740335] SLOW spr round 15 (radius: 10)
[01:42:20 -23876.740310] SLOW spr round 16 (radius: 15)
[01:42:50 -23876.577610] SLOW spr round 17 (radius: 5)
[01:43:11 -23875.027200] SLOW spr round 18 (radius: 5)
[01:43:30 -23871.196503] SLOW spr round 19 (radius: 5)
[01:43:48 -23869.538937] SLOW spr round 20 (radius: 5)
[01:44:04 -23869.527916] SLOW spr round 21 (radius: 10)
[01:44:21 -23869.411385] SLOW spr round 22 (radius: 5)
[01:44:41 -23869.411370] SLOW spr round 23 (radius: 10)
[01:45:01 -23868.822526] SLOW spr round 24 (radius: 5)
[01:45:21 -23868.374873] SLOW spr round 25 (radius: 5)
[01:45:38 -23868.374396] SLOW spr round 26 (radius: 10)
[01:45:56 -23868.374393] SLOW spr round 27 (radius: 15)
[01:46:25 -23867.031307] SLOW spr round 28 (radius: 5)
[01:46:46 -23866.499284] SLOW spr round 29 (radius: 5)
[01:47:04 -23866.498859] SLOW spr round 30 (radius: 10)
[01:47:22 -23864.888317] SLOW spr round 31 (radius: 5)
[01:47:42 -23864.123617] SLOW spr round 32 (radius: 5)
[01:48:00 -23864.123462] SLOW spr round 33 (radius: 10)
[01:48:18 -23863.742050] SLOW spr round 34 (radius: 5)
[01:48:39 -23860.046757] SLOW spr round 35 (radius: 5)
[01:48:57 -23860.046056] SLOW spr round 36 (radius: 10)
[01:49:14 -23860.045989] SLOW spr round 37 (radius: 15)
[01:49:43 -23859.658840] SLOW spr round 38 (radius: 5)
[01:50:04 -23857.195222] SLOW spr round 39 (radius: 5)
[01:50:23 -23857.194814] SLOW spr round 40 (radius: 10)
[01:50:40 -23857.194808] SLOW spr round 41 (radius: 15)
[01:51:09 -23857.194808] SLOW spr round 42 (radius: 20)
[01:51:41 -23857.194808] SLOW spr round 43 (radius: 25)
[01:52:14 -23857.194808] Model parameter optimization (eps = 0.100000)

[01:52:14] ML tree search #8, logLikelihood: -23857.183181

[01:52:14 -45235.594353] Initial branch length optimization
[01:52:14 -37970.286341] Model parameter optimization (eps = 10.000000)
[01:52:15 -37944.323878] AUTODETECT spr round 1 (radius: 5)
[01:52:25 -31685.414540] AUTODETECT spr round 2 (radius: 10)
[01:52:38 -27634.082176] AUTODETECT spr round 3 (radius: 15)
[01:52:54 -25688.402071] AUTODETECT spr round 4 (radius: 20)
[01:53:11 -25155.645441] AUTODETECT spr round 5 (radius: 25)
[01:53:31 -25141.545962] SPR radius for FAST iterations: 25 (autodetect)
[01:53:31 -25141.545962] Model parameter optimization (eps = 3.000000)
[01:53:31 -25141.368487] FAST spr round 1 (radius: 25)
[01:53:49 -24074.438304] FAST spr round 2 (radius: 25)
[01:54:04 -23996.943861] FAST spr round 3 (radius: 25)
[01:54:17 -23981.393374] FAST spr round 4 (radius: 25)
[01:54:29 -23976.445278] FAST spr round 5 (radius: 25)
[01:54:40 -23976.242022] FAST spr round 6 (radius: 25)
[01:54:51 -23976.075826] FAST spr round 7 (radius: 25)
[01:55:02 -23975.876193] FAST spr round 8 (radius: 25)
[01:55:13 -23975.779168] Model parameter optimization (eps = 1.000000)
[01:55:13 -23975.763184] SLOW spr round 1 (radius: 5)
[01:55:32 -23972.340411] SLOW spr round 2 (radius: 5)
[01:55:49 -23969.582326] SLOW spr round 3 (radius: 5)
[01:56:05 -23969.582094] SLOW spr round 4 (radius: 10)
[01:56:22 -23968.978637] SLOW spr round 5 (radius: 5)
[01:56:43 -23968.619455] SLOW spr round 6 (radius: 5)
[01:57:01 -23968.619159] SLOW spr round 7 (radius: 10)
[01:57:18 -23968.619157] SLOW spr round 8 (radius: 15)
[01:57:46 -23968.619157] SLOW spr round 9 (radius: 20)
[01:58:14 -23968.619157] SLOW spr round 10 (radius: 25)
[01:58:42 -23968.619157] Model parameter optimization (eps = 0.100000)

[01:58:43] ML tree search #9, logLikelihood: -23968.612836

[01:58:43 -44757.997038] Initial branch length optimization
[01:58:43 -37745.735994] Model parameter optimization (eps = 10.000000)
[01:58:44 -37630.819278] AUTODETECT spr round 1 (radius: 5)
[01:58:54 -31847.682476] AUTODETECT spr round 2 (radius: 10)
[01:59:06 -27480.962684] AUTODETECT spr round 3 (radius: 15)
[01:59:22 -25837.925241] AUTODETECT spr round 4 (radius: 20)
[01:59:40 -25476.571549] AUTODETECT spr round 5 (radius: 25)
[01:59:59 -25448.255975] SPR radius for FAST iterations: 25 (autodetect)
[01:59:59 -25448.255975] Model parameter optimization (eps = 3.000000)
[01:59:59 -25447.508264] FAST spr round 1 (radius: 25)
[02:00:17 -24008.644258] FAST spr round 2 (radius: 25)
[02:00:32 -23923.233203] FAST spr round 3 (radius: 25)
[02:00:44 -23912.062284] FAST spr round 4 (radius: 25)
[02:00:55 -23911.696948] FAST spr round 5 (radius: 25)
[02:01:06 -23911.598036] Model parameter optimization (eps = 1.000000)
[02:01:07 -23910.394712] SLOW spr round 1 (radius: 5)
[02:01:25 -23902.849562] SLOW spr round 2 (radius: 5)
[02:01:43 -23900.723321] SLOW spr round 3 (radius: 5)
[02:01:59 -23900.722356] SLOW spr round 4 (radius: 10)
[02:02:16 -23889.275857] SLOW spr round 5 (radius: 5)
[02:02:37 -23885.752219] SLOW spr round 6 (radius: 5)
[02:02:56 -23885.451410] SLOW spr round 7 (radius: 5)
[02:03:13 -23885.450771] SLOW spr round 8 (radius: 10)
[02:03:30 -23880.284768] SLOW spr round 9 (radius: 5)
[02:03:50 -23879.585262] SLOW spr round 10 (radius: 5)
[02:04:08 -23879.585060] SLOW spr round 11 (radius: 10)
[02:04:25 -23874.821793] SLOW spr round 12 (radius: 5)
[02:04:45 -23874.809292] SLOW spr round 13 (radius: 10)
[02:05:05 -23874.693467] SLOW spr round 14 (radius: 5)
[02:05:25 -23872.191695] SLOW spr round 15 (radius: 5)
[02:05:43 -23872.191366] SLOW spr round 16 (radius: 10)
[02:06:01 -23872.191357] SLOW spr round 17 (radius: 15)
[02:06:31 -23871.038347] SLOW spr round 18 (radius: 5)
[02:06:52 -23870.363428] SLOW spr round 19 (radius: 5)
[02:07:10 -23870.360913] SLOW spr round 20 (radius: 10)
[02:07:28 -23870.360571] SLOW spr round 21 (radius: 15)
[02:07:58 -23870.360528] SLOW spr round 22 (radius: 20)
[02:08:23 -23870.360522] SLOW spr round 23 (radius: 25)
[02:08:46 -23869.320305] SLOW spr round 24 (radius: 5)
[02:09:09 -23862.030548] SLOW spr round 25 (radius: 5)
[02:09:28 -23862.029802] SLOW spr round 26 (radius: 10)
[02:09:47 -23860.880384] SLOW spr round 27 (radius: 5)
[02:10:08 -23859.646390] SLOW spr round 28 (radius: 5)
[02:10:27 -23859.269150] SLOW spr round 29 (radius: 5)
[02:10:44 -23859.121332] SLOW spr round 30 (radius: 5)
[02:11:00 -23859.121194] SLOW spr round 31 (radius: 10)
[02:11:17 -23858.529386] SLOW spr round 32 (radius: 5)
[02:11:38 -23856.189181] SLOW spr round 33 (radius: 5)
[02:11:56 -23856.189089] SLOW spr round 34 (radius: 10)
[02:12:14 -23855.590459] SLOW spr round 35 (radius: 5)
[02:12:34 -23854.522383] SLOW spr round 36 (radius: 5)
[02:12:52 -23853.679471] SLOW spr round 37 (radius: 5)
[02:13:09 -23853.679392] SLOW spr round 38 (radius: 10)
[02:13:26 -23853.679388] SLOW spr round 39 (radius: 15)
[02:13:55 -23853.396473] SLOW spr round 40 (radius: 5)
[02:14:16 -23853.258848] SLOW spr round 41 (radius: 5)
[02:14:34 -23853.258467] SLOW spr round 42 (radius: 10)
[02:14:52 -23851.136195] SLOW spr round 43 (radius: 5)
[02:15:12 -23851.134740] SLOW spr round 44 (radius: 10)
[02:15:31 -23851.134722] SLOW spr round 45 (radius: 15)
[02:15:59 -23851.134713] SLOW spr round 46 (radius: 20)
[02:16:25 -23851.134706] SLOW spr round 47 (radius: 25)
[02:16:47 -23851.134700] Model parameter optimization (eps = 0.100000)

[02:16:48] ML tree search #10, logLikelihood: -23850.536588

[02:16:48 -27559.372306] Initial branch length optimization
[02:16:48 -24834.602680] Model parameter optimization (eps = 10.000000)
[02:16:49 -24789.623863] AUTODETECT spr round 1 (radius: 5)
[02:16:58 -24279.823902] AUTODETECT spr round 2 (radius: 10)
[02:17:12 -24080.029253] AUTODETECT spr round 3 (radius: 15)
[02:17:31 -24002.026442] AUTODETECT spr round 4 (radius: 20)
[02:17:53 -23995.583138] AUTODETECT spr round 5 (radius: 25)
[02:18:13 -23995.562292] SPR radius for FAST iterations: 20 (autodetect)
[02:18:14 -23995.562292] Model parameter optimization (eps = 3.000000)
[02:18:14 -23995.551450] FAST spr round 1 (radius: 20)
[02:18:30 -23886.636686] FAST spr round 2 (radius: 20)
[02:18:43 -23870.658518] FAST spr round 3 (radius: 20)
[02:18:56 -23866.841372] FAST spr round 4 (radius: 20)
[02:19:07 -23866.692163] FAST spr round 5 (radius: 20)
[02:19:18 -23866.551893] FAST spr round 6 (radius: 20)
[02:19:29 -23866.362116] FAST spr round 7 (radius: 20)
[02:19:40 -23866.362085] Model parameter optimization (eps = 1.000000)
[02:19:41 -23865.595987] SLOW spr round 1 (radius: 5)
[02:19:59 -23863.817843] SLOW spr round 2 (radius: 5)
[02:20:16 -23863.110972] SLOW spr round 3 (radius: 5)
[02:20:33 -23860.008141] SLOW spr round 4 (radius: 5)
[02:20:50 -23850.368493] SLOW spr round 5 (radius: 5)
[02:21:06 -23844.227740] SLOW spr round 6 (radius: 5)
[02:21:23 -23844.044242] SLOW spr round 7 (radius: 5)
[02:21:39 -23844.043882] SLOW spr round 8 (radius: 10)
[02:21:55 -23844.043871] SLOW spr round 9 (radius: 15)
[02:22:26 -23837.932586] SLOW spr round 10 (radius: 5)
[02:22:48 -23835.091676] SLOW spr round 11 (radius: 5)
[02:23:06 -23835.091130] SLOW spr round 12 (radius: 10)
[02:23:24 -23835.091122] SLOW spr round 13 (radius: 15)
[02:23:54 -23835.091122] SLOW spr round 14 (radius: 20)
[02:24:28 -23834.211087] SLOW spr round 15 (radius: 5)
[02:24:50 -23834.210829] SLOW spr round 16 (radius: 10)
[02:25:11 -23834.210823] SLOW spr round 17 (radius: 15)
[02:25:38 -23834.210823] SLOW spr round 18 (radius: 20)
[02:26:12 -23834.210822] SLOW spr round 19 (radius: 25)
[02:26:50 -23834.210822] Model parameter optimization (eps = 0.100000)

[02:26:50] ML tree search #11, logLikelihood: -23834.158826

[02:26:50 -27489.498656] Initial branch length optimization
[02:26:50 -24737.241893] Model parameter optimization (eps = 10.000000)
[02:26:51 -24685.347240] AUTODETECT spr round 1 (radius: 5)
[02:27:00 -24222.245855] AUTODETECT spr round 2 (radius: 10)
[02:27:13 -24087.987107] AUTODETECT spr round 3 (radius: 15)
[02:27:29 -24000.709614] AUTODETECT spr round 4 (radius: 20)
[02:27:48 -23989.589523] AUTODETECT spr round 5 (radius: 25)
[02:28:07 -23987.225196] SPR radius for FAST iterations: 25 (autodetect)
[02:28:07 -23987.225196] Model parameter optimization (eps = 3.000000)
[02:28:08 -23986.675355] FAST spr round 1 (radius: 25)
[02:28:24 -23875.357212] FAST spr round 2 (radius: 25)
[02:28:38 -23862.036066] FAST spr round 3 (radius: 25)
[02:28:49 -23861.369407] FAST spr round 4 (radius: 25)
[02:29:00 -23860.624013] FAST spr round 5 (radius: 25)
[02:29:11 -23860.295418] FAST spr round 6 (radius: 25)
[02:29:22 -23860.102438] FAST spr round 7 (radius: 25)
[02:29:33 -23859.956469] FAST spr round 8 (radius: 25)
[02:29:44 -23859.668954] FAST spr round 9 (radius: 25)
[02:29:55 -23859.562258] FAST spr round 10 (radius: 25)
[02:30:06 -23859.407529] FAST spr round 11 (radius: 25)
[02:30:17 -23859.380095] Model parameter optimization (eps = 1.000000)
[02:30:17 -23859.373961] SLOW spr round 1 (radius: 5)
[02:30:35 -23849.617370] SLOW spr round 2 (radius: 5)
[02:30:52 -23849.279977] SLOW spr round 3 (radius: 5)
[02:31:08 -23849.279046] SLOW spr round 4 (radius: 10)
[02:31:25 -23848.836449] SLOW spr round 5 (radius: 5)
[02:31:45 -23848.836435] SLOW spr round 6 (radius: 10)
[02:32:04 -23848.836435] SLOW spr round 7 (radius: 15)
[02:32:30 -23847.767186] SLOW spr round 8 (radius: 5)
[02:32:51 -23847.097345] SLOW spr round 9 (radius: 5)
[02:33:09 -23847.097104] SLOW spr round 10 (radius: 10)
[02:33:26 -23847.045532] SLOW spr round 11 (radius: 15)
[02:33:55 -23845.232325] SLOW spr round 12 (radius: 5)
[02:34:16 -23844.187793] SLOW spr round 13 (radius: 5)
[02:34:34 -23844.187566] SLOW spr round 14 (radius: 10)
[02:34:52 -23844.142604] SLOW spr round 15 (radius: 15)
[02:35:21 -23843.405523] SLOW spr round 16 (radius: 5)
[02:35:42 -23836.519561] SLOW spr round 17 (radius: 5)
[02:36:01 -23836.519295] SLOW spr round 18 (radius: 10)
[02:36:18 -23836.519286] SLOW spr round 19 (radius: 15)
[02:36:47 -23836.507805] SLOW spr round 20 (radius: 20)
[02:37:20 -23836.507717] SLOW spr round 21 (radius: 25)
[02:37:57 -23836.507714] Model parameter optimization (eps = 0.100000)

[02:37:58] ML tree search #12, logLikelihood: -23836.495692

[02:37:58 -27452.481637] Initial branch length optimization
[02:37:58 -24729.382980] Model parameter optimization (eps = 10.000000)
[02:37:59 -24670.032595] AUTODETECT spr round 1 (radius: 5)
[02:38:08 -24237.616848] AUTODETECT spr round 2 (radius: 10)
[02:38:22 -24080.211129] AUTODETECT spr round 3 (radius: 15)
[02:38:40 -24001.695472] AUTODETECT spr round 4 (radius: 20)
[02:39:00 -23999.474787] AUTODETECT spr round 5 (radius: 25)
[02:39:18 -23999.446987] SPR radius for FAST iterations: 20 (autodetect)
[02:39:18 -23999.446987] Model parameter optimization (eps = 3.000000)
[02:39:19 -23999.241442] FAST spr round 1 (radius: 20)
[02:39:35 -23909.217098] FAST spr round 2 (radius: 20)
[02:39:49 -23883.955231] FAST spr round 3 (radius: 20)
[02:40:00 -23879.080753] FAST spr round 4 (radius: 20)
[02:40:12 -23878.100661] FAST spr round 5 (radius: 20)
[02:40:23 -23877.843332] FAST spr round 6 (radius: 20)
[02:40:35 -23874.062171] FAST spr round 7 (radius: 20)
[02:40:46 -23873.932238] FAST spr round 8 (radius: 20)
[02:40:57 -23873.259366] FAST spr round 9 (radius: 20)
[02:41:08 -23873.258710] Model parameter optimization (eps = 1.000000)
[02:41:08 -23873.256476] SLOW spr round 1 (radius: 5)
[02:41:26 -23872.381097] SLOW spr round 2 (radius: 5)
[02:41:42 -23872.380298] SLOW spr round 3 (radius: 10)
[02:42:00 -23872.380269] SLOW spr round 4 (radius: 15)
[02:42:31 -23871.294901] SLOW spr round 5 (radius: 5)
[02:42:53 -23870.325309] SLOW spr round 6 (radius: 5)
[02:43:11 -23870.324455] SLOW spr round 7 (radius: 10)
[02:43:29 -23870.113278] SLOW spr round 8 (radius: 5)
[02:43:49 -23870.112701] SLOW spr round 9 (radius: 10)
[02:44:08 -23870.112663] SLOW spr round 10 (radius: 15)
[02:44:38 -23870.112653] SLOW spr round 11 (radius: 20)
[02:45:06 -23869.115218] SLOW spr round 12 (radius: 5)
[02:45:28 -23869.071741] SLOW spr round 13 (radius: 10)
[02:45:50 -23869.071525] SLOW spr round 14 (radius: 15)
[02:46:18 -23868.672431] SLOW spr round 15 (radius: 5)
[02:46:39 -23868.502986] SLOW spr round 16 (radius: 5)
[02:46:58 -23868.501151] SLOW spr round 17 (radius: 10)
[02:47:15 -23868.500576] SLOW spr round 18 (radius: 15)
[02:47:46 -23868.500399] SLOW spr round 19 (radius: 20)
[02:48:16 -23867.563399] SLOW spr round 20 (radius: 5)
[02:48:38 -23866.336082] SLOW spr round 21 (radius: 5)
[02:48:58 -23864.241755] SLOW spr round 22 (radius: 5)
[02:49:15 -23864.176511] SLOW spr round 23 (radius: 10)
[02:49:32 -23862.458914] SLOW spr round 24 (radius: 5)
[02:49:53 -23862.296841] SLOW spr round 25 (radius: 5)
[02:50:11 -23862.295584] SLOW spr round 26 (radius: 10)
[02:50:29 -23860.985331] SLOW spr round 27 (radius: 5)
[02:50:49 -23859.949807] SLOW spr round 28 (radius: 5)
[02:51:07 -23859.948818] SLOW spr round 29 (radius: 10)
[02:51:25 -23859.948785] SLOW spr round 30 (radius: 15)
[02:51:55 -23856.927053] SLOW spr round 31 (radius: 5)
[02:52:16 -23856.926973] SLOW spr round 32 (radius: 10)
[02:52:36 -23856.361555] SLOW spr round 33 (radius: 5)
[02:52:57 -23855.851086] SLOW spr round 34 (radius: 5)
[02:53:14 -23855.771852] SLOW spr round 35 (radius: 10)
[02:53:32 -23855.771671] SLOW spr round 36 (radius: 15)
[02:54:02 -23855.771666] SLOW spr round 37 (radius: 20)
[02:54:32 -23855.771666] SLOW spr round 38 (radius: 25)
[02:55:03 -23854.305971] SLOW spr round 39 (radius: 5)
[02:55:26 -23853.252945] SLOW spr round 40 (radius: 5)
[02:55:45 -23853.252900] SLOW spr round 41 (radius: 10)
[02:56:03 -23852.977047] SLOW spr round 42 (radius: 5)
[02:56:24 -23852.537031] SLOW spr round 43 (radius: 5)
[02:56:42 -23852.536723] SLOW spr round 44 (radius: 10)
[02:56:59 -23852.536719] SLOW spr round 45 (radius: 15)
[02:57:30 -23852.536719] SLOW spr round 46 (radius: 20)
[02:57:59 -23852.536719] SLOW spr round 47 (radius: 25)
[02:58:28 -23852.536719] Model parameter optimization (eps = 0.100000)

[02:58:28] ML tree search #13, logLikelihood: -23852.535240

[02:58:28 -27469.499014] Initial branch length optimization
[02:58:28 -24807.444210] Model parameter optimization (eps = 10.000000)
[02:58:29 -24753.116470] AUTODETECT spr round 1 (radius: 5)
[02:58:38 -24147.308467] AUTODETECT spr round 2 (radius: 10)
[02:58:52 -24046.416186] AUTODETECT spr round 3 (radius: 15)
[02:59:09 -24000.084026] AUTODETECT spr round 4 (radius: 20)
[02:59:28 -24000.050910] SPR radius for FAST iterations: 15 (autodetect)
[02:59:28 -24000.050910] Model parameter optimization (eps = 3.000000)
[02:59:29 -23999.929153] FAST spr round 1 (radius: 15)
[02:59:44 -23908.932552] FAST spr round 2 (radius: 15)
[02:59:56 -23900.728984] FAST spr round 3 (radius: 15)
[03:00:08 -23899.287765] FAST spr round 4 (radius: 15)
[03:00:20 -23898.752384] FAST spr round 5 (radius: 15)
[03:00:31 -23898.232268] FAST spr round 6 (radius: 15)
[03:00:43 -23898.042243] FAST spr round 7 (radius: 15)
[03:00:54 -23897.909898] FAST spr round 8 (radius: 15)
[03:01:05 -23897.864234] Model parameter optimization (eps = 1.000000)
[03:01:06 -23897.812972] SLOW spr round 1 (radius: 5)
[03:01:24 -23888.912467] SLOW spr round 2 (radius: 5)
[03:01:41 -23883.963561] SLOW spr round 3 (radius: 5)
[03:01:57 -23883.963502] SLOW spr round 4 (radius: 10)
[03:02:13 -23883.921335] SLOW spr round 5 (radius: 15)
[03:02:49 -23881.879566] SLOW spr round 6 (radius: 5)
[03:03:11 -23875.060794] SLOW spr round 7 (radius: 5)
[03:03:30 -23874.256711] SLOW spr round 8 (radius: 5)
[03:03:47 -23874.099488] SLOW spr round 9 (radius: 5)
[03:04:03 -23874.099198] SLOW spr round 10 (radius: 10)
[03:04:20 -23873.617626] SLOW spr round 11 (radius: 5)
[03:04:40 -23870.444040] SLOW spr round 12 (radius: 5)
[03:04:58 -23870.443961] SLOW spr round 13 (radius: 10)
[03:05:16 -23870.443961] SLOW spr round 14 (radius: 15)
[03:05:50 -23865.836669] SLOW spr round 15 (radius: 5)
[03:06:12 -23864.065147] SLOW spr round 16 (radius: 5)
[03:06:31 -23863.773541] SLOW spr round 17 (radius: 5)
[03:06:49 -23863.772511] SLOW spr round 18 (radius: 10)
[03:07:06 -23861.844883] SLOW spr round 19 (radius: 5)
[03:07:27 -23857.966261] SLOW spr round 20 (radius: 5)
[03:07:46 -23857.899175] SLOW spr round 21 (radius: 10)
[03:08:03 -23857.897744] SLOW spr round 22 (radius: 15)
[03:08:35 -23857.595125] SLOW spr round 23 (radius: 5)
[03:08:57 -23855.657132] SLOW spr round 24 (radius: 5)
[03:09:15 -23855.655532] SLOW spr round 25 (radius: 10)
[03:09:33 -23855.655458] SLOW spr round 26 (radius: 15)
[03:10:04 -23855.199004] SLOW spr round 27 (radius: 5)
[03:10:25 -23855.126402] SLOW spr round 28 (radius: 10)
[03:10:46 -23855.126388] SLOW spr round 29 (radius: 15)
[03:11:15 -23855.126387] SLOW spr round 30 (radius: 20)
[03:11:50 -23855.126387] SLOW spr round 31 (radius: 25)
[03:12:23 -23854.739544] SLOW spr round 32 (radius: 5)
[03:12:45 -23854.543205] SLOW spr round 33 (radius: 5)
[03:13:04 -23854.543182] SLOW spr round 34 (radius: 10)
[03:13:23 -23854.543182] SLOW spr round 35 (radius: 15)
[03:13:53 -23854.543182] SLOW spr round 36 (radius: 20)
[03:14:27 -23853.945863] SLOW spr round 37 (radius: 5)
[03:14:50 -23853.702049] SLOW spr round 38 (radius: 5)
[03:15:08 -23853.700915] SLOW spr round 39 (radius: 10)
[03:15:26 -23853.700905] SLOW spr round 40 (radius: 15)
[03:15:57 -23853.700904] SLOW spr round 41 (radius: 20)
[03:16:31 -23853.700904] SLOW spr round 42 (radius: 25)
[03:17:05 -23853.700904] Model parameter optimization (eps = 0.100000)

[03:17:06] ML tree search #14, logLikelihood: -23853.655649

[03:17:06 -27472.194357] Initial branch length optimization
[03:17:06 -24772.056647] Model parameter optimization (eps = 10.000000)
[03:17:07 -24713.997362] AUTODETECT spr round 1 (radius: 5)
[03:17:16 -24278.008123] AUTODETECT spr round 2 (radius: 10)
[03:17:30 -24116.817059] AUTODETECT spr round 3 (radius: 15)
[03:17:47 -24052.320427] AUTODETECT spr round 4 (radius: 20)
[03:18:04 -24034.836559] AUTODETECT spr round 5 (radius: 25)
[03:18:20 -24034.824973] SPR radius for FAST iterations: 20 (autodetect)
[03:18:20 -24034.824973] Model parameter optimization (eps = 3.000000)
[03:18:21 -24034.797228] FAST spr round 1 (radius: 20)
[03:18:38 -23897.626453] FAST spr round 2 (radius: 20)
[03:18:51 -23883.191782] FAST spr round 3 (radius: 20)
[03:19:03 -23880.681296] FAST spr round 4 (radius: 20)
[03:19:15 -23879.362746] FAST spr round 5 (radius: 20)
[03:19:26 -23879.056311] FAST spr round 6 (radius: 20)
[03:19:37 -23878.815070] FAST spr round 7 (radius: 20)
[03:19:48 -23878.609038] FAST spr round 8 (radius: 20)
[03:19:59 -23878.430208] FAST spr round 9 (radius: 20)
[03:20:10 -23878.430061] Model parameter optimization (eps = 1.000000)
[03:20:10 -23878.312763] SLOW spr round 1 (radius: 5)
[03:20:28 -23875.082015] SLOW spr round 2 (radius: 5)
[03:20:45 -23875.081433] SLOW spr round 3 (radius: 10)
[03:21:01 -23874.133369] SLOW spr round 4 (radius: 5)
[03:21:22 -23874.132237] SLOW spr round 5 (radius: 10)
[03:21:42 -23873.871976] SLOW spr round 6 (radius: 5)
[03:22:02 -23873.870037] SLOW spr round 7 (radius: 10)
[03:22:22 -23873.387349] SLOW spr round 8 (radius: 5)
[03:22:43 -23869.555658] SLOW spr round 9 (radius: 5)
[03:23:01 -23869.554434] SLOW spr round 10 (radius: 10)
[03:23:18 -23869.554334] SLOW spr round 11 (radius: 15)
[03:23:50 -23869.000967] SLOW spr round 12 (radius: 5)
[03:24:12 -23859.040872] SLOW spr round 13 (radius: 5)
[03:24:31 -23858.807907] SLOW spr round 14 (radius: 5)
[03:24:48 -23858.805681] SLOW spr round 15 (radius: 10)
[03:25:04 -23858.805375] SLOW spr round 16 (radius: 15)
[03:25:37 -23858.805328] SLOW spr round 17 (radius: 20)
[03:26:09 -23858.805320] SLOW spr round 18 (radius: 25)
[03:26:43 -23858.805318] Model parameter optimization (eps = 0.100000)

[03:26:43] ML tree search #15, logLikelihood: -23858.780762

[03:26:43 -27472.658820] Initial branch length optimization
[03:26:44 -24772.792865] Model parameter optimization (eps = 10.000000)
[03:26:44 -24723.555973] AUTODETECT spr round 1 (radius: 5)
[03:26:53 -24172.436618] AUTODETECT spr round 2 (radius: 10)
[03:27:07 -24074.041858] AUTODETECT spr round 3 (radius: 15)
[03:27:26 -24022.793189] AUTODETECT spr round 4 (radius: 20)
[03:27:47 -24018.691525] AUTODETECT spr round 5 (radius: 25)
[03:28:07 -24018.683907] SPR radius for FAST iterations: 20 (autodetect)
[03:28:07 -24018.683907] Model parameter optimization (eps = 3.000000)
[03:28:07 -24018.548828] FAST spr round 1 (radius: 20)
[03:28:24 -23908.548453] FAST spr round 2 (radius: 20)
[03:28:37 -23893.343881] FAST spr round 3 (radius: 20)
[03:28:49 -23889.178532] FAST spr round 4 (radius: 20)
[03:29:01 -23887.312874] FAST spr round 5 (radius: 20)
[03:29:12 -23886.653369] FAST spr round 6 (radius: 20)
[03:29:24 -23886.365756] FAST spr round 7 (radius: 20)
[03:29:35 -23886.270931] Model parameter optimization (eps = 1.000000)
[03:29:35 -23885.750859] SLOW spr round 1 (radius: 5)
[03:29:53 -23883.179280] SLOW spr round 2 (radius: 5)
[03:30:11 -23881.983606] SLOW spr round 3 (radius: 5)
[03:30:27 -23881.983161] SLOW spr round 4 (radius: 10)
[03:30:45 -23879.989674] SLOW spr round 5 (radius: 5)
[03:31:07 -23878.138293] SLOW spr round 6 (radius: 5)
[03:31:25 -23877.073317] SLOW spr round 7 (radius: 5)
[03:31:42 -23877.073180] SLOW spr round 8 (radius: 10)
[03:32:00 -23875.330904] SLOW spr round 9 (radius: 5)
[03:32:21 -23874.740179] SLOW spr round 10 (radius: 5)
[03:32:39 -23874.738926] SLOW spr round 11 (radius: 10)
[03:32:57 -23874.738826] SLOW spr round 12 (radius: 15)
[03:33:28 -23874.738817] SLOW spr round 13 (radius: 20)
[03:34:00 -23873.389516] SLOW spr round 14 (radius: 5)
[03:34:22 -23873.207993] SLOW spr round 15 (radius: 5)
[03:34:41 -23873.206933] SLOW spr round 16 (radius: 10)
[03:35:00 -23873.165209] SLOW spr round 17 (radius: 15)
[03:35:30 -23872.874475] SLOW spr round 18 (radius: 5)
[03:35:52 -23865.966678] SLOW spr round 19 (radius: 5)
[03:36:11 -23865.803410] SLOW spr round 20 (radius: 5)
[03:36:28 -23865.802999] SLOW spr round 21 (radius: 10)
[03:36:46 -23863.478201] SLOW spr round 22 (radius: 5)
[03:37:07 -23863.337131] SLOW spr round 23 (radius: 5)
[03:37:25 -23863.336246] SLOW spr round 24 (radius: 10)
[03:37:43 -23863.283746] SLOW spr round 25 (radius: 15)
[03:38:14 -23863.100379] SLOW spr round 26 (radius: 5)
[03:38:36 -23861.408671] SLOW spr round 27 (radius: 5)
[03:38:54 -23861.401016] SLOW spr round 28 (radius: 10)
[03:39:12 -23861.283731] SLOW spr round 29 (radius: 5)
[03:39:33 -23860.804429] SLOW spr round 30 (radius: 5)
[03:39:51 -23860.803944] SLOW spr round 31 (radius: 10)
[03:40:09 -23860.803941] SLOW spr round 32 (radius: 15)
[03:40:38 -23860.803940] SLOW spr round 33 (radius: 20)
[03:41:05 -23860.803940] SLOW spr round 34 (radius: 25)
[03:41:32 -23860.803939] Model parameter optimization (eps = 0.100000)

[03:41:32] ML tree search #16, logLikelihood: -23860.803540

[03:41:32 -27547.021935] Initial branch length optimization
[03:41:32 -24866.459120] Model parameter optimization (eps = 10.000000)
[03:41:33 -24799.794662] AUTODETECT spr round 1 (radius: 5)
[03:41:42 -24238.832158] AUTODETECT spr round 2 (radius: 10)
[03:41:56 -24030.991852] AUTODETECT spr round 3 (radius: 15)
[03:42:13 -23995.020408] AUTODETECT spr round 4 (radius: 20)
[03:42:30 -23995.006396] SPR radius for FAST iterations: 15 (autodetect)
[03:42:30 -23995.006396] Model parameter optimization (eps = 3.000000)
[03:42:31 -23993.308356] FAST spr round 1 (radius: 15)
[03:42:46 -23888.792616] FAST spr round 2 (radius: 15)
[03:42:59 -23878.763809] FAST spr round 3 (radius: 15)
[03:43:10 -23878.039714] FAST spr round 4 (radius: 15)
[03:43:22 -23877.497191] FAST spr round 5 (radius: 15)
[03:43:33 -23877.092775] FAST spr round 6 (radius: 15)
[03:43:44 -23876.754229] FAST spr round 7 (radius: 15)
[03:43:55 -23874.310027] FAST spr round 8 (radius: 15)
[03:44:06 -23874.147446] FAST spr round 9 (radius: 15)
[03:44:17 -23874.048062] Model parameter optimization (eps = 1.000000)
[03:44:17 -23873.869453] SLOW spr round 1 (radius: 5)
[03:44:36 -23867.394559] SLOW spr round 2 (radius: 5)
[03:44:53 -23867.310079] SLOW spr round 3 (radius: 10)
[03:45:10 -23865.208738] SLOW spr round 4 (radius: 5)
[03:45:32 -23859.181655] SLOW spr round 5 (radius: 5)
[03:45:50 -23858.979614] SLOW spr round 6 (radius: 5)
[03:46:07 -23858.979353] SLOW spr round 7 (radius: 10)
[03:46:25 -23853.576173] SLOW spr round 8 (radius: 5)
[03:46:46 -23850.676034] SLOW spr round 9 (radius: 5)
[03:47:04 -23850.676011] SLOW spr round 10 (radius: 10)
[03:47:22 -23848.831326] SLOW spr round 11 (radius: 5)
[03:47:44 -23848.286832] SLOW spr round 12 (radius: 5)
[03:48:02 -23848.284394] SLOW spr round 13 (radius: 10)
[03:48:21 -23848.232836] SLOW spr round 14 (radius: 15)
[03:48:54 -23848.231806] SLOW spr round 15 (radius: 20)
[03:49:26 -23847.370364] SLOW spr round 16 (radius: 5)
[03:49:48 -23847.118966] SLOW spr round 17 (radius: 5)
[03:50:08 -23847.118373] SLOW spr round 18 (radius: 10)
[03:50:27 -23845.617054] SLOW spr round 19 (radius: 5)
[03:50:48 -23845.027199] SLOW spr round 20 (radius: 5)
[03:51:05 -23845.027075] SLOW spr round 21 (radius: 10)
[03:51:24 -23842.705619] SLOW spr round 22 (radius: 5)
[03:51:45 -23841.095108] SLOW spr round 23 (radius: 5)
[03:52:03 -23841.094726] SLOW spr round 24 (radius: 10)
[03:52:21 -23835.081227] SLOW spr round 25 (radius: 5)
[03:52:41 -23835.073379] SLOW spr round 26 (radius: 10)
[03:53:02 -23834.262746] SLOW spr round 27 (radius: 5)
[03:53:22 -23834.236834] SLOW spr round 28 (radius: 10)
[03:53:41 -23834.236010] SLOW spr round 29 (radius: 15)
[03:54:13 -23834.235948] SLOW spr round 30 (radius: 20)
[03:54:44 -23834.235943] SLOW spr round 31 (radius: 25)
[03:55:22 -23834.235943] Model parameter optimization (eps = 0.100000)

[03:55:23] ML tree search #17, logLikelihood: -23834.224243

[03:55:23 -27421.608828] Initial branch length optimization
[03:55:23 -24738.205333] Model parameter optimization (eps = 10.000000)
[03:55:23 -24683.232302] AUTODETECT spr round 1 (radius: 5)
[03:55:33 -24179.059338] AUTODETECT spr round 2 (radius: 10)
[03:55:47 -24027.717055] AUTODETECT spr round 3 (radius: 15)
[03:56:05 -24011.142965] AUTODETECT spr round 4 (radius: 20)
[03:56:24 -24011.132623] SPR radius for FAST iterations: 15 (autodetect)
[03:56:24 -24011.132623] Model parameter optimization (eps = 3.000000)
[03:56:24 -24011.111172] FAST spr round 1 (radius: 15)
[03:56:40 -23909.588402] FAST spr round 2 (radius: 15)
[03:56:53 -23893.575724] FAST spr round 3 (radius: 15)
[03:57:05 -23889.486743] FAST spr round 4 (radius: 15)
[03:57:16 -23888.413069] FAST spr round 5 (radius: 15)
[03:57:28 -23888.410594] Model parameter optimization (eps = 1.000000)
[03:57:28 -23888.409960] SLOW spr round 1 (radius: 5)
[03:57:47 -23885.265742] SLOW spr round 2 (radius: 5)
[03:58:04 -23885.041933] SLOW spr round 3 (radius: 5)
[03:58:20 -23885.041549] SLOW spr round 4 (radius: 10)
[03:58:38 -23884.725387] SLOW spr round 5 (radius: 5)
[03:58:59 -23884.577294] SLOW spr round 6 (radius: 5)
[03:59:18 -23884.577121] SLOW spr round 7 (radius: 10)
[03:59:36 -23884.300105] SLOW spr round 8 (radius: 5)
[03:59:57 -23884.294195] SLOW spr round 9 (radius: 10)
[04:00:18 -23884.136271] SLOW spr round 10 (radius: 5)
[04:00:39 -23882.257356] SLOW spr round 11 (radius: 5)
[04:00:57 -23881.251981] SLOW spr round 12 (radius: 5)
[04:01:14 -23881.251869] SLOW spr round 13 (radius: 10)
[04:01:32 -23880.861669] SLOW spr round 14 (radius: 5)
[04:01:52 -23880.857270] SLOW spr round 15 (radius: 10)
[04:02:13 -23880.856885] SLOW spr round 16 (radius: 15)
[04:02:44 -23875.677536] SLOW spr round 17 (radius: 5)
[04:03:06 -23872.152174] SLOW spr round 18 (radius: 5)
[04:03:24 -23871.737897] SLOW spr round 19 (radius: 5)
[04:03:41 -23871.657141] SLOW spr round 20 (radius: 10)
[04:03:59 -23871.392908] SLOW spr round 21 (radius: 5)
[04:04:20 -23870.624266] SLOW spr round 22 (radius: 5)
[04:04:38 -23870.525668] SLOW spr round 23 (radius: 10)
[04:04:56 -23870.342146] SLOW spr round 24 (radius: 5)
[04:05:18 -23869.259982] SLOW spr round 25 (radius: 5)
[04:05:36 -23866.255097] SLOW spr round 26 (radius: 5)
[04:05:54 -23865.352664] SLOW spr round 27 (radius: 5)
[04:06:10 -23865.352510] SLOW spr round 28 (radius: 10)
[04:06:28 -23863.878744] SLOW spr round 29 (radius: 5)
[04:06:49 -23859.381793] SLOW spr round 30 (radius: 5)
[04:07:07 -23859.379712] SLOW spr round 31 (radius: 10)
[04:07:26 -23859.379540] SLOW spr round 32 (radius: 15)
[04:07:56 -23858.721454] SLOW spr round 33 (radius: 5)
[04:08:18 -23857.656134] SLOW spr round 34 (radius: 5)
[04:08:37 -23856.812826] SLOW spr round 35 (radius: 5)
[04:08:55 -23856.812633] SLOW spr round 36 (radius: 10)
[04:09:12 -23856.812630] SLOW spr round 37 (radius: 15)
[04:09:43 -23856.812630] SLOW spr round 38 (radius: 20)
[04:10:09 -23855.183214] SLOW spr round 39 (radius: 5)
[04:10:32 -23855.182696] SLOW spr round 40 (radius: 10)
[04:10:55 -23855.182664] SLOW spr round 41 (radius: 15)
[04:11:24 -23855.182661] SLOW spr round 42 (radius: 20)
[04:11:50 -23855.182661] SLOW spr round 43 (radius: 25)
[04:12:21 -23855.182661] Model parameter optimization (eps = 0.100000)

[04:12:21] ML tree search #18, logLikelihood: -23855.181170

[04:12:21 -27515.820868] Initial branch length optimization
[04:12:21 -24765.408813] Model parameter optimization (eps = 10.000000)
[04:12:22 -24722.507932] AUTODETECT spr round 1 (radius: 5)
[04:12:31 -24310.628907] AUTODETECT spr round 2 (radius: 10)
[04:12:44 -24140.791960] AUTODETECT spr round 3 (radius: 15)
[04:13:03 -24086.062205] AUTODETECT spr round 4 (radius: 20)
[04:13:25 -24059.925194] AUTODETECT spr round 5 (radius: 25)
[04:13:46 -24058.653137] SPR radius for FAST iterations: 25 (autodetect)
[04:13:46 -24058.653137] Model parameter optimization (eps = 3.000000)
[04:13:46 -24058.552733] FAST spr round 1 (radius: 25)
[04:14:03 -23931.109319] FAST spr round 2 (radius: 25)
[04:14:17 -23898.643147] FAST spr round 3 (radius: 25)
[04:14:29 -23896.291527] FAST spr round 4 (radius: 25)
[04:14:41 -23895.754388] FAST spr round 5 (radius: 25)
[04:14:52 -23895.518810] FAST spr round 6 (radius: 25)
[04:15:03 -23895.356546] FAST spr round 7 (radius: 25)
[04:15:14 -23895.256958] Model parameter optimization (eps = 1.000000)
[04:15:14 -23895.249847] SLOW spr round 1 (radius: 5)
[04:15:33 -23891.654799] SLOW spr round 2 (radius: 5)
[04:15:50 -23891.654132] SLOW spr round 3 (radius: 10)
[04:16:07 -23888.810951] SLOW spr round 4 (radius: 5)
[04:16:29 -23884.758082] SLOW spr round 5 (radius: 5)
[04:16:48 -23884.757574] SLOW spr round 6 (radius: 10)
[04:17:05 -23884.479125] SLOW spr round 7 (radius: 5)
[04:17:26 -23884.326447] SLOW spr round 8 (radius: 5)
[04:17:44 -23883.833738] SLOW spr round 9 (radius: 5)
[04:18:01 -23883.833071] SLOW spr round 10 (radius: 10)
[04:18:18 -23883.327930] SLOW spr round 11 (radius: 5)
[04:18:39 -23883.262894] SLOW spr round 12 (radius: 10)
[04:18:59 -23883.077126] SLOW spr round 13 (radius: 5)
[04:19:19 -23883.075149] SLOW spr round 14 (radius: 10)
[04:19:39 -23882.979997] SLOW spr round 15 (radius: 15)
[04:20:07 -23879.051386] SLOW spr round 16 (radius: 5)
[04:20:29 -23876.941774] SLOW spr round 17 (radius: 5)
[04:20:47 -23876.941383] SLOW spr round 18 (radius: 10)
[04:21:04 -23876.941378] SLOW spr round 19 (radius: 15)
[04:21:33 -23875.757336] SLOW spr round 20 (radius: 5)
[04:21:54 -23875.506597] SLOW spr round 21 (radius: 5)
[04:22:12 -23875.506589] SLOW spr round 22 (radius: 10)
[04:22:30 -23874.589502] SLOW spr round 23 (radius: 5)
[04:22:51 -23872.966196] SLOW spr round 24 (radius: 5)
[04:23:09 -23872.271174] SLOW spr round 25 (radius: 5)
[04:23:26 -23870.146784] SLOW spr round 26 (radius: 5)
[04:23:42 -23870.126299] SLOW spr round 27 (radius: 10)
[04:23:59 -23868.973969] SLOW spr round 28 (radius: 5)
[04:24:19 -23868.973904] SLOW spr round 29 (radius: 10)
[04:24:39 -23868.973903] SLOW spr round 30 (radius: 15)
[04:25:07 -23868.973903] SLOW spr round 31 (radius: 20)
[04:25:37 -23867.669036] SLOW spr round 32 (radius: 5)
[04:26:00 -23861.173265] SLOW spr round 33 (radius: 5)
[04:26:19 -23860.609376] SLOW spr round 34 (radius: 5)
[04:26:37 -23860.609180] SLOW spr round 35 (radius: 10)
[04:26:54 -23860.609177] SLOW spr round 36 (radius: 15)
[04:27:24 -23860.446583] SLOW spr round 37 (radius: 5)
[04:27:45 -23859.742775] SLOW spr round 38 (radius: 5)
[04:28:04 -23859.648468] SLOW spr round 39 (radius: 10)
[04:28:21 -23859.134792] SLOW spr round 40 (radius: 5)
[04:28:42 -23858.628155] SLOW spr round 41 (radius: 5)
[04:29:00 -23858.627993] SLOW spr round 42 (radius: 10)
[04:29:18 -23858.627977] SLOW spr round 43 (radius: 15)
[04:29:47 -23858.098364] SLOW spr round 44 (radius: 5)
[04:30:08 -23858.098156] SLOW spr round 45 (radius: 10)
[04:30:29 -23857.381358] SLOW spr round 46 (radius: 5)
[04:30:49 -23857.381341] SLOW spr round 47 (radius: 10)
[04:31:08 -23857.341768] SLOW spr round 48 (radius: 15)
[04:31:36 -23857.336372] SLOW spr round 49 (radius: 20)
[04:32:08 -23857.311847] SLOW spr round 50 (radius: 25)
[04:32:42 -23857.311357] Model parameter optimization (eps = 0.100000)

[04:32:42] ML tree search #19, logLikelihood: -23857.201463

[04:32:42 -27553.610890] Initial branch length optimization
[04:32:42 -24768.402028] Model parameter optimization (eps = 10.000000)
[04:32:43 -24705.742169] AUTODETECT spr round 1 (radius: 5)
[04:32:52 -24276.439669] AUTODETECT spr round 2 (radius: 10)
[04:33:06 -24118.988609] AUTODETECT spr round 3 (radius: 15)
[04:33:23 -24047.130629] AUTODETECT spr round 4 (radius: 20)
[04:33:44 -24016.685811] AUTODETECT spr round 5 (radius: 25)
[04:34:04 -24016.673380] SPR radius for FAST iterations: 20 (autodetect)
[04:34:04 -24016.673380] Model parameter optimization (eps = 3.000000)
[04:34:05 -24016.648084] FAST spr round 1 (radius: 20)
[04:34:21 -23895.746064] FAST spr round 2 (radius: 20)
[04:34:34 -23882.722731] FAST spr round 3 (radius: 20)
[04:34:46 -23881.227022] FAST spr round 4 (radius: 20)
[04:34:57 -23880.940543] FAST spr round 5 (radius: 20)
[04:35:08 -23880.523480] FAST spr round 6 (radius: 20)
[04:35:19 -23877.659787] FAST spr round 7 (radius: 20)
[04:35:30 -23876.276339] FAST spr round 8 (radius: 20)
[04:35:41 -23874.197666] FAST spr round 9 (radius: 20)
[04:35:52 -23873.956210] FAST spr round 10 (radius: 20)
[04:36:03 -23873.594811] FAST spr round 11 (radius: 20)
[04:36:14 -23873.420496] FAST spr round 12 (radius: 20)
[04:36:24 -23873.362433] Model parameter optimization (eps = 1.000000)
[04:36:24 -23873.359412] SLOW spr round 1 (radius: 5)
[04:36:43 -23870.343570] SLOW spr round 2 (radius: 5)
[04:36:59 -23870.335828] SLOW spr round 3 (radius: 10)
[04:37:17 -23870.225643] SLOW spr round 4 (radius: 5)
[04:37:38 -23869.634136] SLOW spr round 5 (radius: 5)
[04:37:57 -23868.171330] SLOW spr round 6 (radius: 5)
[04:38:15 -23868.170081] SLOW spr round 7 (radius: 10)
[04:38:32 -23868.169958] SLOW spr round 8 (radius: 15)
[04:39:06 -23866.371280] SLOW spr round 9 (radius: 5)
[04:39:28 -23865.335866] SLOW spr round 10 (radius: 5)
[04:39:46 -23865.335657] SLOW spr round 11 (radius: 10)
[04:40:04 -23865.335647] SLOW spr round 12 (radius: 15)
[04:40:37 -23862.989990] SLOW spr round 13 (radius: 5)
[04:40:58 -23862.931734] SLOW spr round 14 (radius: 10)
[04:41:19 -23862.900142] SLOW spr round 15 (radius: 15)
[04:41:50 -23862.897830] SLOW spr round 16 (radius: 20)
[04:42:16 -23862.897633] SLOW spr round 17 (radius: 25)
[04:42:50 -23862.897595] Model parameter optimization (eps = 0.100000)

[04:42:50] ML tree search #20, logLikelihood: -23862.691723


Optimized model parameters:

   Partition 0: noname
   Rate heterogeneity: GAMMA (4 cats, mean),  alpha: 1.874129 (ML),  weights&rates: (0.250000,0.277772) (0.250000,0.640925) (0.250000,1.066495) (0.250000,2.014808) 
   Base frequencies (model): 0.079066 0.055941 0.041977 0.053052 0.012937 0.040767 0.071586 0.057337 0.022355 0.062157 0.099081 0.064600 0.022951 0.042302 0.044040 0.061197 0.053287 0.012066 0.034155 0.069147 
   Substitution rates (model): 0.425093 0.276818 0.395144 2.489084 0.969894 1.038545 2.066040 0.358858 0.149830 0.395337 0.536518 1.124035 0.253701 1.177651 4.727182 2.139501 0.180717 0.218959 2.547870 0.751878 0.123954 0.534551 2.807908 0.363970 0.390192 2.426601 0.126991 0.301848 6.326067 0.484133 0.052722 0.332533 0.858151 0.578987 0.593607 0.314440 0.170887 5.076149 0.528768 1.695752 0.541712 1.437645 4.509238 0.191503 0.068427 2.145078 0.371004 0.089525 0.161787 4.008358 2.000679 0.045376 0.612025 0.083688 0.062556 0.523386 5.243870 0.844926 0.927114 0.010690 0.015076 0.282959 0.025548 0.017416 0.394456 1.240275 0.425860 0.029890 0.135107 0.037967 0.084808 0.003499 0.569265 0.640543 0.320627 0.594007 0.013266 0.893680 1.105251 0.075382 2.784478 1.143480 0.670128 1.165532 1.959291 4.128591 0.267959 4.813505 0.072854 0.582457 3.234294 1.672569 0.035855 0.624294 1.223828 1.080136 0.236199 0.257336 0.210332 0.348847 0.423881 0.044265 0.069673 1.807177 0.173735 0.018811 0.419409 0.611973 0.604545 0.077852 0.120037 0.245034 0.311484 0.008705 0.044261 0.296636 0.139538 0.089586 0.196961 1.739990 0.129836 0.268491 0.054679 0.076701 0.108882 0.366317 0.697264 0.442472 0.682139 0.508851 0.990012 0.584262 0.597054 5.306834 0.119013 4.145067 0.159069 4.273607 1.112727 0.078281 0.064105 1.033739 0.111660 0.232523 10.649107 0.137500 6.312358 2.592692 0.249060 0.182287 0.302936 0.619632 0.299648 1.702745 0.656604 0.023918 0.390322 0.748683 1.136863 0.049906 0.131932 0.185202 1.798853 0.099849 0.346960 2.020366 0.696175 0.481306 1.898718 0.094464 0.361819 0.165001 2.457121 7.803902 0.654683 1.338132 0.571468 0.095131 0.089613 0.296501 6.472279 0.248862 0.400547 0.098369 0.140825 0.245841 2.188158 3.151815 0.189510 0.249313 


Final LogLikelihood: -23834.089358

AIC score: 49056.178715 / AICc score: 1013716.178715 / BIC score: 50449.267946
Free parameters (model + branch lengths): 694

WARNING: Number of free parameters (K=694) is larger than alignment size (n=55).
         This might lead to overfitting and compromise tree inference results!


Best ML tree saved to: /geode2/home/u020/danschw/Carbonate/GitHub/spore-phage-sigma/phylo/data/align-trim-tree/sigmas_MafftEinsi.trim.raxml.reduced.phy.raxml.rba.raxml.bestTree
All ML trees saved to: /geode2/home/u020/danschw/Carbonate/GitHub/spore-phage-sigma/phylo/data/align-trim-tree/sigmas_MafftEinsi.trim.raxml.reduced.phy.raxml.rba.raxml.mlTrees
Optimized model saved to: /geode2/home/u020/danschw/Carbonate/GitHub/spore-phage-sigma/phylo/data/align-trim-tree/sigmas_MafftEinsi.trim.raxml.reduced.phy.raxml.rba.raxml.bestModel

Execution log saved to: /geode2/home/u020/danschw/Carbonate/GitHub/spore-phage-sigma/phylo/data/align-trim-tree/sigmas_MafftEinsi.trim.raxml.reduced.phy.raxml.rba.raxml.log

Analysis started: 21-Aug-2021 22:21:00 / finished: 22-Aug-2021 03:03:51

Elapsed time: 16970.633 seconds

