
RAxML-NG v. 0.9.0git released on 24.05.2019 by The Exelixis Lab.
Developed by: Alexey M. Kozlov and Alexandros Stamatakis.
Contributors: Diego Darriba, Tomas Flouri, Benoit Morel, Sarah Lutteropp, Ben Bettisworth.
Latest version: https://github.com/amkozlov/raxml-ng
Questions/problems/suggestions? Please visit: https://groups.google.com/forum/#!forum/raxml

RAxML-NG was called at 24-Aug-2021 17:01:54 as follows:

raxml-ng --check --msa /N/u/danschw/Carbonate/GitHub/spore-phage-sigma/phylo/data/align-trim-tree/sigmas_MafftEinsi.trim --model LG+G4 --data-type AA

Analysis options:
  run mode: Alignment validation
  start tree(s): 
  random seed: 1629838914
  SIMD kernels: AVX2
  parallelization: PTHREADS (24 threads), thread pinning: OFF

[00:00:00] Reading alignment from file: /N/u/danschw/Carbonate/GitHub/spore-phage-sigma/phylo/data/align-trim-tree/sigmas_MafftEinsi.trim
[00:00:00] Loaded alignment with 419 taxa and 172 sites

WARNING: Sequences YP_008771927.1-phage and YP_008770739.1-phage are exactly identical!
WARNING: Sequences YP_008771927.1-phage and YP_009203629.1-phage are exactly identical!
WARNING: Sequences YP_009829851.1-phage and YP_006488705.1-phage are exactly identical!
WARNING: Sequences YP_002300430.1-phage and YP_008770092.1-phage are exactly identical!
WARNING: Sequences YP_006907988.1-phage and YP_009206960.1-phage are exactly identical!
WARNING: Sequences YP_006907735.1-phage and YP_009003061.1-phage are exactly identical!
WARNING: Sequences YP_009215953.1-phage and YP_009216173.1-phage are exactly identical!
WARNING: Sequences YP_009037083.1-phage and YP_009035374.1-phage are exactly identical!
WARNING: Sequences YP_009035701.1-phage and YP_006907409.1-phage are exactly identical!
WARNING: Sequences YP_009036624.1-phage and YP_009036248.1-phage are exactly identical!
WARNING: Sequences YP_009036624.1-phage and YP_009287061.1-phage are exactly identical!
WARNING: Sequences YP_009036624.1-phage and YP_009282577.1-phage are exactly identical!
WARNING: Sequences YP_009036624.1-phage and YP_009284509.1-phage are exactly identical!
WARNING: Sequences YP_009036624.1-phage and YP_009280984.1-phage are exactly identical!
WARNING: Sequences YP_009036624.1-phage and YP_009279351.1-phage are exactly identical!
WARNING: Sequences YP_009036624.1-phage and YP_009285127.1-phage are exactly identical!
WARNING: Sequences YP_009055929.1-phage and YP_009206524.1-phage are exactly identical!
WARNING: Sequences YP_009291759.1-phage and YP_009280555.1-phage are exactly identical!
WARNING: Sequences YP_009818180.1-phage and YP_009814287.1-phage are exactly identical!
WARNING: Sequences YP_009818180.1-phage and YP_009814457.1-phage are exactly identical!
WARNING: Sequences YP_007517433.1-phage and YP_009592276.1-phage are exactly identical!
WARNING: Sequences YP_009149687.1-phage and YP_009149125.1-phage are exactly identical!
WARNING: Sequences YP_008430993.1-phage and YP_009055966.1-phage are exactly identical!
WARNING: Sequences YP_008430993.1-phage and YP_009290078.1-phage are exactly identical!
WARNING: Sequences YP_008771361.1-phage and YP_009210079.1-phage are exactly identical!
WARNING: Sequences YP_009037113.1-phage and YP_009035734.1-phage are exactly identical!
WARNING: Sequences YP_009037113.1-phage and YP_006907438.1-phage are exactly identical!
WARNING: Sequences YP_009036672.1-phage and YP_009284554.1-phage are exactly identical!
WARNING: Sequences YP_009036672.1-phage and YP_009281029.1-phage are exactly identical!
WARNING: Sequences YP_009036672.1-phage and YP_009279398.1-phage are exactly identical!
WARNING: Sequences YP_009830772.1-phage and YP_009285288.1-phage are exactly identical!
WARNING: Sequences YP_009626754.1-phage and YP_009031481.1-phage are exactly identical!
WARNING: Sequences YP_009626755.1-phage and YP_009031482.1-phage are exactly identical!
WARNING: Sequences YP_512346.1-phage and YP_338218.1-phage are exactly identical!
WARNING: Sequences YP_512346.1-phage and YP_460001.1-phage are exactly identical!
WARNING: Duplicate sequences found: 35

NOTE: Reduced alignment (with duplicates and gap-only sites/taxa removed) 
NOTE: was saved to: /geode2/home/u020/danschw/Carbonate/GitHub/spore-phage-sigma/phylo/data/align-trim-tree/sigmas_MafftEinsi.trim.raxml.reduced.phy

Alignment comprises 1 partitions and 172 patterns

Partition 0: noname
Model: LG+G4m
Alignment sites / patterns: 172 / 172
Gaps: 4.67 %
Invariant sites: 0.00 %


Alignment can be successfully read by RAxML-NG.


Execution log saved to: /geode2/home/u020/danschw/Carbonate/GitHub/spore-phage-sigma/phylo/data/align-trim-tree/sigmas_MafftEinsi.trim.raxml.log

Analysis started: 24-Aug-2021 17:01:54 / finished: 24-Aug-2021 17:01:54

Elapsed time: 0.313 seconds

