
RAxML-NG v. 0.9.0git released on 24.05.2019 by The Exelixis Lab.
Developed by: Alexey M. Kozlov and Alexandros Stamatakis.
Contributors: Diego Darriba, Tomas Flouri, Benoit Morel, Sarah Lutteropp, Ben Bettisworth.
Latest version: https://github.com/amkozlov/raxml-ng
Questions/problems/suggestions? Please visit: https://groups.google.com/forum/#!forum/raxml

RAxML-NG was called at 26-Aug-2021 06:54:46 as follows:

raxml-ng --bootstrap --msa /N/u/danschw/Carbonate/GitHub/spore-phage-sigma/phylo/data/reduced_set_to_align/check_msa/parse.raxml.rba --model LG+G4 --prefix bs222 --seed 222 --threads 2 --tree pars{5} --bs-trees 25

Analysis options:
  run mode: Bootstrapping
  start tree(s): parsimony (5)
  bootstrap replicates: 25
  random seed: 222
  tip-inner: OFF
  pattern compression: ON
  per-rate scalers: OFF
  site repeats: ON
  branch lengths: proportional (ML estimate, algorithm: NR-FAST)
  SIMD kernels: AVX2
  parallelization: PTHREADS (2 threads), thread pinning: OFF

WARNING: The model you specified on the command line (LG+G4) will be ignored 
         since the binary MSA file already contains a model definition.
         If you want to change the model, please re-run RAxML-NG 
         with the original PHYLIP/FASTA alignment and --redo option.

[00:00:00] Loading binary alignment from file: /N/u/danschw/Carbonate/GitHub/spore-phage-sigma/phylo/data/reduced_set_to_align/check_msa/parse.raxml.rba
[00:00:00] Alignment comprises 182 taxa, 1 partitions and 122 patterns

Partition 0: noname
Model: LG+G4m
Alignment sites / patterns: 122 / 122
Gaps: 0.85 %
Invariant sites: 0.00 %


[00:00:00] Data distribution: max. partitions/sites/weight per thread: 1 / 61 / 4880
[00:00:00] Starting bootstrapping analysis with 25 replicates.

[00:03:06] Bootstrap tree #1, logLikelihood: -27944.315117
[00:07:11] Bootstrap tree #2, logLikelihood: -27789.876901
[00:09:08] Bootstrap tree #3, logLikelihood: -28101.414114
[00:11:36] Bootstrap tree #4, logLikelihood: -28743.429731
[00:13:58] Bootstrap tree #5, logLikelihood: -28063.492085
[00:17:49] Bootstrap tree #6, logLikelihood: -26663.451143
[00:20:52] Bootstrap tree #7, logLikelihood: -26039.878910
[00:24:44] Bootstrap tree #8, logLikelihood: -27528.777984
[00:28:06] Bootstrap tree #9, logLikelihood: -28255.107059
[00:30:32] Bootstrap tree #10, logLikelihood: -29426.367104
[00:33:23] Bootstrap tree #11, logLikelihood: -27095.307858
[00:35:46] Bootstrap tree #12, logLikelihood: -26425.381553
[00:38:44] Bootstrap tree #13, logLikelihood: -27444.884728
[00:41:07] Bootstrap tree #14, logLikelihood: -27451.850007
[00:43:44] Bootstrap tree #15, logLikelihood: -27022.157865
[00:45:30] Bootstrap tree #16, logLikelihood: -28572.546394
[00:50:24] Bootstrap tree #17, logLikelihood: -27053.237588
[00:52:26] Bootstrap tree #18, logLikelihood: -27987.346760
[00:55:23] Bootstrap tree #19, logLikelihood: -27267.116539
[00:57:39] Bootstrap tree #20, logLikelihood: -27053.496631
[01:00:01] Bootstrap tree #21, logLikelihood: -28343.453735
[01:01:47] Bootstrap tree #22, logLikelihood: -26126.386193
[01:04:16] Bootstrap tree #23, logLikelihood: -27652.375320
[01:06:35] Bootstrap tree #24, logLikelihood: -28778.993588
[01:09:58] Bootstrap tree #25, logLikelihood: -28812.527154

Bootstrap trees saved to: /geode2/home/u020/danschw/Carbonate/GitHub/spore-phage-sigma/phylo/data/reduced_set_to_align/tree/bootstraps/bs222.raxml.bootstraps

Execution log saved to: /geode2/home/u020/danschw/Carbonate/GitHub/spore-phage-sigma/phylo/data/reduced_set_to_align/tree/bootstraps/bs222.raxml.log

Analysis started: 26-Aug-2021 06:54:46 / finished: 26-Aug-2021 08:04:45

Elapsed time: 4198.549 seconds

