
RAxML-NG v. 0.9.0git released on 24.05.2019 by The Exelixis Lab.
Developed by: Alexey M. Kozlov and Alexandros Stamatakis.
Contributors: Diego Darriba, Tomas Flouri, Benoit Morel, Sarah Lutteropp, Ben Bettisworth.
Latest version: https://github.com/amkozlov/raxml-ng
Questions/problems/suggestions? Please visit: https://groups.google.com/forum/#!forum/raxml

RAxML-NG was called at 26-Aug-2021 06:54:46 as follows:

raxml-ng --bootstrap --msa /N/u/danschw/Carbonate/GitHub/spore-phage-sigma/phylo/data/reduced_set_to_align/check_msa/parse.raxml.rba --model LG+G4 --prefix bs242424 --seed 242424 --threads 2 --tree pars{5} --bs-trees 25

Analysis options:
  run mode: Bootstrapping
  start tree(s): parsimony (5)
  bootstrap replicates: 25
  random seed: 242424
  tip-inner: OFF
  pattern compression: ON
  per-rate scalers: OFF
  site repeats: ON
  branch lengths: proportional (ML estimate, algorithm: NR-FAST)
  SIMD kernels: AVX2
  parallelization: PTHREADS (2 threads), thread pinning: OFF

WARNING: The model you specified on the command line (LG+G4) will be ignored 
         since the binary MSA file already contains a model definition.
         If you want to change the model, please re-run RAxML-NG 
         with the original PHYLIP/FASTA alignment and --redo option.

[00:00:00] Loading binary alignment from file: /N/u/danschw/Carbonate/GitHub/spore-phage-sigma/phylo/data/reduced_set_to_align/check_msa/parse.raxml.rba
[00:00:00] Alignment comprises 182 taxa, 1 partitions and 122 patterns

Partition 0: noname
Model: LG+G4m
Alignment sites / patterns: 122 / 122
Gaps: 0.85 %
Invariant sites: 0.00 %


[00:00:00] Data distribution: max. partitions/sites/weight per thread: 1 / 61 / 4880
[00:00:00] Starting bootstrapping analysis with 25 replicates.

[00:03:06] Bootstrap tree #1, logLikelihood: -27866.663869
[00:07:20] Bootstrap tree #2, logLikelihood: -28592.228901
[00:11:36] Bootstrap tree #3, logLikelihood: -29235.700568
[00:14:10] Bootstrap tree #4, logLikelihood: -28366.485856
[00:16:53] Bootstrap tree #5, logLikelihood: -28238.661821
[00:20:02] Bootstrap tree #6, logLikelihood: -26838.320617
[00:22:30] Bootstrap tree #7, logLikelihood: -29287.554490
[00:25:27] Bootstrap tree #8, logLikelihood: -28047.221704
[00:28:02] Bootstrap tree #9, logLikelihood: -27284.706979
[00:30:55] Bootstrap tree #10, logLikelihood: -27119.001685
[00:32:54] Bootstrap tree #11, logLikelihood: -26958.906412
[00:36:44] Bootstrap tree #12, logLikelihood: -27265.776004
[00:39:04] Bootstrap tree #13, logLikelihood: -28851.751751
[00:43:29] Bootstrap tree #14, logLikelihood: -28851.204382
[00:46:25] Bootstrap tree #15, logLikelihood: -27632.644986
[00:48:46] Bootstrap tree #16, logLikelihood: -27627.124426
[00:51:29] Bootstrap tree #17, logLikelihood: -28139.645811
[00:54:36] Bootstrap tree #18, logLikelihood: -27430.920484
[01:00:08] Bootstrap tree #19, logLikelihood: -28126.148363
[01:04:00] Bootstrap tree #20, logLikelihood: -27663.868294
[01:07:22] Bootstrap tree #21, logLikelihood: -27547.959914
[01:09:36] Bootstrap tree #22, logLikelihood: -27368.445761
[01:12:25] Bootstrap tree #23, logLikelihood: -27885.607699
[01:15:13] Bootstrap tree #24, logLikelihood: -27866.064625
[01:17:24] Bootstrap tree #25, logLikelihood: -27318.381910

Bootstrap trees saved to: /geode2/home/u020/danschw/Carbonate/GitHub/spore-phage-sigma/phylo/data/reduced_set_to_align/tree/bootstraps/bs242424.raxml.bootstraps

Execution log saved to: /geode2/home/u020/danschw/Carbonate/GitHub/spore-phage-sigma/phylo/data/reduced_set_to_align/tree/bootstraps/bs242424.raxml.log

Analysis started: 26-Aug-2021 06:54:46 / finished: 26-Aug-2021 08:12:11

Elapsed time: 4644.358 seconds

