
RAxML-NG v. 0.9.0git released on 24.05.2019 by The Exelixis Lab.
Developed by: Alexey M. Kozlov and Alexandros Stamatakis.
Contributors: Diego Darriba, Tomas Flouri, Benoit Morel, Sarah Lutteropp, Ben Bettisworth.
Latest version: https://github.com/amkozlov/raxml-ng
Questions/problems/suggestions? Please visit: https://groups.google.com/forum/#!forum/raxml

RAxML-NG was called at 26-Aug-2021 06:54:47 as follows:

raxml-ng --bootstrap --msa /N/u/danschw/Carbonate/GitHub/spore-phage-sigma/phylo/data/reduced_set_to_align/check_msa/parse.raxml.rba --model LG+G4 --prefix bs323232 --seed 323232 --threads 2 --tree pars{5} --bs-trees 25

Analysis options:
  run mode: Bootstrapping
  start tree(s): parsimony (5)
  bootstrap replicates: 25
  random seed: 323232
  tip-inner: OFF
  pattern compression: ON
  per-rate scalers: OFF
  site repeats: ON
  branch lengths: proportional (ML estimate, algorithm: NR-FAST)
  SIMD kernels: AVX2
  parallelization: PTHREADS (2 threads), thread pinning: OFF

WARNING: The model you specified on the command line (LG+G4) will be ignored 
         since the binary MSA file already contains a model definition.
         If you want to change the model, please re-run RAxML-NG 
         with the original PHYLIP/FASTA alignment and --redo option.

[00:00:00] Loading binary alignment from file: /N/u/danschw/Carbonate/GitHub/spore-phage-sigma/phylo/data/reduced_set_to_align/check_msa/parse.raxml.rba
[00:00:00] Alignment comprises 182 taxa, 1 partitions and 122 patterns

Partition 0: noname
Model: LG+G4m
Alignment sites / patterns: 122 / 122
Gaps: 0.85 %
Invariant sites: 0.00 %


[00:00:00] Data distribution: max. partitions/sites/weight per thread: 1 / 61 / 4880
[00:00:00] Starting bootstrapping analysis with 25 replicates.

[00:02:03] Bootstrap tree #1, logLikelihood: -27069.933137
[00:05:20] Bootstrap tree #2, logLikelihood: -27706.026716
[00:07:01] Bootstrap tree #3, logLikelihood: -28462.483705
[00:10:15] Bootstrap tree #4, logLikelihood: -26973.657403
[00:13:31] Bootstrap tree #5, logLikelihood: -28196.683876
[00:16:04] Bootstrap tree #6, logLikelihood: -27934.563133
[00:18:15] Bootstrap tree #7, logLikelihood: -25857.784340
[00:21:38] Bootstrap tree #8, logLikelihood: -28101.786193
[00:24:39] Bootstrap tree #9, logLikelihood: -28496.315079
[00:27:56] Bootstrap tree #10, logLikelihood: -28147.709983
[00:31:18] Bootstrap tree #11, logLikelihood: -28189.146864
[00:33:45] Bootstrap tree #12, logLikelihood: -29018.563809
[00:36:02] Bootstrap tree #13, logLikelihood: -27764.757072
[00:38:18] Bootstrap tree #14, logLikelihood: -26593.474237
[00:41:04] Bootstrap tree #15, logLikelihood: -27906.461329
[00:44:01] Bootstrap tree #16, logLikelihood: -27180.460264
[00:45:48] Bootstrap tree #17, logLikelihood: -27520.396050
[00:48:30] Bootstrap tree #18, logLikelihood: -28595.666083
[00:51:52] Bootstrap tree #19, logLikelihood: -27675.056672
[00:54:55] Bootstrap tree #20, logLikelihood: -27158.872101
[00:59:11] Bootstrap tree #21, logLikelihood: -27508.201820
[01:01:39] Bootstrap tree #22, logLikelihood: -27292.060053
[01:05:00] Bootstrap tree #23, logLikelihood: -28185.520792
[01:09:16] Bootstrap tree #24, logLikelihood: -28117.819754
[01:12:07] Bootstrap tree #25, logLikelihood: -28139.676563

Bootstrap trees saved to: /geode2/home/u020/danschw/Carbonate/GitHub/spore-phage-sigma/phylo/data/reduced_set_to_align/tree/bootstraps/bs323232.raxml.bootstraps

Execution log saved to: /geode2/home/u020/danschw/Carbonate/GitHub/spore-phage-sigma/phylo/data/reduced_set_to_align/tree/bootstraps/bs323232.raxml.log

Analysis started: 26-Aug-2021 06:54:47 / finished: 26-Aug-2021 08:06:54

Elapsed time: 4327.186 seconds

