
RAxML-NG v. 0.9.0git released on 24.05.2019 by The Exelixis Lab.
Developed by: Alexey M. Kozlov and Alexandros Stamatakis.
Contributors: Diego Darriba, Tomas Flouri, Benoit Morel, Sarah Lutteropp, Ben Bettisworth.
Latest version: https://github.com/amkozlov/raxml-ng
Questions/problems/suggestions? Please visit: https://groups.google.com/forum/#!forum/raxml

RAxML-NG was called at 26-Aug-2021 06:54:47 as follows:

raxml-ng --bootstrap --msa /N/u/danschw/Carbonate/GitHub/spore-phage-sigma/phylo/data/reduced_set_to_align/check_msa/parse.raxml.rba --model LG+G4 --prefix bs333333 --seed 333333 --threads 2 --tree pars{5} --bs-trees 25

Analysis options:
  run mode: Bootstrapping
  start tree(s): parsimony (5)
  bootstrap replicates: 25
  random seed: 333333
  tip-inner: OFF
  pattern compression: ON
  per-rate scalers: OFF
  site repeats: ON
  branch lengths: proportional (ML estimate, algorithm: NR-FAST)
  SIMD kernels: AVX2
  parallelization: PTHREADS (2 threads), thread pinning: OFF

WARNING: The model you specified on the command line (LG+G4) will be ignored 
         since the binary MSA file already contains a model definition.
         If you want to change the model, please re-run RAxML-NG 
         with the original PHYLIP/FASTA alignment and --redo option.

[00:00:00] Loading binary alignment from file: /N/u/danschw/Carbonate/GitHub/spore-phage-sigma/phylo/data/reduced_set_to_align/check_msa/parse.raxml.rba
[00:00:00] Alignment comprises 182 taxa, 1 partitions and 122 patterns

Partition 0: noname
Model: LG+G4m
Alignment sites / patterns: 122 / 122
Gaps: 0.85 %
Invariant sites: 0.00 %


[00:00:00] Data distribution: max. partitions/sites/weight per thread: 1 / 61 / 4880
[00:00:00] Starting bootstrapping analysis with 25 replicates.

[00:02:39] Bootstrap tree #1, logLikelihood: -27231.433755
[00:04:50] Bootstrap tree #2, logLikelihood: -27857.216693
[00:08:32] Bootstrap tree #3, logLikelihood: -26731.197880
[00:10:42] Bootstrap tree #4, logLikelihood: -26737.241469
[00:14:21] Bootstrap tree #5, logLikelihood: -28932.411822
[00:18:36] Bootstrap tree #6, logLikelihood: -28236.639187
[00:20:55] Bootstrap tree #7, logLikelihood: -27352.457392
[00:23:50] Bootstrap tree #8, logLikelihood: -28332.713140
[00:25:33] Bootstrap tree #9, logLikelihood: -27238.976086
[00:29:07] Bootstrap tree #10, logLikelihood: -27391.321857
[00:31:37] Bootstrap tree #11, logLikelihood: -26916.568428
[00:34:28] Bootstrap tree #12, logLikelihood: -27647.386331
[00:36:38] Bootstrap tree #13, logLikelihood: -28833.570154
[00:38:41] Bootstrap tree #14, logLikelihood: -26976.871214
[00:43:26] Bootstrap tree #15, logLikelihood: -29073.731400
[00:46:18] Bootstrap tree #16, logLikelihood: -28663.902733
[00:49:44] Bootstrap tree #17, logLikelihood: -28789.461080
[00:54:06] Bootstrap tree #18, logLikelihood: -26851.589209
[00:56:06] Bootstrap tree #19, logLikelihood: -27984.096453
[00:58:07] Bootstrap tree #20, logLikelihood: -28588.260787
[01:00:11] Bootstrap tree #21, logLikelihood: -27205.907084
[01:03:04] Bootstrap tree #22, logLikelihood: -29072.494861
[01:05:57] Bootstrap tree #23, logLikelihood: -27373.208134
[01:07:51] Bootstrap tree #24, logLikelihood: -27795.322526
[01:09:35] Bootstrap tree #25, logLikelihood: -27471.570819

Bootstrap trees saved to: /geode2/home/u020/danschw/Carbonate/GitHub/spore-phage-sigma/phylo/data/reduced_set_to_align/tree/bootstraps/bs333333.raxml.bootstraps

Execution log saved to: /geode2/home/u020/danschw/Carbonate/GitHub/spore-phage-sigma/phylo/data/reduced_set_to_align/tree/bootstraps/bs333333.raxml.log

Analysis started: 26-Aug-2021 06:54:47 / finished: 26-Aug-2021 08:04:23

Elapsed time: 4175.831 seconds

