
RAxML-NG v. 0.9.0git released on 24.05.2019 by The Exelixis Lab.
Developed by: Alexey M. Kozlov and Alexandros Stamatakis.
Contributors: Diego Darriba, Tomas Flouri, Benoit Morel, Sarah Lutteropp, Ben Bettisworth.
Latest version: https://github.com/amkozlov/raxml-ng
Questions/problems/suggestions? Please visit: https://groups.google.com/forum/#!forum/raxml

RAxML-NG was called at 26-Aug-2021 06:54:46 as follows:

raxml-ng --bootstrap --msa /N/u/danschw/Carbonate/GitHub/spore-phage-sigma/phylo/data/reduced_set_to_align/check_msa/parse.raxml.rba --model LG+G4 --prefix bs383838 --seed 383838 --threads 2 --tree pars{5} --bs-trees 25

Analysis options:
  run mode: Bootstrapping
  start tree(s): parsimony (5)
  bootstrap replicates: 25
  random seed: 383838
  tip-inner: OFF
  pattern compression: ON
  per-rate scalers: OFF
  site repeats: ON
  branch lengths: proportional (ML estimate, algorithm: NR-FAST)
  SIMD kernels: AVX2
  parallelization: PTHREADS (2 threads), thread pinning: OFF

WARNING: The model you specified on the command line (LG+G4) will be ignored 
         since the binary MSA file already contains a model definition.
         If you want to change the model, please re-run RAxML-NG 
         with the original PHYLIP/FASTA alignment and --redo option.

[00:00:00] Loading binary alignment from file: /N/u/danschw/Carbonate/GitHub/spore-phage-sigma/phylo/data/reduced_set_to_align/check_msa/parse.raxml.rba
[00:00:00] Alignment comprises 182 taxa, 1 partitions and 122 patterns

Partition 0: noname
Model: LG+G4m
Alignment sites / patterns: 122 / 122
Gaps: 0.85 %
Invariant sites: 0.00 %


[00:00:00] Data distribution: max. partitions/sites/weight per thread: 1 / 61 / 4880
[00:00:00] Starting bootstrapping analysis with 25 replicates.

[00:06:21] Bootstrap tree #1, logLikelihood: -29045.200582
[00:09:36] Bootstrap tree #2, logLikelihood: -26755.070708
[00:11:50] Bootstrap tree #3, logLikelihood: -27692.953990
[00:16:03] Bootstrap tree #4, logLikelihood: -28102.020198
[00:19:34] Bootstrap tree #5, logLikelihood: -27961.981809
[00:22:37] Bootstrap tree #6, logLikelihood: -27545.375756
[00:24:43] Bootstrap tree #7, logLikelihood: -28869.161934
[00:28:17] Bootstrap tree #8, logLikelihood: -27608.386170
[00:30:18] Bootstrap tree #9, logLikelihood: -27510.297342
[00:33:11] Bootstrap tree #10, logLikelihood: -27585.830103
[00:35:22] Bootstrap tree #11, logLikelihood: -28361.358758
[00:38:05] Bootstrap tree #12, logLikelihood: -28446.218286
[00:40:23] Bootstrap tree #13, logLikelihood: -27205.719135
[00:42:28] Bootstrap tree #14, logLikelihood: -28180.534888
[00:44:13] Bootstrap tree #15, logLikelihood: -27662.509752
[00:48:18] Bootstrap tree #16, logLikelihood: -27274.123956
[00:50:24] Bootstrap tree #17, logLikelihood: -26726.908805
[00:52:09] Bootstrap tree #18, logLikelihood: -28096.836196
[00:55:00] Bootstrap tree #19, logLikelihood: -26937.205725
[00:57:32] Bootstrap tree #20, logLikelihood: -27923.215082
[01:01:17] Bootstrap tree #21, logLikelihood: -28541.925786
[01:04:18] Bootstrap tree #22, logLikelihood: -27775.404798
[01:06:55] Bootstrap tree #23, logLikelihood: -28355.174370
[01:08:57] Bootstrap tree #24, logLikelihood: -27316.893710
[01:11:53] Bootstrap tree #25, logLikelihood: -27849.207273

Bootstrap trees saved to: /geode2/home/u020/danschw/Carbonate/GitHub/spore-phage-sigma/phylo/data/reduced_set_to_align/tree/bootstraps/bs383838.raxml.bootstraps

Execution log saved to: /geode2/home/u020/danschw/Carbonate/GitHub/spore-phage-sigma/phylo/data/reduced_set_to_align/tree/bootstraps/bs383838.raxml.log

Analysis started: 26-Aug-2021 06:54:46 / finished: 26-Aug-2021 08:06:40

Elapsed time: 4313.843 seconds

