IQ-TREE multicore version 2.1.3 COVID-edition for Linux 64-bit built Apr 21 2021
Developed by Bui Quang Minh, James Barbetti, Nguyen Lam Tung,
Olga Chernomor, Heiko Schmidt, Dominik Schrempf, Michael Woodhams.

Host:    c19 (AVX2, FMA3, 251 GB RAM)
Command: /N/u/danschw/Carbonate/my_tools/iqtree-2.1.3-Linux/bin/iqtree2 -s sigmas_MafftEinsi.trim -m LG+G4 --seqtype AA -T AUTO --ufboot 10000 -alrt 10000 --bnni
Seed:    331413 (Using SPRNG - Scalable Parallel Random Number Generator)
Time:    Fri Jul  9 15:05:57 2021
Kernel:  AVX+FMA - auto-detect threads (12 CPU cores detected)

Reading alignment file sigmas_MafftEinsi.trim ... Fasta format detected
Alignment most likely contains protein sequences
Alignment has 236 sequences with 73 columns, 73 distinct patterns
71 parsimony-informative, 0 singleton sites, 2 constant sites
                         Gap/Ambiguity  Composition  p-value
   1  WP_003226225.1-bacteria    4.11%    passed     85.93%
   2  NP_417539.1-bacteria       4.11%    passed     88.53%
   3  NP_417221.1-bacteria       4.11%    failed      3.73%
   4  WP_003416101.1-bacteria    4.11%    passed     92.59%
   5  WP_000350729.1-bacteria    4.11%    passed     83.57%
   6  NP_417918.1-bacteria       4.11%    passed     49.59%
   7  WP_009967190.1-bacteria    4.11%    passed     96.13%
   8  WP_003435969.1-bacteria    4.11%    passed     53.42%
   9  WP_000197755.1-bacteria    4.11%    passed     90.83%
  10  WP_003230458.1-bacteria    4.11%    passed     86.89%
  11  WP_011860953.1-bacteria    4.11%    passed     41.60%
  12  WP_025309103.1-bacteria    4.11%    passed     97.07%
  13  NP_629389.1-bacteria       4.11%    passed     57.82%
  14  WP_011244805.1-bacteria    4.11%    passed     72.62%
  15  WP_000051382.1-bacteria    4.11%    passed     54.59%
  16  NP_630601.1-bacteria       4.11%    passed      9.58%
  17  NP_627288.1-bacteria       4.11%    passed     75.20%
  18  NP_628216.1-bacteria       4.11%    passed     62.40%
  19  WP_003246715.1-bacteria    4.11%    passed     99.06%
  20  NP_464421.1-bacteria       4.11%    passed     84.16%
  21  WP_001030417.1-bacteria    4.11%    passed     55.22%
  22  NP_624912.1-bacteria       4.11%    passed     37.35%
  23  NP_631395.1-bacteria       4.11%    passed     95.37%
  24  NP_628217.1-bacteria       4.11%    passed     30.62%
  25  WP_002164611.1-bacteria    4.11%    passed     66.98%
  26  NP_217803.1-bacteria       4.11%    passed      8.85%
  27  NP_629755.1-bacteria       4.11%    passed     78.21%
  28  NP_631334.1-bacteria       4.11%    passed     22.50%
  29  WP_000976948.1-bacteria    4.11%    passed     84.76%
  30  WP_003221446.1-bacteria    4.11%    passed     74.39%
  31  WP_003220911.1-bacteria    4.11%    passed     81.72%
  32  WP_014342819.1-bacteria    4.11%    passed     98.38%
  33  NP_416432.3-bacteria       4.11%    passed     42.48%
  34  WP_003420464.1-bacteria    4.11%    passed     80.52%
  35  WP_011244619.1-bacteria    4.11%    passed     49.78%
  36  WP_170864009.1-bacteria    4.11%    passed     32.03%
  37  WP_021361826.1-bacteria   47.95%    passed     81.09%
  38  WP_004080667.1-bacteria    4.11%    passed     28.86%
  39  NP_250146.1-bacteria       4.11%    passed     44.16%
  40  WP_003416098.1-bacteria    4.11%    passed     94.48%
  41  NP_631369.1-bacteria       4.11%    failed      1.43%
  42  WP_009892548.1-bacteria    4.11%    passed     66.44%
  43  WP_011130162.1-bacteria    4.11%    failed      1.24%
  44  WP_000602430.1-bacteria    4.11%    passed     95.33%
  45  YP_002343525.1-bacteria    4.11%    passed     30.91%
  46  WP_003225758.1-bacteria    4.11%    passed     85.89%
  47  NP_463774.1-bacteria       4.11%    passed     50.09%
  48  WP_000387193.1-bacteria    4.11%    passed     83.07%
  49  WP_004081373.1-bacteria    5.48%    passed     55.52%
  50  NP_417068.1-bacteria       4.11%    passed     44.50%
  51  WP_003245855.1-bacteria    4.11%    passed     89.26%
  52  WP_003224177.1-bacteria    4.11%    passed     76.86%
  53  WP_003234958.1-bacteria    4.11%    passed     68.87%
  54  WP_004398507.1-bacteria    2.74%    passed     80.12%
  55  WP_003245485.1-bacteria    4.11%    passed     24.84%
  56  WP_003230521.1-bacteria    6.85%    passed     16.56%
  57  WP_003243678.1-bacteria    4.11%    passed     20.14%
  58  WP_004398891.1-bacteria    4.11%    passed     44.33%
  59  NP_418713.1-bacteria       6.85%    passed      5.25%
  60  WP_100086169.1-bacteria    4.11%    passed     67.36%
  61  YP_009829866.1-phage      47.95%    passed     92.26%
  62  YP_008771927.1-phage       1.37%    failed      0.83%
  63  YP_008770739.1-phage       1.37%    failed      0.83%
  64  YP_009203629.1-phage       1.37%    failed      0.83%
  65  YP_009196909.1-phage       1.37%    passed      5.37%
  66  YP_002300398.1-phage       4.11%    passed     61.83%
  67  YP_009215922.1-phage       4.11%    passed     57.87%
  68  YP_009216142.1-phage       4.11%    passed     57.87%
  69  YP_009099117.1-phage       4.11%    passed     57.87%
  70  YP_008770058.1-phage       4.11%    passed     60.76%
  71  YP_007003440.1-phage       4.11%    passed     18.39%
  72  YP_008772001.1-phage       4.11%    passed     88.15%
  73  YP_008770814.1-phage       4.11%    passed     55.63%
  74  YP_009203702.1-phage       4.11%    passed     55.63%
  75  YP_009196983.1-phage       4.11%    passed     73.02%
  76  YP_009274876.1-phage       4.11%    passed     99.80%
  77  YP_009850160.1-phage       4.11%    passed     97.75%
  78  YP_009199135.1-phage       4.11%    passed     62.22%
  79  YP_009015380.1-phage       4.11%    passed     35.61%
  80  YP_009829851.1-phage       2.74%    passed     54.57%
  81  YP_007004340.1-phage       2.74%    passed     54.86%
  82  YP_006488705.1-phage       2.74%    passed     54.57%
  83  YP_009009184.1-phage       2.74%    passed     16.73%
  84  YP_002300430.1-phage       4.11%    passed     53.65%
  85  YP_006907988.1-phage       4.11%    passed     51.67%
  86  YP_009149728.1-phage       4.11%    passed     91.35%
  87  YP_006907735.1-phage       4.11%    passed     77.78%
  88  YP_006908410.1-phage       4.11%    passed     77.42%
  89  YP_007677062.1-phage       4.11%    passed     91.07%
  90  YP_007349329.1-phage       4.11%    passed     53.06%
  91  YP_009003061.1-phage       4.11%    passed     77.78%
  92  YP_009625809.1-phage       4.11%    passed     88.03%
  93  YP_009215953.1-phage       4.11%    passed     54.61%
  94  YP_009216173.1-phage       4.11%    passed     54.61%
  95  YP_008430954.1-phage       4.11%    passed     95.71%
  96  YP_009099149.1-phage       4.11%    passed     59.36%
  97  YP_008771190.1-phage       4.11%    passed     95.71%
  98  YP_008770092.1-phage       4.11%    passed     53.65%
  99  YP_008771504.1-phage       4.11%    passed     81.00%
 100  YP_008770388.1-phage       4.11%    passed     77.42%
 101  YP_009226967.1-phage       4.11%    passed     30.51%
 102  YP_009037083.1-phage       4.11%    passed     87.37%
 103  YP_009035701.1-phage       4.11%    passed     87.37%
 104  YP_009036624.1-phage       4.11%    passed     79.73%
 105  YP_009035374.1-phage       4.11%    passed     87.37%
 106  YP_009036248.1-phage       4.11%    passed     79.73%
 107  YP_009055929.1-phage       4.11%    passed     95.07%
 108  YP_009149167.1-phage       4.11%    passed     91.35%
 109  YP_009056383.1-phage       4.11%    passed     30.51%
 110  YP_009151070.1-phage       4.11%    passed     96.95%
 111  YP_009151693.1-phage       4.11%    passed     96.61%
 112  YP_009222342.1-phage       4.11%    passed     33.68%
 113  YP_009206960.1-phage       4.11%    passed     51.67%
 114  YP_009206524.1-phage       4.11%    passed     95.07%
 115  YP_009274835.1-phage       4.11%    passed     84.10%
 116  YP_009285446.1-phage       4.11%    passed     91.35%
 117  YP_009275337.1-phage       4.11%    passed     90.66%
 118  YP_009278201.1-phage       4.11%    passed     79.73%
 119  YP_009287061.1-phage       4.11%    passed     79.73%
 120  YP_009282577.1-phage       4.11%    passed     79.73%
 121  YP_009284509.1-phage       4.11%    passed     79.73%
 122  YP_009290042.1-phage       4.11%    passed     95.71%
 123  YP_009280984.1-phage       4.11%    passed     79.73%
 124  YP_009291759.1-phage       4.11%    passed     79.73%
 125  YP_009282131.1-phage       4.11%    passed     77.78%
 126  YP_009280555.1-phage       4.11%    passed     79.73%
 127  YP_009279351.1-phage       4.11%    passed     79.73%
 128  YP_009285127.1-phage       4.11%    passed     79.73%
 129  YP_009832112.1-phage       4.11%    passed     87.22%
 130  YP_009626704.1-phage       4.11%    passed     91.35%
 131  YP_009818180.1-phage       4.11%    passed     78.95%
 132  YP_008318397.1-phage       4.11%    passed     75.27%
 133  YP_009798107.1-phage       4.11%    passed     78.95%
 134  YP_009798418.1-phage       4.11%    passed     78.95%
 135  YP_009840610.1-phage       4.11%    passed     99.08%
 136  YP_009814287.1-phage       4.11%    passed     78.95%
 137  YP_009814457.1-phage       4.11%    passed     78.95%
 138  YP_009844328.1-phage       4.11%    passed     79.09%
 139  YP_009843985.1-phage       4.11%    passed     85.60%
 140  YP_009844105.1-phage       4.11%    passed     16.63%
 141  YP_009850071.1-phage       4.11%    passed     96.26%
 142  YP_006907409.1-phage       4.11%    passed     87.37%
 143  YP_009031424.1-phage       4.11%    passed     91.35%
 144  YP_002790835.1-phage       4.11%    passed     91.38%
 145  YP_004957120.1-phage       4.11%    passed     75.47%
 146  YP_007003457.1-phage       4.11%    passed     32.22%
 147  YP_007517509.1-phage       2.74%    passed     94.60%
 148  YP_007517589.1-phage       2.74%    passed     95.19%
 149  YP_007517433.1-phage       2.74%    passed     90.86%
 150  YP_007517663.1-phage       2.74%    passed     90.96%
 151  YP_009592276.1-phage       2.74%    passed     90.86%
 152  YP_008771870.1-phage       2.74%    passed     86.36%
 153  YP_008770680.1-phage       2.74%    passed     94.60%
 154  YP_008770602.1-phage       2.74%    passed     93.49%
 155  YP_002300332.1-phage       4.11%    passed     17.74%
 156  YP_006907943.1-phage       4.11%    passed     84.85%
 157  YP_006907944.1-phage       4.11%    passed     54.62%
 158  YP_009149686.1-phage       4.11%    passed     55.91%
 159  YP_009149687.1-phage       4.11%    passed     94.61%
 160  YP_006907696.1-phage       4.11%    passed     31.69%
 161  YP_006908372.1-phage      10.96%    passed     88.93%
 162  YP_007677007.1-phage       4.11%    passed     63.68%
 163  YP_007677008.1-phage       4.11%    passed     96.31%
 164  YP_007349306.1-phage       4.11%    passed     68.44%
 165  YP_007349307.1-phage       4.11%    passed     99.46%
 166  YP_009003022.1-phage       4.11%    passed     46.82%
 167  YP_009215850.1-phage       4.11%    passed     51.51%
 168  YP_009216068.1-phage       4.11%    passed      6.47%
 169  YP_008430993.1-phage       4.11%    failed      4.15%
 170  YP_009099262.1-phage       4.11%    failed      2.81%
 171  YP_008771228.1-phage       4.11%    passed     98.28%
 172  YP_008769990.1-phage       4.11%    passed     20.27%
 173  YP_008771532.1-phage       4.11%    passed     86.08%
 174  YP_008770551.1-phage      21.92%    passed     83.36%
 175  YP_008771361.1-phage       4.11%    passed     90.81%
 176  YP_008771969.1-phage       2.74%    passed     66.20%
 177  YP_008770421.1-phage       4.11%    passed      7.78%
 178  YP_008770783.1-phage       2.74%    passed     66.20%
 179  YP_009226946.1-phage       4.11%    passed     80.83%
 180  YP_009226947.1-phage       4.11%    passed     99.75%
 181  YP_009037113.1-phage       4.11%    passed     87.14%
 182  YP_009035734.1-phage       4.11%    passed     87.14%
 183  YP_009036672.1-phage       4.11%    passed     76.26%
 184  YP_009035402.1-phage       4.11%    passed     57.69%
 185  YP_009036291.1-phage       4.11%    passed     99.08%
 186  YP_009055966.1-phage       4.11%    failed      4.15%
 187  YP_009149124.1-phage       4.11%    passed     55.91%
 188  YP_009149125.1-phage       4.11%    passed     94.61%
 189  YP_009056357.1-phage       4.11%    passed     73.14%
 190  YP_009056358.1-phage       4.11%    passed     99.44%
 191  YP_009151040.1-phage       4.11%    passed     99.11%
 192  YP_009151727.1-phage       4.11%    passed     77.21%
 193  YP_009151728.1-phage       4.11%    passed     63.63%
 194  YP_009151513.1-phage       4.11%    passed     87.74%
 195  YP_009152845.1-phage       4.11%    passed     90.81%
 196  YP_009210079.1-phage       4.11%    passed     90.81%
 197  YP_009203671.1-phage       2.74%    passed     80.02%
 198  YP_009196951.1-phage       2.74%    passed     64.98%
 199  YP_009196176.1-phage       4.11%    passed     88.82%
 200  YP_009197513.1-phage       4.11%    passed     90.81%
 201  YP_009207004.1-phage       4.11%    passed     64.80%
 202  YP_009207005.1-phage       4.11%    passed     96.06%
 203  YP_009199141.1-phage       4.11%    passed     41.85%
 204  YP_009206562.1-phage       4.11%    passed     98.28%
 205  YP_009830054.1-phage       4.11%    passed     80.69%
 206  YP_009274875.1-phage       4.11%    passed     81.90%
 207  YP_009285400.1-phage       4.11%    passed     91.15%
 208  YP_009285401.1-phage       4.11%    passed     86.87%
 209  YP_009278239.1-phage       4.11%    passed     76.73%
 210  YP_009287107.1-phage       4.11%    passed     99.08%
 211  YP_009282621.1-phage       4.11%    passed     99.08%
 212  YP_009284554.1-phage       4.11%    passed     76.26%
 213  YP_009290078.1-phage       4.11%    failed      4.15%
 214  YP_009281029.1-phage       4.11%    passed     76.26%
 215  YP_009291801.1-phage       4.11%    passed     76.73%
 216  YP_009282173.1-phage       4.11%    passed     46.82%
 217  YP_009280599.1-phage       4.11%    passed     86.48%
 218  YP_009830772.1-phage       4.11%    passed     80.69%
 219  YP_009285288.1-phage       4.11%    passed     80.69%
 220  YP_009279398.1-phage       4.11%    passed     76.26%
 221  YP_009285170.1-phage       4.11%    passed     99.08%
 222  YP_009832138.1-phage       2.74%    passed     47.51%
 223  YP_009626754.1-phage       4.11%    passed     89.13%
 224  YP_009626755.1-phage       4.11%    passed     26.90%
 225  YP_008318421.1-phage       4.11%    passed     90.39%
 226  YP_009840636.1-phage       2.74%    passed     48.85%
 227  YP_009850103.1-phage       4.11%    passed     83.52%
 228  YP_512346.1-phage          2.74%    passed     78.78%
 229  YP_338218.1-phage          2.74%    passed     78.78%
 230  YP_460001.1-phage          2.74%    passed     78.78%
 231  YP_006907438.1-phage       4.11%    passed     87.14%
 232  YP_009031481.1-phage       4.11%    passed     89.13%
 233  YP_009031482.1-phage       4.11%    passed     26.90%
 234  YP_008129905.1-phage       4.11%    passed     99.01%
 235  YP_004957160.1-phage       4.11%    passed     86.84%
 236  YP_007003377.1-phage       4.11%    passed     96.53%
****  TOTAL                      4.44%  10 sequences failed composition chi2 test (p-value<5%; df=19)
NOTE: YP_008770739.1-phage is identical to YP_008771927.1-phage but kept for subsequent analysis
NOTE: YP_009216142.1-phage is identical to YP_009215922.1-phage but kept for subsequent analysis
NOTE: YP_009203702.1-phage is identical to YP_008770814.1-phage but kept for subsequent analysis
NOTE: YP_006488705.1-phage is identical to YP_009829851.1-phage but kept for subsequent analysis
NOTE: YP_008770092.1-phage is identical to YP_002300430.1-phage but kept for subsequent analysis
NOTE: YP_009206960.1-phage is identical to YP_006907988.1-phage but kept for subsequent analysis
NOTE: YP_009149167.1-phage is identical to YP_009149728.1-phage but kept for subsequent analysis
NOTE: YP_009003061.1-phage is identical to YP_006907735.1-phage but kept for subsequent analysis
NOTE: YP_008770388.1-phage is identical to YP_006908410.1-phage but kept for subsequent analysis
NOTE: YP_009216173.1-phage is identical to YP_009215953.1-phage but kept for subsequent analysis
NOTE: YP_008771190.1-phage is identical to YP_008430954.1-phage but kept for subsequent analysis
NOTE: YP_009056383.1-phage is identical to YP_009226967.1-phage but kept for subsequent analysis
NOTE: YP_009035701.1-phage is identical to YP_009037083.1-phage but kept for subsequent analysis
NOTE: YP_009036248.1-phage is identical to YP_009036624.1-phage but kept for subsequent analysis
NOTE: YP_009206524.1-phage is identical to YP_009055929.1-phage but kept for subsequent analysis
NOTE: YP_009798107.1-phage is identical to YP_009818180.1-phage but kept for subsequent analysis
NOTE: YP_008770680.1-phage is identical to YP_007517509.1-phage but kept for subsequent analysis
NOTE: YP_009592276.1-phage is identical to YP_007517433.1-phage but kept for subsequent analysis
NOTE: YP_009149124.1-phage is identical to YP_009149686.1-phage but kept for subsequent analysis
NOTE: YP_009149125.1-phage is identical to YP_009149687.1-phage but kept for subsequent analysis
NOTE: YP_009282173.1-phage is identical to YP_009003022.1-phage but kept for subsequent analysis
NOTE: YP_009055966.1-phage is identical to YP_008430993.1-phage but kept for subsequent analysis
NOTE: YP_009206562.1-phage is identical to YP_008771228.1-phage but kept for subsequent analysis
NOTE: YP_009152845.1-phage is identical to YP_008771361.1-phage but kept for subsequent analysis
NOTE: YP_008770783.1-phage is identical to YP_008771969.1-phage but kept for subsequent analysis
NOTE: YP_009035734.1-phage is identical to YP_009037113.1-phage but kept for subsequent analysis
NOTE: YP_009284554.1-phage is identical to YP_009036672.1-phage but kept for subsequent analysis
NOTE: YP_009287107.1-phage is identical to YP_009036291.1-phage but kept for subsequent analysis
NOTE: YP_009830772.1-phage is identical to YP_009830054.1-phage but kept for subsequent analysis
NOTE: YP_009291801.1-phage is identical to YP_009278239.1-phage but kept for subsequent analysis
NOTE: YP_009031481.1-phage is identical to YP_009626754.1-phage but kept for subsequent analysis
NOTE: YP_009031482.1-phage is identical to YP_009626755.1-phage but kept for subsequent analysis
NOTE: YP_338218.1-phage is identical to YP_512346.1-phage but kept for subsequent analysis
NOTE: 31 identical sequences (see below) will be ignored for subsequent analysis
NOTE: YP_009203629.1-phage (identical to YP_008771927.1-phage) is ignored but added at the end
NOTE: YP_009099117.1-phage (identical to YP_009215922.1-phage) is ignored but added at the end
NOTE: YP_009285446.1-phage (identical to YP_009149728.1-phage) is ignored but added at the end
NOTE: YP_009626704.1-phage (identical to YP_009149728.1-phage) is ignored but added at the end
NOTE: YP_009031424.1-phage (identical to YP_009149728.1-phage) is ignored but added at the end
NOTE: YP_009282131.1-phage (identical to YP_006907735.1-phage) is ignored but added at the end
NOTE: YP_009290042.1-phage (identical to YP_008430954.1-phage) is ignored but added at the end
NOTE: YP_009035374.1-phage (identical to YP_009037083.1-phage) is ignored but added at the end
NOTE: YP_006907409.1-phage (identical to YP_009037083.1-phage) is ignored but added at the end
NOTE: YP_009278201.1-phage (identical to YP_009036624.1-phage) is ignored but added at the end
NOTE: YP_009287061.1-phage (identical to YP_009036624.1-phage) is ignored but added at the end
NOTE: YP_009282577.1-phage (identical to YP_009036624.1-phage) is ignored but added at the end
NOTE: YP_009284509.1-phage (identical to YP_009036624.1-phage) is ignored but added at the end
NOTE: YP_009280984.1-phage (identical to YP_009036624.1-phage) is ignored but added at the end
NOTE: YP_009291759.1-phage (identical to YP_009036624.1-phage) is ignored but added at the end
NOTE: YP_009280555.1-phage (identical to YP_009036624.1-phage) is ignored but added at the end
NOTE: YP_009279351.1-phage (identical to YP_009036624.1-phage) is ignored but added at the end
NOTE: YP_009285127.1-phage (identical to YP_009036624.1-phage) is ignored but added at the end
NOTE: YP_009798418.1-phage (identical to YP_009818180.1-phage) is ignored but added at the end
NOTE: YP_009814287.1-phage (identical to YP_009818180.1-phage) is ignored but added at the end
NOTE: YP_009814457.1-phage (identical to YP_009818180.1-phage) is ignored but added at the end
NOTE: YP_009290078.1-phage (identical to YP_008430993.1-phage) is ignored but added at the end
NOTE: YP_009210079.1-phage (identical to YP_008771361.1-phage) is ignored but added at the end
NOTE: YP_009197513.1-phage (identical to YP_008771361.1-phage) is ignored but added at the end
NOTE: YP_006907438.1-phage (identical to YP_009037113.1-phage) is ignored but added at the end
NOTE: YP_009281029.1-phage (identical to YP_009036672.1-phage) is ignored but added at the end
NOTE: YP_009279398.1-phage (identical to YP_009036672.1-phage) is ignored but added at the end
NOTE: YP_009282621.1-phage (identical to YP_009036291.1-phage) is ignored but added at the end
NOTE: YP_009285170.1-phage (identical to YP_009036291.1-phage) is ignored but added at the end
NOTE: YP_009285288.1-phage (identical to YP_009830054.1-phage) is ignored but added at the end
NOTE: YP_460001.1-phage (identical to YP_512346.1-phage) is ignored but added at the end
Alignment was printed to sigmas_MafftEinsi.trim.uniqueseq.phy

For your convenience alignment with unique sequences printed to sigmas_MafftEinsi.trim.uniqueseq.phy

Create initial parsimony tree by phylogenetic likelihood library (PLL)... 0.082 seconds
Generating 10000 samples for ultrafast bootstrap (seed: 331413)...

NOTE: 15 MB RAM (0 GB) is required!
Measuring multi-threading efficiency up to 12 CPU cores
Increase to 10 rounds for branch lengths
36 trees examined
Threads: 1 / Time: 12.207 sec / Speedup: 1.000 / Efficiency: 100% / LogL: -30462
Threads: 2 / Time: 8.861 sec / Speedup: 1.378 / Efficiency: 69% / LogL: -30462
Threads: 3 / Time: 7.616 sec / Speedup: 1.603 / Efficiency: 53% / LogL: -30462
Threads: 4 / Time: 6.848 sec / Speedup: 1.782 / Efficiency: 45% / LogL: -30462
BEST NUMBER OF THREADS: 3

Estimate model parameters (epsilon = 0.100)
1. Initial log-likelihood: -15581.059
2. Current log-likelihood: -15370.450
3. Current log-likelihood: -15360.695
4. Current log-likelihood: -15359.971
Optimal log-likelihood: -15359.879
Gamma shape alpha: 2.682
Parameters optimization took 4 rounds (0.367 sec)
Computing ML distances based on estimated model parameters...
Computing ML distances took 1.853126 sec (of wall-clock time) 5.539032 sec(of CPU time)
WARNING: Some pairwise ML distances are too long (saturated)
Computing RapidNJ tree took 0.005868 sec (of wall-clock time) 0.019005 sec (of CPU time)
Log-likelihood of RapidNJ tree: -15280.841
--------------------------------------------------------------------
|             INITIALIZING CANDIDATE TREE SET                      |
--------------------------------------------------------------------
Generating 98 parsimony trees... 4.233 second
Computing log-likelihood of 98 initial trees ... 2.619 seconds
Current best score: -15280.841

Do NNI search on 20 best initial trees
Estimate model parameters (epsilon = 0.100)
BETTER TREE FOUND at iteration 1: -15178.991
Iteration 10 / LogL: -15220.977 / Time: 0h:1m:4s
Iteration 20 / LogL: -15207.302 / Time: 0h:1m:24s
Finish initializing candidate tree set (20)
Current best tree score: -15178.991 / CPU time: 47.421
Number of iterations: 20
--------------------------------------------------------------------
|               OPTIMIZING CANDIDATE TREE SET                      |
--------------------------------------------------------------------
Estimate model parameters (epsilon = 0.100)
BETTER TREE FOUND at iteration 21: -15169.411
Estimate model parameters (epsilon = 0.100)
BETTER TREE FOUND at iteration 22: -15168.556
Iteration 30 / LogL: -15184.147 / Time: 0h:1m:38s (0h:5m:13s left)
Estimate model parameters (epsilon = 0.100)
BETTER TREE FOUND at iteration 31: -15166.103
Iteration 40 / LogL: -15168.447 / Time: 0h:1m:52s (0h:4m:22s left)
Iteration 50 / LogL: -15166.635 / Time: 0h:2m:6s (0h:3m:28s left)
Estimate model parameters (epsilon = 0.100)
BETTER TREE FOUND at iteration 55: -15163.473
Iteration 60 / LogL: -15174.674 / Time: 0h:2m:20s (0h:3m:45s left)
Estimate model parameters (epsilon = 0.100)
BETTER TREE FOUND at iteration 67: -15162.147
Iteration 70 / LogL: -15165.584 / Time: 0h:2m:35s (0h:3m:37s left)
Iteration 80 / LogL: -15166.941 / Time: 0h:2m:48s (0h:3m:6s left)
Estimate model parameters (epsilon = 0.100)
BETTER TREE FOUND at iteration 85: -15160.130
Estimate model parameters (epsilon = 0.100)
BETTER TREE FOUND at iteration 88: -15160.115
Iteration 90 / LogL: -15197.948 / Time: 0h:3m:2s (0h:3m:21s left)
Iteration 100 / LogL: -15172.911 / Time: 0h:3m:16s (0h:2m:54s left)
Estimate model parameters (epsilon = 0.100)
BETTER TREE FOUND at iteration 103: -15160.052
Iteration 110 / LogL: -15197.987 / Time: 0h:3m:31s (0h:3m:0s left)
Iteration 120 / LogL: -15170.055 / Time: 0h:3m:45s (0h:2m:37s left)
Iteration 130 / LogL: -15164.666 / Time: 0h:3m:58s (0h:2m:14s left)
Iteration 140 / LogL: -15238.306 / Time: 0h:4m:11s (0h:1m:53s left)
Iteration 150 / LogL: -15167.236 / Time: 0h:4m:24s (0h:1m:34s left)
Iteration 160 / LogL: -15160.122 / Time: 0h:4m:39s (0h:1m:15s left)
Estimate model parameters (epsilon = 0.100)
BETTER TREE FOUND at iteration 165: -15159.705
Iteration 170 / LogL: -15169.137 / Time: 0h:4m:52s (0h:2m:44s left)
Iteration 180 / LogL: -15164.639 / Time: 0h:5m:6s (0h:2m:25s left)
Iteration 190 / LogL: -15168.636 / Time: 0h:5m:19s (0h:2m:6s left)
Iteration 200 / LogL: -15159.997 / Time: 0h:5m:34s (0h:1m:49s left)
Estimate model parameters (epsilon = 0.100)
BETTER TREE FOUND at iteration 202: -15159.427
Iteration 210 / LogL: -15174.561 / Time: 0h:5m:48s (0h:2m:33s left)
Iteration 220 / LogL: -15163.684 / Time: 0h:6m:0s (0h:2m:14s left)
Iteration 230 / LogL: -15161.166 / Time: 0h:6m:13s (0h:1m:57s left)
Estimate model parameters (epsilon = 0.100)
BETTER TREE FOUND at iteration 235: -15159.386
Iteration 240 / LogL: -15161.957 / Time: 0h:6m:27s (0h:2m:33s left)
Iteration 250 / LogL: -15164.139 / Time: 0h:6m:41s (0h:2m:17s left)
Estimate model parameters (epsilon = 0.100)
BETTER TREE FOUND at iteration 254: -15159.371
Iteration 260 / LogL: -15161.170 / Time: 0h:6m:54s (0h:2m:30s left)
Iteration 270 / LogL: -15173.260 / Time: 0h:7m:7s (0h:2m:13s left)
Iteration 280 / LogL: -15187.330 / Time: 0h:7m:21s (0h:1m:56s left)
Iteration 290 / LogL: -15161.450 / Time: 0h:7m:35s (0h:1m:40s left)
Iteration 300 / LogL: -15160.295 / Time: 0h:7m:48s (0h:1m:24s left)
Iteration 310 / LogL: -15166.021 / Time: 0h:8m:2s (0h:1m:8s left)
Iteration 320 / LogL: -15206.460 / Time: 0h:8m:16s (0h:0m:52s left)
Iteration 330 / LogL: -15160.106 / Time: 0h:8m:29s (0h:0m:37s left)
Iteration 340 / LogL: -15161.185 / Time: 0h:8m:44s (0h:0m:21s left)
Iteration 350 / LogL: -15166.430 / Time: 0h:8m:57s (0h:0m:6s left)
Refining ufboot trees with NNI 1 branch...
100 samples done
200 samples done
300 samples done
400 samples done
500 samples done
600 samples done
700 samples done
800 samples done
900 samples done
1000 samples done
1100 samples done
1200 samples done
1300 samples done
1400 samples done
1500 samples done
1600 samples done
1700 samples done
1800 samples done
1900 samples done
2000 samples done
2100 samples done
2200 samples done
2300 samples done
2400 samples done
2500 samples done
2600 samples done
2700 samples done
2800 samples done
2900 samples done
3000 samples done
3100 samples done
3200 samples done
3300 samples done
3400 samples done
3500 samples done
3600 samples done
3700 samples done
3800 samples done
3900 samples done
4000 samples done
4100 samples done
4200 samples done
4300 samples done
4400 samples done
4500 samples done
4600 samples done
4700 samples done
4800 samples done
4900 samples done
5000 samples done
5100 samples done
5200 samples done
5300 samples done
5400 samples done
5500 samples done
5600 samples done
5700 samples done
5800 samples done
5900 samples done
6000 samples done
6100 samples done
6200 samples done
6300 samples done
6400 samples done
6500 samples done
6600 samples done
6700 samples done
6800 samples done
6900 samples done
7000 samples done
7100 samples done
7200 samples done
7300 samples done
7400 samples done
7500 samples done
7600 samples done
7700 samples done
7800 samples done
7900 samples done
8000 samples done
8100 samples done
8200 samples done
8300 samples done
8400 samples done
8500 samples done
8600 samples done
8700 samples done
8800 samples done
8900 samples done
9000 samples done
9100 samples done
9200 samples done
9300 samples done
9400 samples done
9500 samples done
9600 samples done
9700 samples done
9800 samples done
9900 samples done
10000 samples done
Total 10000 ufboot trees refined
TREE SEARCH COMPLETED AFTER 355 ITERATIONS / Time: 0h:53m:32s

--------------------------------------------------------------------
|                    FINALIZING TREE SEARCH                        |
--------------------------------------------------------------------
Performs final model parameters optimization
Estimate model parameters (epsilon = 0.010)
1. Initial log-likelihood: -15159.371
Optimal log-likelihood: -15159.371
Gamma shape alpha: 2.548
Parameters optimization took 1 rounds (0.082 sec)
BEST SCORE FOUND : -15159.371

Testing tree branches by SH-like aLRT with 10000 replicates...
1.284 sec.
Creating bootstrap support values...
Split supports printed to NEXUS file sigmas_MafftEinsi.trim.splits.nex
Total tree length: 79.742

Total number of iterations: 355
CPU time used for tree search: 9092.133 sec (2h:31m:32s)
Wall-clock time used for tree search: 3174.400 sec (0h:52m:54s)
Total CPU time used: 9191.918 sec (2h:33m:11s)
Total wall-clock time used: 3223.944 sec (0h:53m:43s)
UFBoot trees printed to sigmas_MafftEinsi.trim.ufboot

Computing bootstrap consensus tree...
Reading input file sigmas_MafftEinsi.trim.splits.nex...
205 taxa and 10040 splits.
Consensus tree written to sigmas_MafftEinsi.trim.contree
Reading input trees file sigmas_MafftEinsi.trim.contree
Log-likelihood of consensus tree: -15162.471

Analysis results written to: 
  IQ-TREE report:                sigmas_MafftEinsi.trim.iqtree
  Maximum-likelihood tree:       sigmas_MafftEinsi.trim.treefile
  Likelihood distances:          sigmas_MafftEinsi.trim.mldist

Ultrafast bootstrap approximation results written to:
  Split support values:          sigmas_MafftEinsi.trim.splits.nex
  Consensus tree:                sigmas_MafftEinsi.trim.contree
  UFBoot trees:                  sigmas_MafftEinsi.trim.ufboot
  Screen log file:               sigmas_MafftEinsi.trim.log

Date and Time: Fri Jul  9 16:00:04 2021
