
RAxML-NG v. 0.9.0git released on 24.05.2019 by The Exelixis Lab.
Developed by: Alexey M. Kozlov and Alexandros Stamatakis.
Contributors: Diego Darriba, Tomas Flouri, Benoit Morel, Sarah Lutteropp, Ben Bettisworth.
Latest version: https://github.com/amkozlov/raxml-ng
Questions/problems/suggestions? Please visit: https://groups.google.com/forum/#!forum/raxml

RAxML-NG was called at 23-Aug-2021 15:29:27 as follows:

raxml-ng --check --msa /N/u/danschw/Carbonate/GitHub/spore-phage-sigma/phylo/data/reduced_set_to_align/sigmas_MafftEinsi.trim --model LG+G4 --data-type AA --prefix check-msa

Analysis options:
  run mode: Alignment validation
  start tree(s): 
  random seed: 1629746967
  SIMD kernels: AVX2
  parallelization: PTHREADS (24 threads), thread pinning: OFF

[00:00:00] Reading alignment from file: /N/u/danschw/Carbonate/GitHub/spore-phage-sigma/phylo/data/reduced_set_to_align/sigmas_MafftEinsi.trim
[00:00:00] Loaded alignment with 167 taxa and 100 sites

WARNING: Sequences YP_009818180.1-phage and YP_009798107.1-phage are exactly identical!
WARNING: Duplicate sequences found: 1

NOTE: Reduced alignment (with duplicates and gap-only sites/taxa removed) 
NOTE: was saved to: /geode2/home/u020/danschw/Carbonate/GitHub/spore-phage-sigma/phylo/data/reduced_set_to_align/check-msa.raxml.reduced.phy

Alignment comprises 1 partitions and 100 patterns

Partition 0: noname
Model: LG+G4m
Alignment sites / patterns: 100 / 100
Gaps: 0.72 %
Invariant sites: 0.00 %


Alignment can be successfully read by RAxML-NG.


Execution log saved to: /geode2/home/u020/danschw/Carbonate/GitHub/spore-phage-sigma/phylo/data/reduced_set_to_align/check-msa.raxml.log

Analysis started: 23-Aug-2021 15:29:27 / finished: 23-Aug-2021 15:29:27

Elapsed time: 0.082 seconds

