--------------------------------------------------------------------------------
ModelTest-NG vx.y.z

Input data:
  MSA:        /N/u/danschw/Carbonate/GitHub/spore-phage-sigma/phylo/data/reduced_set_to_align/sigmas_MafftEinsi.trim
  Tree:       Maximum likelihood
    file:           -
  #taxa:            167
  #sites:           100
  #patterns:        100
  Max. thread mem:  40 MB

Output:
  Log:           /N/u/danschw/Carbonate/GitHub/spore-phage-sigma/phylo/data/reduced_set_to_align/model.out.log
  Starting tree: /N/u/danschw/Carbonate/GitHub/spore-phage-sigma/phylo/data/reduced_set_to_align/model.out.tree
  Results:       /N/u/danschw/Carbonate/GitHub/spore-phage-sigma/phylo/data/reduced_set_to_align/model.out.out

Selection options:
  # protein matrices: 19
  # protein models:   76
  include model parameters:
    Uniform:         true
    p-inv (+I):      false
    gamma (+G):      true
    both (+I+G):     false
    free rates (+R): false
    fixed freqs:     true
    estimated freqs: false
    #categories:     4
  gamma rates mode:   mean
  asc bias:           none
  epsilon (opt):      0.01
  epsilon (par):      0.05
  keep branches:      false

Additional options:
  verbosity:        very low
  threads:          8/24
  RNG seed:         123
  subtree repeats:  enabled
--------------------------------------------------------------------------------

BIC       model              K            lnL          score          delta    weight
--------------------------------------------------------------------------------
       1  LG+G4              1    -22635.0165     46798.9496         0.0000    1.0000
       2  LG+G4+F           20    -22603.6890     46823.7927        24.8432    0.0000
       3  RTREV+G4+F        20    -22665.7489     46947.9125       148.9629    0.0000
       4  VT+G4+F           20    -22731.4909     47079.3966       280.4470    0.0000
       5  WAG+G4+F          20    -22755.5910     47127.5968       328.6472    0.0000
       6  JTT+G4+F          20    -22798.4087     47213.2321       414.2825    0.0000
       7  WAG+G4             1    -22843.6740     47216.2644       417.3148    0.0000
       8  JTT-DCMUT+G4+F    20    -22801.0484     47218.5116       419.5620    0.0000
       9  VT+G4              1    -22848.8759     47226.6682       427.7186    0.0000
      10  RTREV+G4           1    -22855.7375     47240.3914       441.4419    0.0000
--------------------------------------------------------------------------------
Best model according to BIC
---------------------------
Model:              LG+G4
lnL:                -22635.0165
Frequencies:        0.0791 0.0559 0.0420 0.0531 0.0129 0.0408 0.0716 0.0573 0.0224 0.0622 0.0991 0.0646 0.0230 0.0423 0.0440 0.0612 0.0533 0.0121 0.0342 0.0691
Inv. sites prop:    -
Gamma shape:        2.4534
Score:              46798.9496
Weight:             1.0000
---------------------------
Parameter importances
---------------------------
P.Inv:              -
Gamma:              1.0000
Gamma-Inv:          -
Frequencies:        0.0000
---------------------------
Model averaged estimates
---------------------------
P.Inv:              -
Alpha:              2.4534
Alpha-P.Inv:        -
P.Inv-Alpha:        -
Frequencies:        0.0586 0.0751 0.0374 0.0488 0.0070 0.0525 0.0855 0.0394 0.0205 0.0800 0.1066 0.0878 0.0282 0.0374 0.0148 0.0524 0.0452 0.0060 0.0518 0.0650 

Commands:
  > phyml  -i /N/u/danschw/Carbonate/GitHub/spore-phage-sigma/phylo/data/reduced_set_to_align/sigmas_MafftEinsi.trim -d aa -m LG -f m -v 0 -a e -c 4 -o tlr
  > raxmlHPC-SSE3 -s /N/u/danschw/Carbonate/GitHub/spore-phage-sigma/phylo/data/reduced_set_to_align/sigmas_MafftEinsi.trim -m PROTGAMMALG -n EXEC_NAME -p PARSIMONY_SEED
  > raxml-ng --msa /N/u/danschw/Carbonate/GitHub/spore-phage-sigma/phylo/data/reduced_set_to_align/sigmas_MafftEinsi.trim --model LG+G4
  > paup -s /N/u/danschw/Carbonate/GitHub/spore-phage-sigma/phylo/data/reduced_set_to_align/sigmas_MafftEinsi.trim
  > iqtree -s /N/u/danschw/Carbonate/GitHub/spore-phage-sigma/phylo/data/reduced_set_to_align/sigmas_MafftEinsi.trim -m LG+G4

AIC       model              K            lnL          score          delta    weight
--------------------------------------------------------------------------------
       1  LG+G4+F           20    -22603.6890     45909.3780         0.0000    1.0000
       2  LG+G4              1    -22635.0165     45934.0331        24.6551    0.0000
       3  RTREV+G4+F        20    -22665.7489     46033.4978       124.1198    0.0000
       4  VT+G4+F           20    -22731.4909     46164.9818       255.6038    0.0000
       5  WAG+G4+F          20    -22755.5910     46213.1820       303.8040    0.0000
       6  JTT+G4+F          20    -22798.4087     46298.8173       389.4393    0.0000
       7  JTT-DCMUT+G4+F    20    -22801.0484     46304.0969       394.7188    0.0000
       8  WAG+G4             1    -22843.6740     46351.3479       441.9699    0.0000
       9  VT+G4              1    -22848.8759     46361.7517       452.3737    0.0000
      10  RTREV+G4           1    -22855.7375     46375.4749       466.0969    0.0000
--------------------------------------------------------------------------------
Best model according to AIC
---------------------------
Model:              LG+G4+F
lnL:                -22603.6890
Frequencies:        0.0586 0.0751 0.0374 0.0488 0.0070 0.0525 0.0855 0.0394 0.0205 0.0800 0.1066 0.0878 0.0282 0.0374 0.0148 0.0524 0.0452 0.0060 0.0518 0.0650
Inv. sites prop:    -
Gamma shape:        2.2000
Score:              45909.3780
Weight:             1.0000
---------------------------
Parameter importances
---------------------------
P.Inv:              -
Gamma:              1.0000
Gamma-Inv:          -
Frequencies:        1.0000
---------------------------
Model averaged estimates
---------------------------
P.Inv:              -
Alpha:              2.2000
Alpha-P.Inv:        -
P.Inv-Alpha:        -
Frequencies:        0.0586 0.0751 0.0374 0.0488 0.0070 0.0525 0.0855 0.0394 0.0205 0.0800 0.1066 0.0878 0.0282 0.0374 0.0148 0.0524 0.0452 0.0060 0.0518 0.0650 

Commands:
  > phyml  -i /N/u/danschw/Carbonate/GitHub/spore-phage-sigma/phylo/data/reduced_set_to_align/sigmas_MafftEinsi.trim -d aa -m LG -f e -v 0 -a e -c 4 -o tlr
  > raxmlHPC-SSE3 -s /N/u/danschw/Carbonate/GitHub/spore-phage-sigma/phylo/data/reduced_set_to_align/sigmas_MafftEinsi.trim -m PROTGAMMALGF -n EXEC_NAME -p PARSIMONY_SEED
  > raxml-ng --msa /N/u/danschw/Carbonate/GitHub/spore-phage-sigma/phylo/data/reduced_set_to_align/sigmas_MafftEinsi.trim --model LG+G4+F
  > paup -s /N/u/danschw/Carbonate/GitHub/spore-phage-sigma/phylo/data/reduced_set_to_align/sigmas_MafftEinsi.trim
  > iqtree -s /N/u/danschw/Carbonate/GitHub/spore-phage-sigma/phylo/data/reduced_set_to_align/sigmas_MafftEinsi.trim -m LG+G4+F

AICc      model              K            lnL          score          delta    weight
--------------------------------------------------------------------------------
       1  LG                 0    -23132.9983    266711.9966         0.0000    1.0000
       2  VT                 0    -23207.2210    266860.4419       148.4453    0.0000
       3  WAG                0    -23217.9887    266881.9774       169.9807    0.0000
       4  BLOSUM62           0    -23272.9198    266991.8395       279.8429    0.0000
       5  RTREV              0    -23296.7548    267039.5095       327.5129    0.0000
       6  LG+G4              1    -22635.0165    267046.0331       334.0364    0.0000
       7  PMB                0    -23325.9440    267097.8880       385.8914    0.0000
       8  CPREV              0    -23335.9845    267117.9690       405.9724    0.0000
       9  JTT                0    -23425.3251    267296.6503       584.6537    0.0000
      10  JTT-DCMUT          0    -23432.1011    267310.2022       598.2056    0.0000
--------------------------------------------------------------------------------
Best model according to AICc
---------------------------
Model:              LG
lnL:                -23132.9983
Frequencies:        0.0791 0.0559 0.0420 0.0531 0.0129 0.0408 0.0716 0.0573 0.0224 0.0622 0.0991 0.0646 0.0230 0.0423 0.0440 0.0612 0.0533 0.0121 0.0342 0.0691
Inv. sites prop:    -
Gamma shape:        -
Score:              266711.9966
Weight:             1.0000
---------------------------
Parameter importances
---------------------------
P.Inv:              -
Gamma:              0.0000
Gamma-Inv:          -
Frequencies:        -
---------------------------
Model averaged estimates
---------------------------
P.Inv:              -
Alpha:              2.4534
Alpha-P.Inv:        -
P.Inv-Alpha:        -
Frequencies:        -

Commands:
  > phyml  -i /N/u/danschw/Carbonate/GitHub/spore-phage-sigma/phylo/data/reduced_set_to_align/sigmas_MafftEinsi.trim -d aa -m LG -f m -v 0 -a 0 -c 1 -o tlr
  > raxmlHPC-SSE3 -s /N/u/danschw/Carbonate/GitHub/spore-phage-sigma/phylo/data/reduced_set_to_align/sigmas_MafftEinsi.trim -m PROTGAMMALG -n EXEC_NAME -p PARSIMONY_SEED
  > raxml-ng --msa /N/u/danschw/Carbonate/GitHub/spore-phage-sigma/phylo/data/reduced_set_to_align/sigmas_MafftEinsi.trim --model LG
  > paup -s /N/u/danschw/Carbonate/GitHub/spore-phage-sigma/phylo/data/reduced_set_to_align/sigmas_MafftEinsi.trim
  > iqtree -s /N/u/danschw/Carbonate/GitHub/spore-phage-sigma/phylo/data/reduced_set_to_align/sigmas_MafftEinsi.trim -m LG
Done
