
RAxML-NG v. 0.9.0git released on 24.05.2019 by The Exelixis Lab.
Developed by: Alexey M. Kozlov and Alexandros Stamatakis.
Contributors: Diego Darriba, Tomas Flouri, Benoit Morel, Sarah Lutteropp, Ben Bettisworth.
Latest version: https://github.com/amkozlov/raxml-ng
Questions/problems/suggestions? Please visit: https://groups.google.com/forum/#!forum/raxml

RAxML-NG was called at 24-Aug-2021 17:55:51 as follows:

raxml-ng --msa /N/u/danschw/Carbonate/GitHub/spore-phage-sigma/phylo/data/align-trim-tree/check_msa/check-msa.raxml.reduced.phy --model LG+G4 --threads 3 --seed 123

Analysis options:
  run mode: ML tree search
  start tree(s): random (10) + parsimony (10)
  random seed: 123
  tip-inner: OFF
  pattern compression: ON
  per-rate scalers: OFF
  site repeats: ON
  fast spr radius: AUTO
  spr subtree cutoff: 1.000000
  branch lengths: proportional (ML estimate, algorithm: NR-FAST)
  SIMD kernels: AVX2
  parallelization: PTHREADS (3 threads), thread pinning: OFF

[00:00:00] Reading alignment from file: /N/u/danschw/Carbonate/GitHub/spore-phage-sigma/phylo/data/align-trim-tree/check_msa/check-msa.raxml.reduced.phy
[00:00:00] Loaded alignment with 384 taxa and 172 sites

Alignment comprises 1 partitions and 172 patterns

Partition 0: noname
Model: LG+G4m
Alignment sites / patterns: 172 / 172
Gaps: 4.64 %
Invariant sites: 0.00 %


NOTE: Binary MSA file created: /N/u/danschw/Carbonate/GitHub/spore-phage-sigma/phylo/data/align-trim-tree/check_msa/check-msa.raxml.reduced.phy.raxml.rba

[00:00:00] Generating 10 random starting tree(s) with 384 taxa
[00:00:00] Generating 10 parsimony starting tree(s) with 384 taxa
[00:00:01] Data distribution: max. partitions/sites/weight per thread: 1 / 58 / 4640

Starting ML tree search with 20 distinct starting trees

[00:00:01 -172886.237721] Initial branch length optimization
[00:00:02 -145739.043158] Model parameter optimization (eps = 10.000000)
[00:00:02 -145723.215854] AUTODETECT spr round 1 (radius: 5)
[00:00:18 -123930.940552] AUTODETECT spr round 2 (radius: 10)
[00:00:36 -105926.469918] AUTODETECT spr round 3 (radius: 15)
[00:00:58 -97364.077327] AUTODETECT spr round 4 (radius: 20)
[00:01:23 -96074.074354] AUTODETECT spr round 5 (radius: 25)
[00:01:46 -96013.507323] SPR radius for FAST iterations: 25 (autodetect)
[00:01:46 -96013.507323] Model parameter optimization (eps = 3.000000)
[00:01:47 -95986.406766] FAST spr round 1 (radius: 25)
[00:02:18 -92021.794779] FAST spr round 2 (radius: 25)
[00:02:43 -91866.901592] FAST spr round 3 (radius: 25)
[00:03:04 -91843.099830] FAST spr round 4 (radius: 25)
[00:03:23 -91834.307191] FAST spr round 5 (radius: 25)
[00:03:41 -91823.368834] FAST spr round 6 (radius: 25)
[00:03:59 -91820.178840] FAST spr round 7 (radius: 25)
[00:04:17 -91818.508159] FAST spr round 8 (radius: 25)
[00:04:35 -91817.411375] FAST spr round 9 (radius: 25)
[00:04:53 -91815.658232] FAST spr round 10 (radius: 25)
[00:05:11 -91814.683201] FAST spr round 11 (radius: 25)
[00:05:28 -91814.216847] FAST spr round 12 (radius: 25)
[00:05:46 -91813.851080] FAST spr round 13 (radius: 25)
[00:06:04 -91813.632768] FAST spr round 14 (radius: 25)
[00:06:22 -91813.249175] FAST spr round 15 (radius: 25)
[00:06:39 -91813.066599] FAST spr round 16 (radius: 25)
[00:06:57 -91813.066529] Model parameter optimization (eps = 1.000000)
[00:06:57 -91813.044866] SLOW spr round 1 (radius: 5)
[00:07:24 -91809.222363] SLOW spr round 2 (radius: 5)
[00:07:48 -91809.222179] SLOW spr round 3 (radius: 10)
[00:08:16 -91809.136798] SLOW spr round 4 (radius: 15)
[00:09:06 -91809.136768] SLOW spr round 5 (radius: 20)
[00:10:00 -91809.136767] SLOW spr round 6 (radius: 25)
[00:10:57 -91809.136767] Model parameter optimization (eps = 0.100000)

[00:10:57] ML tree search #1, logLikelihood: -91809.127340

[00:10:57 -171878.565612] Initial branch length optimization
[00:10:58 -144591.853940] Model parameter optimization (eps = 10.000000)
[00:10:58 -144557.473836] AUTODETECT spr round 1 (radius: 5)
[00:11:14 -122467.959336] AUTODETECT spr round 2 (radius: 10)
[00:11:33 -103264.043640] AUTODETECT spr round 3 (radius: 15)
[00:11:57 -99589.294379] AUTODETECT spr round 4 (radius: 20)
[00:12:24 -96487.292349] AUTODETECT spr round 5 (radius: 25)
[00:12:50 -95961.063850] SPR radius for FAST iterations: 25 (autodetect)
[00:12:50 -95961.063850] Model parameter optimization (eps = 3.000000)
[00:12:51 -95949.384788] FAST spr round 1 (radius: 25)
[00:13:22 -92064.932759] FAST spr round 2 (radius: 25)
[00:13:47 -91899.495345] FAST spr round 3 (radius: 25)
[00:14:10 -91864.987677] FAST spr round 4 (radius: 25)
[00:14:30 -91857.491761] FAST spr round 5 (radius: 25)
[00:14:50 -91851.238510] FAST spr round 6 (radius: 25)
[00:15:08 -91850.083012] FAST spr round 7 (radius: 25)
[00:15:26 -91849.372039] FAST spr round 8 (radius: 25)
[00:15:44 -91849.120653] FAST spr round 9 (radius: 25)
[00:16:03 -91848.836838] FAST spr round 10 (radius: 25)
[00:16:21 -91848.824859] Model parameter optimization (eps = 1.000000)
[00:16:21 -91848.353044] SLOW spr round 1 (radius: 5)
[00:16:49 -91839.803960] SLOW spr round 2 (radius: 5)
[00:17:14 -91839.742624] SLOW spr round 3 (radius: 10)
[00:17:41 -91839.741817] SLOW spr round 4 (radius: 15)
[00:18:30 -91839.741807] SLOW spr round 5 (radius: 20)
[00:19:21 -91839.741807] SLOW spr round 6 (radius: 25)
[00:20:19 -91839.741807] Model parameter optimization (eps = 0.100000)

[00:20:20] ML tree search #2, logLikelihood: -91839.413884

[00:20:20 -173345.205601] Initial branch length optimization
[00:20:21 -145782.365960] Model parameter optimization (eps = 10.000000)
[00:20:21 -145769.161887] AUTODETECT spr round 1 (radius: 5)
[00:20:37 -120419.703115] AUTODETECT spr round 2 (radius: 10)
[00:20:56 -101034.084549] AUTODETECT spr round 3 (radius: 15)
[00:21:19 -96850.785381] AUTODETECT spr round 4 (radius: 20)
[00:21:45 -95939.505186] AUTODETECT spr round 5 (radius: 25)
[00:22:11 -95939.495695] SPR radius for FAST iterations: 20 (autodetect)
[00:22:11 -95939.495695] Model parameter optimization (eps = 3.000000)
[00:22:12 -95917.155727] FAST spr round 1 (radius: 20)
[00:22:41 -92079.202379] FAST spr round 2 (radius: 20)
[00:23:06 -91851.086614] FAST spr round 3 (radius: 20)
[00:23:28 -91825.156534] FAST spr round 4 (radius: 20)
[00:23:48 -91819.549354] FAST spr round 5 (radius: 20)
[00:24:06 -91818.666420] FAST spr round 6 (radius: 20)
[00:24:24 -91818.342875] FAST spr round 7 (radius: 20)
[00:24:42 -91818.050771] FAST spr round 8 (radius: 20)
[00:25:00 -91817.754922] FAST spr round 9 (radius: 20)
[00:25:17 -91817.632640] FAST spr round 10 (radius: 20)
[00:25:35 -91817.562590] Model parameter optimization (eps = 1.000000)
[00:25:35 -91817.098961] SLOW spr round 1 (radius: 5)
[00:26:02 -91804.475654] SLOW spr round 2 (radius: 5)
[00:26:28 -91803.192063] SLOW spr round 3 (radius: 5)
[00:26:51 -91803.191291] SLOW spr round 4 (radius: 10)
[00:27:19 -91802.498791] SLOW spr round 5 (radius: 5)
[00:27:49 -91800.060801] SLOW spr round 6 (radius: 5)
[00:28:15 -91800.060770] SLOW spr round 7 (radius: 10)
[00:28:44 -91800.060769] SLOW spr round 8 (radius: 15)
[00:29:33 -91800.060769] SLOW spr round 9 (radius: 20)
[00:30:26 -91798.440541] SLOW spr round 10 (radius: 5)
[00:30:58 -91797.659494] SLOW spr round 11 (radius: 5)
[00:31:25 -91797.405053] SLOW spr round 12 (radius: 5)
[00:31:50 -91797.404965] SLOW spr round 13 (radius: 10)
[00:32:18 -91797.404964] SLOW spr round 14 (radius: 15)
[00:33:08 -91797.404964] SLOW spr round 15 (radius: 20)
[00:34:00 -91797.404964] SLOW spr round 16 (radius: 25)
[00:35:00 -91797.404964] Model parameter optimization (eps = 0.100000)

[00:35:01] ML tree search #3, logLikelihood: -91797.404846

[00:35:01 -171444.143333] Initial branch length optimization
[00:35:01 -144136.369071] Model parameter optimization (eps = 10.000000)
[00:35:02 -144107.286960] AUTODETECT spr round 1 (radius: 5)
[00:35:18 -122794.565220] AUTODETECT spr round 2 (radius: 10)
[00:35:37 -103695.857723] AUTODETECT spr round 3 (radius: 15)
[00:35:59 -98246.812731] AUTODETECT spr round 4 (radius: 20)
[00:36:24 -96263.861415] AUTODETECT spr round 5 (radius: 25)
[00:36:53 -96243.287239] SPR radius for FAST iterations: 25 (autodetect)
[00:36:53 -96243.287239] Model parameter optimization (eps = 3.000000)
[00:36:54 -96227.416034] FAST spr round 1 (radius: 25)
[00:37:26 -92105.925874] FAST spr round 2 (radius: 25)
[00:37:51 -91887.820669] FAST spr round 3 (radius: 25)
[00:38:14 -91856.858080] FAST spr round 4 (radius: 25)
[00:38:34 -91849.892644] FAST spr round 5 (radius: 25)
[00:38:53 -91848.966378] FAST spr round 6 (radius: 25)
[00:39:12 -91848.374486] FAST spr round 7 (radius: 25)
[00:39:30 -91847.826802] FAST spr round 8 (radius: 25)
[00:39:48 -91847.512357] FAST spr round 9 (radius: 25)
[00:40:06 -91846.482883] FAST spr round 10 (radius: 25)
[00:40:24 -91846.188186] FAST spr round 11 (radius: 25)
[00:40:42 -91845.457870] FAST spr round 12 (radius: 25)
[00:41:00 -91843.249704] FAST spr round 13 (radius: 25)
[00:41:18 -91842.921615] FAST spr round 14 (radius: 25)
[00:41:36 -91842.741645] FAST spr round 15 (radius: 25)
[00:41:54 -91842.306707] FAST spr round 16 (radius: 25)
[00:42:11 -91842.245872] Model parameter optimization (eps = 1.000000)
[00:42:12 -91835.600224] SLOW spr round 1 (radius: 5)
[00:42:40 -91824.399297] SLOW spr round 2 (radius: 5)
[00:43:05 -91823.185989] SLOW spr round 3 (radius: 5)
[00:43:29 -91823.185449] SLOW spr round 4 (radius: 10)
[00:43:56 -91823.185401] SLOW spr round 5 (radius: 15)
[00:44:47 -91823.185393] SLOW spr round 6 (radius: 20)
[00:45:39 -91823.185392] SLOW spr round 7 (radius: 25)
[00:46:40 -91823.185392] Model parameter optimization (eps = 0.100000)

[00:46:40] ML tree search #4, logLikelihood: -91823.184883

[00:46:40 -172301.849877] Initial branch length optimization
[00:46:41 -144937.266577] Model parameter optimization (eps = 10.000000)
[00:46:41 -144925.041025] AUTODETECT spr round 1 (radius: 5)
[00:46:57 -122771.429000] AUTODETECT spr round 2 (radius: 10)
[00:47:16 -107081.531866] AUTODETECT spr round 3 (radius: 15)
[00:47:39 -98613.985952] AUTODETECT spr round 4 (radius: 20)
[00:48:08 -97354.589969] AUTODETECT spr round 5 (radius: 25)
[00:48:39 -97333.925288] SPR radius for FAST iterations: 25 (autodetect)
[00:48:39 -97333.925288] Model parameter optimization (eps = 3.000000)
[00:48:39 -97290.833579] FAST spr round 1 (radius: 25)
[00:49:10 -92067.741483] FAST spr round 2 (radius: 25)
[00:49:34 -91870.287661] FAST spr round 3 (radius: 25)
[00:49:56 -91851.331340] FAST spr round 4 (radius: 25)
[00:50:15 -91848.889521] FAST spr round 5 (radius: 25)
[00:50:34 -91848.435107] FAST spr round 6 (radius: 25)
[00:50:52 -91848.218124] FAST spr round 7 (radius: 25)
[00:51:10 -91848.217602] Model parameter optimization (eps = 1.000000)
[00:51:10 -91848.205289] SLOW spr round 1 (radius: 5)
[00:51:38 -91837.109302] SLOW spr round 2 (radius: 5)
[00:52:04 -91830.754325] SLOW spr round 3 (radius: 5)
[00:52:28 -91830.754262] SLOW spr round 4 (radius: 10)
[00:52:56 -91830.754258] SLOW spr round 5 (radius: 15)
[00:53:46 -91830.754256] SLOW spr round 6 (radius: 20)
[00:54:41 -91830.754254] SLOW spr round 7 (radius: 25)
[00:55:41 -91830.754252] Model parameter optimization (eps = 0.100000)

[00:55:42] ML tree search #5, logLikelihood: -91830.690694

[00:55:42 -172552.282020] Initial branch length optimization
[00:55:42 -144996.335639] Model parameter optimization (eps = 10.000000)
[00:55:43 -144988.274873] AUTODETECT spr round 1 (radius: 5)
[00:55:59 -123984.389263] AUTODETECT spr round 2 (radius: 10)
[00:56:17 -105491.466312] AUTODETECT spr round 3 (radius: 15)
[00:56:40 -99261.788987] AUTODETECT spr round 4 (radius: 20)
[00:57:03 -97503.810447] AUTODETECT spr round 5 (radius: 25)
[00:57:25 -97398.681178] SPR radius for FAST iterations: 25 (autodetect)
[00:57:25 -97398.681178] Model parameter optimization (eps = 3.000000)
[00:57:26 -97344.969752] FAST spr round 1 (radius: 25)
[00:57:56 -92050.592214] FAST spr round 2 (radius: 25)
[00:58:21 -91856.891594] FAST spr round 3 (radius: 25)
[00:58:44 -91830.467183] FAST spr round 4 (radius: 25)
[00:59:04 -91823.729054] FAST spr round 5 (radius: 25)
[00:59:23 -91820.940164] FAST spr round 6 (radius: 25)
[00:59:41 -91818.851040] FAST spr round 7 (radius: 25)
[00:59:59 -91815.798749] FAST spr round 8 (radius: 25)
[01:00:17 -91814.413675] FAST spr round 9 (radius: 25)
[01:00:35 -91812.882253] FAST spr round 10 (radius: 25)
[01:00:52 -91812.457182] FAST spr round 11 (radius: 25)
[01:01:10 -91812.103357] FAST spr round 12 (radius: 25)
[01:01:27 -91811.886303] FAST spr round 13 (radius: 25)
[01:01:45 -91811.886257] Model parameter optimization (eps = 1.000000)
[01:01:45 -91809.365341] SLOW spr round 1 (radius: 5)
[01:02:11 -91803.695624] SLOW spr round 2 (radius: 5)
[01:02:36 -91803.411651] SLOW spr round 3 (radius: 5)
[01:03:00 -91803.411524] SLOW spr round 4 (radius: 10)
[01:03:27 -91802.825421] SLOW spr round 5 (radius: 5)
[01:03:57 -91802.008355] SLOW spr round 6 (radius: 5)
[01:04:24 -91801.210799] SLOW spr round 7 (radius: 5)
[01:04:49 -91801.210755] SLOW spr round 8 (radius: 10)
[01:05:16 -91801.210755] SLOW spr round 9 (radius: 15)
[01:06:10 -91801.210755] SLOW spr round 10 (radius: 20)
[01:07:07 -91801.210755] SLOW spr round 11 (radius: 25)
[01:08:12 -91801.210755] Model parameter optimization (eps = 0.100000)

[01:08:12] ML tree search #6, logLikelihood: -91801.210546

[01:08:12 -172482.575457] Initial branch length optimization
[01:08:13 -144819.253213] Model parameter optimization (eps = 10.000000)
[01:08:13 -144812.269244] AUTODETECT spr round 1 (radius: 5)
[01:08:29 -124895.685108] AUTODETECT spr round 2 (radius: 10)
[01:08:48 -102921.400021] AUTODETECT spr round 3 (radius: 15)
[01:09:11 -95321.505197] AUTODETECT spr round 4 (radius: 20)
[01:09:39 -95035.285672] AUTODETECT spr round 5 (radius: 25)
[01:10:09 -95029.822521] SPR radius for FAST iterations: 25 (autodetect)
[01:10:09 -95029.822521] Model parameter optimization (eps = 3.000000)
[01:10:10 -94992.211523] FAST spr round 1 (radius: 25)
[01:10:41 -92000.315247] FAST spr round 2 (radius: 25)
[01:11:05 -91892.820857] FAST spr round 3 (radius: 25)
[01:11:27 -91862.785835] FAST spr round 4 (radius: 25)
[01:11:47 -91858.871340] FAST spr round 5 (radius: 25)
[01:12:06 -91856.623455] FAST spr round 6 (radius: 25)
[01:12:25 -91850.642079] FAST spr round 7 (radius: 25)
[01:12:43 -91850.235416] FAST spr round 8 (radius: 25)
[01:13:01 -91850.084490] FAST spr round 9 (radius: 25)
[01:13:19 -91850.084063] Model parameter optimization (eps = 1.000000)
[01:13:19 -91849.215363] SLOW spr round 1 (radius: 5)
[01:13:46 -91837.850085] SLOW spr round 2 (radius: 5)
[01:14:11 -91837.795049] SLOW spr round 3 (radius: 10)
[01:14:38 -91833.411837] SLOW spr round 4 (radius: 5)
[01:15:09 -91825.660146] SLOW spr round 5 (radius: 5)
[01:15:35 -91825.531237] SLOW spr round 6 (radius: 5)
[01:15:59 -91825.530980] SLOW spr round 7 (radius: 10)
[01:16:28 -91825.197666] SLOW spr round 8 (radius: 5)
[01:16:57 -91824.526876] SLOW spr round 9 (radius: 5)
[01:17:23 -91824.526179] SLOW spr round 10 (radius: 10)
[01:17:53 -91824.526169] SLOW spr round 11 (radius: 15)
[01:18:41 -91824.526169] SLOW spr round 12 (radius: 20)
[01:19:34 -91824.526169] SLOW spr round 13 (radius: 25)
[01:20:40 -91824.526169] Model parameter optimization (eps = 0.100000)

[01:20:41] ML tree search #7, logLikelihood: -91824.269290

[01:20:41 -172146.338518] Initial branch length optimization
[01:20:42 -144677.923341] Model parameter optimization (eps = 10.000000)
[01:20:42 -144669.344874] AUTODETECT spr round 1 (radius: 5)
[01:20:58 -125155.017373] AUTODETECT spr round 2 (radius: 10)
[01:21:16 -105107.710084] AUTODETECT spr round 3 (radius: 15)
[01:21:39 -97943.638224] AUTODETECT spr round 4 (radius: 20)
[01:22:04 -96607.919331] AUTODETECT spr round 5 (radius: 25)
[01:22:29 -96599.401057] SPR radius for FAST iterations: 25 (autodetect)
[01:22:29 -96599.401057] Model parameter optimization (eps = 3.000000)
[01:22:30 -96565.935304] FAST spr round 1 (radius: 25)
[01:23:01 -92054.426416] FAST spr round 2 (radius: 25)
[01:23:26 -91937.620992] FAST spr round 3 (radius: 25)
[01:23:48 -91915.081526] FAST spr round 4 (radius: 25)
[01:24:08 -91906.602580] FAST spr round 5 (radius: 25)
[01:24:27 -91897.833393] FAST spr round 6 (radius: 25)
[01:24:45 -91894.784181] FAST spr round 7 (radius: 25)
[01:25:04 -91891.781722] FAST spr round 8 (radius: 25)
[01:25:22 -91890.334989] FAST spr round 9 (radius: 25)
[01:25:40 -91890.119470] FAST spr round 10 (radius: 25)
[01:25:58 -91889.654408] FAST spr round 11 (radius: 25)
[01:26:16 -91889.572161] Model parameter optimization (eps = 1.000000)
[01:26:16 -91888.875448] SLOW spr round 1 (radius: 5)
[01:26:44 -91867.394139] SLOW spr round 2 (radius: 5)
[01:27:09 -91860.675372] SLOW spr round 3 (radius: 5)
[01:27:33 -91860.674616] SLOW spr round 4 (radius: 10)
[01:27:59 -91858.586885] SLOW spr round 5 (radius: 5)
[01:28:30 -91849.268137] SLOW spr round 6 (radius: 5)
[01:28:56 -91849.005783] SLOW spr round 7 (radius: 5)
[01:29:21 -91849.005712] SLOW spr round 8 (radius: 10)
[01:29:47 -91849.005711] SLOW spr round 9 (radius: 15)
[01:30:39 -91849.005711] SLOW spr round 10 (radius: 20)
[01:31:34 -91849.005711] SLOW spr round 11 (radius: 25)
[01:32:34 -91849.005711] Model parameter optimization (eps = 0.100000)

[01:32:35] ML tree search #8, logLikelihood: -91848.923538

[01:32:35 -173092.459720] Initial branch length optimization
[01:32:35 -145640.144919] Model parameter optimization (eps = 10.000000)
[01:32:37 -145295.871066] AUTODETECT spr round 1 (radius: 5)
[01:32:53 -121422.465843] AUTODETECT spr round 2 (radius: 10)
[01:33:12 -103156.165538] AUTODETECT spr round 3 (radius: 15)
[01:33:35 -97781.103249] AUTODETECT spr round 4 (radius: 20)
[01:33:59 -96131.814713] AUTODETECT spr round 5 (radius: 25)
[01:34:27 -96008.410647] SPR radius for FAST iterations: 25 (autodetect)
[01:34:27 -96008.410647] Model parameter optimization (eps = 3.000000)
[01:34:28 -95966.934321] FAST spr round 1 (radius: 25)
[01:34:59 -91970.885232] FAST spr round 2 (radius: 25)
[01:35:24 -91857.209304] FAST spr round 3 (radius: 25)
[01:35:44 -91848.208436] FAST spr round 4 (radius: 25)
[01:36:03 -91842.842344] FAST spr round 5 (radius: 25)
[01:36:21 -91840.986571] FAST spr round 6 (radius: 25)
[01:36:39 -91840.785263] FAST spr round 7 (radius: 25)
[01:36:57 -91840.616407] FAST spr round 8 (radius: 25)
[01:37:15 -91837.606611] FAST spr round 9 (radius: 25)
[01:37:33 -91837.605853] Model parameter optimization (eps = 1.000000)
[01:37:33 -91837.111691] SLOW spr round 1 (radius: 5)
[01:38:01 -91825.353848] SLOW spr round 2 (radius: 5)
[01:38:26 -91824.490462] SLOW spr round 3 (radius: 5)
[01:38:50 -91823.212889] SLOW spr round 4 (radius: 5)
[01:39:14 -91823.212570] SLOW spr round 5 (radius: 10)
[01:39:40 -91815.911258] SLOW spr round 6 (radius: 5)
[01:40:10 -91812.957517] SLOW spr round 7 (radius: 5)
[01:40:36 -91812.957161] SLOW spr round 8 (radius: 10)
[01:41:05 -91812.697552] SLOW spr round 9 (radius: 5)
[01:41:35 -91808.894638] SLOW spr round 10 (radius: 5)
[01:42:01 -91808.894562] SLOW spr round 11 (radius: 10)
[01:42:29 -91808.894562] SLOW spr round 12 (radius: 15)
[01:43:18 -91808.417726] SLOW spr round 13 (radius: 5)
[01:43:49 -91807.374600] SLOW spr round 14 (radius: 5)
[01:44:17 -91806.621495] SLOW spr round 15 (radius: 5)
[01:44:42 -91806.621207] SLOW spr round 16 (radius: 10)
[01:45:10 -91806.621203] SLOW spr round 17 (radius: 15)
[01:46:00 -91806.278172] SLOW spr round 18 (radius: 5)
[01:46:31 -91805.781305] SLOW spr round 19 (radius: 5)
[01:46:58 -91805.427377] SLOW spr round 20 (radius: 5)
[01:47:23 -91805.425760] SLOW spr round 21 (radius: 10)
[01:47:51 -91805.296094] SLOW spr round 22 (radius: 5)
[01:48:19 -91805.295578] SLOW spr round 23 (radius: 10)
[01:48:52 -91804.971430] SLOW spr round 24 (radius: 5)
[01:49:21 -91804.926752] SLOW spr round 25 (radius: 10)
[01:49:53 -91803.985538] SLOW spr round 26 (radius: 5)
[01:50:22 -91800.809334] SLOW spr round 27 (radius: 5)
[01:50:48 -91800.339230] SLOW spr round 28 (radius: 5)
[01:51:12 -91800.246602] SLOW spr round 29 (radius: 10)
[01:51:40 -91798.646580] SLOW spr round 30 (radius: 5)
[01:52:08 -91798.645580] SLOW spr round 31 (radius: 10)
[01:52:40 -91798.645560] SLOW spr round 32 (radius: 15)
[01:53:26 -91796.351584] SLOW spr round 33 (radius: 5)
[01:53:56 -91795.713289] SLOW spr round 34 (radius: 5)
[01:54:22 -91795.713177] SLOW spr round 35 (radius: 10)
[01:54:51 -91795.713175] SLOW spr round 36 (radius: 15)
[01:55:38 -91795.713175] SLOW spr round 37 (radius: 20)
[01:56:27 -91795.713175] SLOW spr round 38 (radius: 25)
[01:57:20 -91795.713175] Model parameter optimization (eps = 0.100000)

[01:57:21] ML tree search #9, logLikelihood: -91795.450610

[01:57:21 -172376.348020] Initial branch length optimization
[01:57:22 -144498.544080] Model parameter optimization (eps = 10.000000)
[01:57:22 -144475.667432] AUTODETECT spr round 1 (radius: 5)
[01:57:38 -124901.136517] AUTODETECT spr round 2 (radius: 10)
[01:57:57 -108142.704790] AUTODETECT spr round 3 (radius: 15)
[01:58:21 -97663.079073] AUTODETECT spr round 4 (radius: 20)
[01:58:47 -96735.747871] AUTODETECT spr round 5 (radius: 25)
[01:59:14 -96649.380959] SPR radius for FAST iterations: 25 (autodetect)
[01:59:14 -96649.380959] Model parameter optimization (eps = 3.000000)
[01:59:15 -96616.716511] FAST spr round 1 (radius: 25)
[01:59:45 -92018.349134] FAST spr round 2 (radius: 25)
[02:00:10 -91865.355690] FAST spr round 3 (radius: 25)
[02:00:31 -91860.583163] FAST spr round 4 (radius: 25)
[02:00:50 -91859.100601] FAST spr round 5 (radius: 25)
[02:01:09 -91857.702096] FAST spr round 6 (radius: 25)
[02:01:28 -91856.995664] FAST spr round 7 (radius: 25)
[02:01:46 -91856.379597] FAST spr round 8 (radius: 25)
[02:02:04 -91855.878912] FAST spr round 9 (radius: 25)
[02:02:22 -91855.514627] FAST spr round 10 (radius: 25)
[02:02:40 -91855.215322] FAST spr round 11 (radius: 25)
[02:02:57 -91854.942071] FAST spr round 12 (radius: 25)
[02:03:15 -91854.688744] FAST spr round 13 (radius: 25)
[02:03:32 -91854.642842] Model parameter optimization (eps = 1.000000)
[02:03:33 -91854.519208] SLOW spr round 1 (radius: 5)
[02:04:00 -91843.788169] SLOW spr round 2 (radius: 5)
[02:04:26 -91840.876449] SLOW spr round 3 (radius: 5)
[02:04:50 -91839.383106] SLOW spr round 4 (radius: 5)
[02:05:15 -91838.853302] SLOW spr round 5 (radius: 5)
[02:05:39 -91838.853251] SLOW spr round 6 (radius: 10)
[02:06:05 -91836.265036] SLOW spr round 7 (radius: 5)
[02:06:34 -91835.141906] SLOW spr round 8 (radius: 5)
[02:07:00 -91835.141885] SLOW spr round 9 (radius: 10)
[02:07:28 -91835.069418] SLOW spr round 10 (radius: 15)
[02:08:12 -91833.692286] SLOW spr round 11 (radius: 5)
[02:08:44 -91830.026848] SLOW spr round 12 (radius: 5)
[02:09:10 -91829.773691] SLOW spr round 13 (radius: 5)
[02:09:35 -91829.773588] SLOW spr round 14 (radius: 10)
[02:10:02 -91827.266362] SLOW spr round 15 (radius: 5)
[02:10:31 -91827.266256] SLOW spr round 16 (radius: 10)
[02:11:02 -91827.266255] SLOW spr round 17 (radius: 15)
[02:11:44 -91826.862467] SLOW spr round 18 (radius: 5)
[02:12:15 -91825.763226] SLOW spr round 19 (radius: 5)
[02:12:41 -91825.763029] SLOW spr round 20 (radius: 10)
[02:13:10 -91825.763028] SLOW spr round 21 (radius: 15)
[02:13:53 -91825.763028] SLOW spr round 22 (radius: 20)
[02:14:46 -91825.147271] SLOW spr round 23 (radius: 5)
[02:15:18 -91824.229336] SLOW spr round 24 (radius: 5)
[02:15:44 -91824.228879] SLOW spr round 25 (radius: 10)
[02:16:13 -91824.228864] SLOW spr round 26 (radius: 15)
[02:16:58 -91824.228863] SLOW spr round 27 (radius: 20)
[02:17:50 -91824.228863] SLOW spr round 28 (radius: 25)
[02:18:39 -91824.228863] Model parameter optimization (eps = 0.100000)

[02:18:39] ML tree search #10, logLikelihood: -91824.222893

[02:18:39 -105003.005355] Initial branch length optimization
[02:18:39 -93385.458363] Model parameter optimization (eps = 10.000000)
[02:18:40 -93326.512248] AUTODETECT spr round 1 (radius: 5)
[02:18:54 -92233.692924] AUTODETECT spr round 2 (radius: 10)
[02:19:13 -92045.102398] AUTODETECT spr round 3 (radius: 15)
[02:19:37 -92003.327762] AUTODETECT spr round 4 (radius: 20)
[02:20:02 -92003.325676] SPR radius for FAST iterations: 15 (autodetect)
[02:20:02 -92003.325676] Model parameter optimization (eps = 3.000000)
[02:20:03 -92002.443135] FAST spr round 1 (radius: 15)
[02:20:28 -91862.995310] FAST spr round 2 (radius: 15)
[02:20:51 -91843.469960] FAST spr round 3 (radius: 15)
[02:21:11 -91840.271367] FAST spr round 4 (radius: 15)
[02:21:30 -91837.011451] FAST spr round 5 (radius: 15)
[02:21:48 -91835.498074] FAST spr round 6 (radius: 15)
[02:22:06 -91834.205883] FAST spr round 7 (radius: 15)
[02:22:24 -91833.671341] FAST spr round 8 (radius: 15)
[02:22:42 -91833.573238] Model parameter optimization (eps = 1.000000)
[02:22:42 -91833.572007] SLOW spr round 1 (radius: 5)
[02:23:10 -91825.754009] SLOW spr round 2 (radius: 5)
[02:23:35 -91824.773872] SLOW spr round 3 (radius: 5)
[02:23:59 -91824.606062] SLOW spr round 4 (radius: 5)
[02:24:23 -91824.605282] SLOW spr round 5 (radius: 10)
[02:24:51 -91824.605257] SLOW spr round 6 (radius: 15)
[02:25:40 -91824.373035] SLOW spr round 7 (radius: 5)
[02:26:10 -91824.330068] SLOW spr round 8 (radius: 10)
[02:26:45 -91820.976946] SLOW spr round 9 (radius: 5)
[02:27:15 -91812.701232] SLOW spr round 10 (radius: 5)
[02:27:42 -91810.302566] SLOW spr round 11 (radius: 5)
[02:28:08 -91809.439130] SLOW spr round 12 (radius: 5)
[02:28:32 -91809.436197] SLOW spr round 13 (radius: 10)
[02:28:59 -91808.038944] SLOW spr round 14 (radius: 5)
[02:29:29 -91807.310987] SLOW spr round 15 (radius: 5)
[02:29:55 -91807.310936] SLOW spr round 16 (radius: 10)
[02:30:23 -91807.310928] SLOW spr round 17 (radius: 15)
[02:31:10 -91807.310924] SLOW spr round 18 (radius: 20)
[02:32:01 -91807.310922] SLOW spr round 19 (radius: 25)
[02:32:57 -91807.310920] Model parameter optimization (eps = 0.100000)

[02:32:57] ML tree search #11, logLikelihood: -91807.307194

[02:32:57 -104473.667959] Initial branch length optimization
[02:32:57 -93142.699847] Model parameter optimization (eps = 10.000000)
[02:32:58 -93077.054826] AUTODETECT spr round 1 (radius: 5)
[02:33:12 -92294.435995] AUTODETECT spr round 2 (radius: 10)
[02:33:31 -92120.383373] AUTODETECT spr round 3 (radius: 15)
[02:33:53 -92054.275918] AUTODETECT spr round 4 (radius: 20)
[02:34:18 -92053.561731] AUTODETECT spr round 5 (radius: 25)
[02:34:43 -92053.556931] SPR radius for FAST iterations: 20 (autodetect)
[02:34:43 -92053.556931] Model parameter optimization (eps = 3.000000)
[02:34:43 -92053.391997] FAST spr round 1 (radius: 20)
[02:35:11 -91897.547901] FAST spr round 2 (radius: 20)
[02:35:34 -91843.247451] FAST spr round 3 (radius: 20)
[02:35:55 -91826.335897] FAST spr round 4 (radius: 20)
[02:36:14 -91822.607647] FAST spr round 5 (radius: 20)
[02:36:33 -91821.027921] FAST spr round 6 (radius: 20)
[02:36:51 -91820.692499] FAST spr round 7 (radius: 20)
[02:37:08 -91820.648492] Model parameter optimization (eps = 1.000000)
[02:37:09 -91820.569758] SLOW spr round 1 (radius: 5)
[02:37:36 -91807.037510] SLOW spr round 2 (radius: 5)
[02:38:01 -91805.921581] SLOW spr round 3 (radius: 5)
[02:38:25 -91805.426053] SLOW spr round 4 (radius: 5)
[02:38:49 -91805.425985] SLOW spr round 5 (radius: 10)
[02:39:16 -91805.425982] SLOW spr round 6 (radius: 15)
[02:40:05 -91805.425982] SLOW spr round 7 (radius: 20)
[02:40:57 -91805.425982] SLOW spr round 8 (radius: 25)
[02:41:55 -91805.425982] Model parameter optimization (eps = 0.100000)

[02:41:55] ML tree search #12, logLikelihood: -91805.422546

[02:41:55 -104594.026021] Initial branch length optimization
[02:41:56 -93238.916592] Model parameter optimization (eps = 10.000000)
[02:41:56 -93171.242025] AUTODETECT spr round 1 (radius: 5)
[02:42:10 -92243.202326] AUTODETECT spr round 2 (radius: 10)
[02:42:29 -92103.257772] AUTODETECT spr round 3 (radius: 15)
[02:42:54 -92074.865205] AUTODETECT spr round 4 (radius: 20)
[02:43:23 -92062.994251] AUTODETECT spr round 5 (radius: 25)
[02:43:52 -92062.992322] SPR radius for FAST iterations: 20 (autodetect)
[02:43:52 -92062.992322] Model parameter optimization (eps = 3.000000)
[02:43:52 -92061.900294] FAST spr round 1 (radius: 20)
[02:44:21 -91896.169940] FAST spr round 2 (radius: 20)
[02:44:45 -91874.421956] FAST spr round 3 (radius: 20)
[02:45:05 -91869.096165] FAST spr round 4 (radius: 20)
[02:45:24 -91868.240523] FAST spr round 5 (radius: 20)
[02:45:42 -91866.591800] FAST spr round 6 (radius: 20)
[02:46:00 -91863.303609] FAST spr round 7 (radius: 20)
[02:46:18 -91862.325975] FAST spr round 8 (radius: 20)
[02:46:36 -91861.747309] FAST spr round 9 (radius: 20)
[02:46:54 -91861.330503] FAST spr round 10 (radius: 20)
[02:47:11 -91861.186451] FAST spr round 11 (radius: 20)
[02:47:28 -91861.167213] Model parameter optimization (eps = 1.000000)
[02:47:29 -91860.732085] SLOW spr round 1 (radius: 5)
[02:47:56 -91849.001864] SLOW spr round 2 (radius: 5)
[02:48:21 -91848.601403] SLOW spr round 3 (radius: 5)
[02:48:46 -91846.820516] SLOW spr round 4 (radius: 5)
[02:49:11 -91846.818875] SLOW spr round 5 (radius: 10)
[02:49:38 -91846.004898] SLOW spr round 6 (radius: 5)
[02:50:08 -91844.764732] SLOW spr round 7 (radius: 5)
[02:50:35 -91844.764469] SLOW spr round 8 (radius: 10)
[02:51:05 -91843.337004] SLOW spr round 9 (radius: 5)
[02:51:35 -91841.423210] SLOW spr round 10 (radius: 5)
[02:52:01 -91841.423028] SLOW spr round 11 (radius: 10)
[02:52:30 -91841.119233] SLOW spr round 12 (radius: 5)
[02:53:01 -91839.539705] SLOW spr round 13 (radius: 5)
[02:53:27 -91839.539557] SLOW spr round 14 (radius: 10)
[02:53:56 -91839.513460] SLOW spr round 15 (radius: 15)
[02:54:48 -91839.141964] SLOW spr round 16 (radius: 5)
[02:55:19 -91836.255244] SLOW spr round 17 (radius: 5)
[02:55:46 -91836.255227] SLOW spr round 18 (radius: 10)
[02:56:16 -91835.536200] SLOW spr round 19 (radius: 5)
[02:56:46 -91835.078692] SLOW spr round 20 (radius: 5)
[02:57:12 -91835.078481] SLOW spr round 21 (radius: 10)
[02:57:42 -91835.078476] SLOW spr round 22 (radius: 15)
[02:58:33 -91834.442376] SLOW spr round 23 (radius: 5)
[02:59:03 -91834.442061] SLOW spr round 24 (radius: 10)
[02:59:38 -91834.442054] SLOW spr round 25 (radius: 15)
[03:00:26 -91834.442054] SLOW spr round 26 (radius: 20)
[03:01:20 -91834.442054] SLOW spr round 27 (radius: 25)
[03:02:20 -91834.442054] Model parameter optimization (eps = 0.100000)

[03:02:21] ML tree search #13, logLikelihood: -91834.278780

[03:02:21 -104280.337913] Initial branch length optimization
[03:02:21 -92996.629852] Model parameter optimization (eps = 10.000000)
[03:02:22 -92931.610847] AUTODETECT spr round 1 (radius: 5)
[03:02:36 -92244.815356] AUTODETECT spr round 2 (radius: 10)
[03:02:55 -92111.995698] AUTODETECT spr round 3 (radius: 15)
[03:03:19 -92074.511331] AUTODETECT spr round 4 (radius: 20)
[03:03:45 -92074.488134] SPR radius for FAST iterations: 15 (autodetect)
[03:03:45 -92074.488134] Model parameter optimization (eps = 3.000000)
[03:03:45 -92073.488484] FAST spr round 1 (radius: 15)
[03:04:12 -91909.206554] FAST spr round 2 (radius: 15)
[03:04:34 -91870.421003] FAST spr round 3 (radius: 15)
[03:04:55 -91854.907226] FAST spr round 4 (radius: 15)
[03:05:14 -91847.569164] FAST spr round 5 (radius: 15)
[03:05:33 -91844.932057] FAST spr round 6 (radius: 15)
[03:05:51 -91843.761259] FAST spr round 7 (radius: 15)
[03:06:09 -91842.725590] FAST spr round 8 (radius: 15)
[03:06:27 -91840.978030] FAST spr round 9 (radius: 15)
[03:06:44 -91840.604268] FAST spr round 10 (radius: 15)
[03:07:02 -91840.316422] FAST spr round 11 (radius: 15)
[03:07:20 -91840.062947] FAST spr round 12 (radius: 15)
[03:07:38 -91839.868881] FAST spr round 13 (radius: 15)
[03:07:56 -91834.466191] FAST spr round 14 (radius: 15)
[03:08:14 -91834.281080] FAST spr round 15 (radius: 15)
[03:08:31 -91834.213277] Model parameter optimization (eps = 1.000000)
[03:08:32 -91834.124329] SLOW spr round 1 (radius: 5)
[03:08:58 -91826.347738] SLOW spr round 2 (radius: 5)
[03:09:23 -91825.245021] SLOW spr round 3 (radius: 5)
[03:09:47 -91824.770828] SLOW spr round 4 (radius: 5)
[03:10:10 -91824.770393] SLOW spr round 5 (radius: 10)
[03:10:37 -91820.567620] SLOW spr round 6 (radius: 5)
[03:11:06 -91820.567412] SLOW spr round 7 (radius: 10)
[03:11:40 -91820.302517] SLOW spr round 8 (radius: 5)
[03:12:09 -91811.026037] SLOW spr round 9 (radius: 5)
[03:12:34 -91811.025905] SLOW spr round 10 (radius: 10)
[03:13:04 -91808.672764] SLOW spr round 11 (radius: 5)
[03:13:32 -91808.505759] SLOW spr round 12 (radius: 5)
[03:13:59 -91807.201799] SLOW spr round 13 (radius: 5)
[03:14:24 -91804.858515] SLOW spr round 14 (radius: 5)
[03:14:47 -91804.858485] SLOW spr round 15 (radius: 10)
[03:15:15 -91804.858485] SLOW spr round 16 (radius: 15)
[03:16:06 -91804.858485] SLOW spr round 17 (radius: 20)
[03:16:58 -91804.858485] SLOW spr round 18 (radius: 25)
[03:17:59 -91804.858485] Model parameter optimization (eps = 0.100000)

[03:18:00] ML tree search #14, logLikelihood: -91804.333269

[03:18:00 -104275.967124] Initial branch length optimization
[03:18:00 -93051.266148] Model parameter optimization (eps = 10.000000)
[03:18:01 -92990.576881] AUTODETECT spr round 1 (radius: 5)
[03:18:15 -92205.468790] AUTODETECT spr round 2 (radius: 10)
[03:18:34 -92101.175770] AUTODETECT spr round 3 (radius: 15)
[03:18:57 -92056.362847] AUTODETECT spr round 4 (radius: 20)
[03:19:22 -92056.355186] SPR radius for FAST iterations: 15 (autodetect)
[03:19:22 -92056.355186] Model parameter optimization (eps = 3.000000)
[03:19:22 -92056.352449] FAST spr round 1 (radius: 15)
[03:19:48 -91873.349206] FAST spr round 2 (radius: 15)
[03:20:10 -91859.844464] FAST spr round 3 (radius: 15)
[03:20:29 -91857.684734] FAST spr round 4 (radius: 15)
[03:20:49 -91852.573205] FAST spr round 5 (radius: 15)
[03:21:07 -91852.475213] Model parameter optimization (eps = 1.000000)
[03:21:08 -91850.936461] SLOW spr round 1 (radius: 5)
[03:21:35 -91843.816705] SLOW spr round 2 (radius: 5)
[03:22:01 -91840.318925] SLOW spr round 3 (radius: 5)
[03:22:26 -91834.278159] SLOW spr round 4 (radius: 5)
[03:22:50 -91834.278055] SLOW spr round 5 (radius: 10)
[03:23:17 -91833.434358] SLOW spr round 6 (radius: 5)
[03:23:46 -91833.167163] SLOW spr round 7 (radius: 5)
[03:24:12 -91833.167120] SLOW spr round 8 (radius: 10)
[03:24:40 -91833.167119] SLOW spr round 9 (radius: 15)
[03:25:28 -91831.855275] SLOW spr round 10 (radius: 5)
[03:25:58 -91830.150233] SLOW spr round 11 (radius: 5)
[03:26:24 -91830.150023] SLOW spr round 12 (radius: 10)
[03:26:54 -91829.844126] SLOW spr round 13 (radius: 5)
[03:27:22 -91827.536964] SLOW spr round 14 (radius: 5)
[03:27:48 -91827.536833] SLOW spr round 15 (radius: 10)
[03:28:16 -91827.188193] SLOW spr round 16 (radius: 5)
[03:28:44 -91827.187518] SLOW spr round 17 (radius: 10)
[03:29:16 -91827.042268] SLOW spr round 18 (radius: 5)
[03:29:44 -91826.690857] SLOW spr round 19 (radius: 5)
[03:30:10 -91826.689949] SLOW spr round 20 (radius: 10)
[03:30:38 -91826.689925] SLOW spr round 21 (radius: 15)
[03:31:26 -91823.813911] SLOW spr round 22 (radius: 5)
[03:31:56 -91822.389723] SLOW spr round 23 (radius: 5)
[03:32:22 -91822.389484] SLOW spr round 24 (radius: 10)
[03:32:51 -91822.389482] SLOW spr round 25 (radius: 15)
[03:33:40 -91822.305065] SLOW spr round 26 (radius: 20)
[03:34:32 -91822.301727] SLOW spr round 27 (radius: 25)
[03:35:32 -91822.301327] Model parameter optimization (eps = 0.100000)

[03:35:32] ML tree search #15, logLikelihood: -91822.288766

[03:35:32 -104738.298461] Initial branch length optimization
[03:35:33 -93315.235757] Model parameter optimization (eps = 10.000000)
[03:35:33 -93274.964046] AUTODETECT spr round 1 (radius: 5)
[03:35:47 -92237.220537] AUTODETECT spr round 2 (radius: 10)
[03:36:07 -92044.189769] AUTODETECT spr round 3 (radius: 15)
[03:36:34 -92044.185334] SPR radius for FAST iterations: 10 (autodetect)
[03:36:34 -92044.185334] Model parameter optimization (eps = 3.000000)
[03:36:34 -92027.457749] FAST spr round 1 (radius: 10)
[03:36:57 -91909.215394] FAST spr round 2 (radius: 10)
[03:37:18 -91883.036731] FAST spr round 3 (radius: 10)
[03:37:36 -91881.935537] FAST spr round 4 (radius: 10)
[03:37:54 -91881.323175] FAST spr round 5 (radius: 10)
[03:38:12 -91877.013596] FAST spr round 6 (radius: 10)
[03:38:30 -91873.239668] FAST spr round 7 (radius: 10)
[03:38:48 -91872.691501] FAST spr round 8 (radius: 10)
[03:39:06 -91865.830846] FAST spr round 9 (radius: 10)
[03:39:24 -91860.570895] FAST spr round 10 (radius: 10)
[03:39:42 -91838.491717] FAST spr round 11 (radius: 10)
[03:40:00 -91837.610817] FAST spr round 12 (radius: 10)
[03:40:17 -91837.165161] FAST spr round 13 (radius: 10)
[03:40:34 -91836.859722] FAST spr round 14 (radius: 10)
[03:40:51 -91836.587163] FAST spr round 15 (radius: 10)
[03:41:09 -91836.473128] FAST spr round 16 (radius: 10)
[03:41:26 -91836.342988] FAST spr round 17 (radius: 10)
[03:41:43 -91836.342949] Model parameter optimization (eps = 1.000000)
[03:41:43 -91836.338436] SLOW spr round 1 (radius: 5)
[03:42:11 -91828.708895] SLOW spr round 2 (radius: 5)
[03:42:36 -91826.806925] SLOW spr round 3 (radius: 5)
[03:43:01 -91826.203519] SLOW spr round 4 (radius: 5)
[03:43:25 -91825.554439] SLOW spr round 5 (radius: 5)
[03:43:49 -91825.554306] SLOW spr round 6 (radius: 10)
[03:44:17 -91824.840580] SLOW spr round 7 (radius: 5)
[03:44:46 -91824.790477] SLOW spr round 8 (radius: 10)
[03:45:20 -91824.790220] SLOW spr round 9 (radius: 15)
[03:46:08 -91824.790205] SLOW spr round 10 (radius: 20)
[03:47:05 -91824.790203] SLOW spr round 11 (radius: 25)
[03:48:12 -91824.790203] Model parameter optimization (eps = 0.100000)

[03:48:13] ML tree search #16, logLikelihood: -91824.788816

[03:48:13 -104787.393605] Initial branch length optimization
[03:48:13 -93314.576396] Model parameter optimization (eps = 10.000000)
[03:48:14 -93253.819645] AUTODETECT spr round 1 (radius: 5)
[03:48:28 -92294.226303] AUTODETECT spr round 2 (radius: 10)
[03:48:47 -92132.984251] AUTODETECT spr round 3 (radius: 15)
[03:49:11 -92091.391389] AUTODETECT spr round 4 (radius: 20)
[03:49:38 -92091.375806] SPR radius for FAST iterations: 15 (autodetect)
[03:49:38 -92091.375806] Model parameter optimization (eps = 3.000000)
[03:49:38 -92091.268511] FAST spr round 1 (radius: 15)
[03:50:04 -91922.324948] FAST spr round 2 (radius: 15)
[03:50:26 -91907.756517] FAST spr round 3 (radius: 15)
[03:50:46 -91905.812691] FAST spr round 4 (radius: 15)
[03:51:04 -91904.857751] FAST spr round 5 (radius: 15)
[03:51:22 -91904.177020] FAST spr round 6 (radius: 15)
[03:51:40 -91903.550059] FAST spr round 7 (radius: 15)
[03:51:59 -91901.323094] FAST spr round 8 (radius: 15)
[03:52:17 -91900.485207] FAST spr round 9 (radius: 15)
[03:52:35 -91898.750902] FAST spr round 10 (radius: 15)
[03:52:52 -91898.566065] FAST spr round 11 (radius: 15)
[03:53:10 -91898.146722] FAST spr round 12 (radius: 15)
[03:53:27 -91897.968885] FAST spr round 13 (radius: 15)
[03:53:44 -91897.507195] FAST spr round 14 (radius: 15)
[03:54:02 -91896.949064] FAST spr round 15 (radius: 15)
[03:54:19 -91896.556323] FAST spr round 16 (radius: 15)
[03:54:36 -91896.501121] Model parameter optimization (eps = 1.000000)
[03:54:37 -91895.986796] SLOW spr round 1 (radius: 5)
[03:55:04 -91879.190413] SLOW spr round 2 (radius: 5)
[03:55:29 -91877.418426] SLOW spr round 3 (radius: 5)
[03:55:54 -91871.701389] SLOW spr round 4 (radius: 5)
[03:56:19 -91867.917294] SLOW spr round 5 (radius: 5)
[03:56:44 -91863.565698] SLOW spr round 6 (radius: 5)
[03:57:07 -91863.565643] SLOW spr round 7 (radius: 10)
[03:57:34 -91860.540869] SLOW spr round 8 (radius: 5)
[03:58:04 -91859.639192] SLOW spr round 9 (radius: 5)
[03:58:30 -91859.637751] SLOW spr round 10 (radius: 10)
[03:58:59 -91857.350971] SLOW spr round 11 (radius: 5)
[03:59:27 -91857.006705] SLOW spr round 12 (radius: 5)
[03:59:53 -91857.006281] SLOW spr round 13 (radius: 10)
[04:00:22 -91853.467434] SLOW spr round 14 (radius: 5)
[04:00:51 -91852.913567] SLOW spr round 15 (radius: 5)
[04:01:17 -91852.800810] SLOW spr round 16 (radius: 5)
[04:01:42 -91852.800736] SLOW spr round 17 (radius: 10)
[04:02:10 -91851.388180] SLOW spr round 18 (radius: 5)
[04:02:40 -91846.395346] SLOW spr round 19 (radius: 5)
[04:03:07 -91846.395134] SLOW spr round 20 (radius: 10)
[04:03:35 -91846.395130] SLOW spr round 21 (radius: 15)
[04:04:24 -91837.068393] SLOW spr round 22 (radius: 5)
[04:04:55 -91826.872434] SLOW spr round 23 (radius: 5)
[04:05:22 -91821.182897] SLOW spr round 24 (radius: 5)
[04:05:47 -91821.182714] SLOW spr round 25 (radius: 10)
[04:06:14 -91820.255635] SLOW spr round 26 (radius: 5)
[04:06:43 -91820.081323] SLOW spr round 27 (radius: 5)
[04:07:09 -91818.978429] SLOW spr round 28 (radius: 5)
[04:07:34 -91818.977968] SLOW spr round 29 (radius: 10)
[04:08:01 -91818.263833] SLOW spr round 30 (radius: 5)
[04:08:30 -91818.262292] SLOW spr round 31 (radius: 10)
[04:09:01 -91817.927273] SLOW spr round 32 (radius: 5)
[04:09:31 -91812.440423] SLOW spr round 33 (radius: 5)
[04:09:58 -91810.553790] SLOW spr round 34 (radius: 5)
[04:10:23 -91810.535354] SLOW spr round 35 (radius: 10)
[04:10:50 -91810.534936] SLOW spr round 36 (radius: 15)
[04:11:40 -91810.411085] SLOW spr round 37 (radius: 5)
[04:12:10 -91810.036481] SLOW spr round 38 (radius: 5)
[04:12:36 -91810.036426] SLOW spr round 39 (radius: 10)
[04:13:05 -91810.036425] SLOW spr round 40 (radius: 15)
[04:13:53 -91810.036425] SLOW spr round 41 (radius: 20)
[04:14:44 -91809.293781] SLOW spr round 42 (radius: 5)
[04:15:15 -91808.716234] SLOW spr round 43 (radius: 5)
[04:15:42 -91808.716210] SLOW spr round 44 (radius: 10)
[04:16:12 -91808.716210] SLOW spr round 45 (radius: 15)
[04:16:59 -91808.716210] SLOW spr round 46 (radius: 20)
[04:17:50 -91808.716210] SLOW spr round 47 (radius: 25)
[04:18:47 -91808.716210] Model parameter optimization (eps = 0.100000)

[04:18:48] ML tree search #17, logLikelihood: -91807.536906

[04:18:48 -104682.269545] Initial branch length optimization
[04:18:48 -93217.854669] Model parameter optimization (eps = 10.000000)
[04:18:49 -93152.253111] AUTODETECT spr round 1 (radius: 5)
[04:19:03 -92249.206893] AUTODETECT spr round 2 (radius: 10)
[04:19:21 -92072.089573] AUTODETECT spr round 3 (radius: 15)
[04:19:44 -92046.548737] AUTODETECT spr round 4 (radius: 20)
[04:20:08 -92046.532432] SPR radius for FAST iterations: 15 (autodetect)
[04:20:08 -92046.532432] Model parameter optimization (eps = 3.000000)
[04:20:08 -92046.379374] FAST spr round 1 (radius: 15)
[04:20:34 -91887.826912] FAST spr round 2 (radius: 15)
[04:20:56 -91867.304181] FAST spr round 3 (radius: 15)
[04:21:17 -91858.690864] FAST spr round 4 (radius: 15)
[04:21:37 -91856.577978] FAST spr round 5 (radius: 15)
[04:21:55 -91855.901193] FAST spr round 6 (radius: 15)
[04:22:13 -91855.460295] FAST spr round 7 (radius: 15)
[04:22:31 -91855.240470] FAST spr round 8 (radius: 15)
[04:22:49 -91855.237878] Model parameter optimization (eps = 1.000000)
[04:22:49 -91853.861266] SLOW spr round 1 (radius: 5)
[04:23:17 -91846.022964] SLOW spr round 2 (radius: 5)
[04:23:41 -91844.631448] SLOW spr round 3 (radius: 5)
[04:24:05 -91844.630980] SLOW spr round 4 (radius: 10)
[04:24:33 -91841.349234] SLOW spr round 5 (radius: 5)
[04:25:01 -91841.346472] SLOW spr round 6 (radius: 10)
[04:25:33 -91840.664630] SLOW spr round 7 (radius: 5)
[04:26:02 -91837.897113] SLOW spr round 8 (radius: 5)
[04:26:28 -91837.032415] SLOW spr round 9 (radius: 5)
[04:26:53 -91836.645311] SLOW spr round 10 (radius: 5)
[04:27:16 -91836.645140] SLOW spr round 11 (radius: 10)
[04:27:44 -91836.645139] SLOW spr round 12 (radius: 15)
[04:28:32 -91835.782188] SLOW spr round 13 (radius: 5)
[04:29:02 -91835.782045] SLOW spr round 14 (radius: 10)
[04:29:36 -91835.764040] SLOW spr round 15 (radius: 15)
[04:30:21 -91835.764006] SLOW spr round 16 (radius: 20)
[04:31:10 -91835.709154] SLOW spr round 17 (radius: 25)
[04:32:07 -91835.708696] Model parameter optimization (eps = 0.100000)

[04:32:07] ML tree search #18, logLikelihood: -91835.670137

[04:32:08 -104557.891873] Initial branch length optimization
[04:32:08 -93198.359440] Model parameter optimization (eps = 10.000000)
[04:32:08 -93138.148896] AUTODETECT spr round 1 (radius: 5)
[04:32:23 -92288.542881] AUTODETECT spr round 2 (radius: 10)
[04:32:42 -92094.696497] AUTODETECT spr round 3 (radius: 15)
[04:33:07 -92027.656659] AUTODETECT spr round 4 (radius: 20)
[04:33:33 -92027.646678] SPR radius for FAST iterations: 15 (autodetect)
[04:33:33 -92027.646678] Model parameter optimization (eps = 3.000000)
[04:33:33 -92027.623059] FAST spr round 1 (radius: 15)
[04:33:59 -91895.248605] FAST spr round 2 (radius: 15)
[04:34:22 -91869.599267] FAST spr round 3 (radius: 15)
[04:34:42 -91862.304538] FAST spr round 4 (radius: 15)
[04:35:00 -91860.140838] FAST spr round 5 (radius: 15)
[04:35:19 -91858.794092] FAST spr round 6 (radius: 15)
[04:35:37 -91857.230429] FAST spr round 7 (radius: 15)
[04:35:54 -91856.424554] FAST spr round 8 (radius: 15)
[04:36:12 -91853.116312] FAST spr round 9 (radius: 15)
[04:36:30 -91852.777451] FAST spr round 10 (radius: 15)
[04:36:47 -91851.319643] FAST spr round 11 (radius: 15)
[04:37:05 -91849.637697] FAST spr round 12 (radius: 15)
[04:37:23 -91849.320335] FAST spr round 13 (radius: 15)
[04:37:40 -91849.058216] FAST spr round 14 (radius: 15)
[04:37:58 -91848.151365] FAST spr round 15 (radius: 15)
[04:38:16 -91847.979055] FAST spr round 16 (radius: 15)
[04:38:33 -91847.959307] Model parameter optimization (eps = 1.000000)
[04:38:33 -91847.866251] SLOW spr round 1 (radius: 5)
[04:39:00 -91838.751299] SLOW spr round 2 (radius: 5)
[04:39:26 -91835.007861] SLOW spr round 3 (radius: 5)
[04:39:51 -91834.621652] SLOW spr round 4 (radius: 5)
[04:40:15 -91833.716303] SLOW spr round 5 (radius: 5)
[04:40:39 -91833.716270] SLOW spr round 6 (radius: 10)
[04:41:06 -91831.510082] SLOW spr round 7 (radius: 5)
[04:41:37 -91826.078340] SLOW spr round 8 (radius: 5)
[04:42:03 -91826.077082] SLOW spr round 9 (radius: 10)
[04:42:32 -91826.077048] SLOW spr round 10 (radius: 15)
[04:43:19 -91826.077047] SLOW spr round 11 (radius: 20)
[04:44:16 -91826.077047] SLOW spr round 12 (radius: 25)
[04:45:15 -91826.077047] Model parameter optimization (eps = 0.100000)

[04:45:15] ML tree search #19, logLikelihood: -91826.057331

[04:45:16 -104529.060203] Initial branch length optimization
[04:45:16 -93169.955241] Model parameter optimization (eps = 10.000000)
[04:45:17 -93130.538370] AUTODETECT spr round 1 (radius: 5)
[04:45:31 -92255.533740] AUTODETECT spr round 2 (radius: 10)
[04:45:50 -92061.116563] AUTODETECT spr round 3 (radius: 15)
[04:46:14 -92028.346494] AUTODETECT spr round 4 (radius: 20)
[04:46:42 -92022.651506] AUTODETECT spr round 5 (radius: 25)
[04:47:11 -92022.648895] SPR radius for FAST iterations: 20 (autodetect)
[04:47:11 -92022.648895] Model parameter optimization (eps = 3.000000)
[04:47:11 -92022.598563] FAST spr round 1 (radius: 20)
[04:47:38 -91872.423727] FAST spr round 2 (radius: 20)
[04:48:02 -91849.298544] FAST spr round 3 (radius: 20)
[04:48:22 -91845.581835] FAST spr round 4 (radius: 20)
[04:48:41 -91843.352569] FAST spr round 5 (radius: 20)
[04:48:59 -91842.185501] FAST spr round 6 (radius: 20)
[04:49:18 -91840.711814] FAST spr round 7 (radius: 20)
[04:49:36 -91840.180122] FAST spr round 8 (radius: 20)
[04:49:53 -91839.668867] FAST spr round 9 (radius: 20)
[04:50:11 -91839.591993] Model parameter optimization (eps = 1.000000)
[04:50:11 -91839.591341] SLOW spr round 1 (radius: 5)
[04:50:39 -91827.789145] SLOW spr round 2 (radius: 5)
[04:51:06 -91820.803654] SLOW spr round 3 (radius: 5)
[04:51:30 -91820.331260] SLOW spr round 4 (radius: 5)
[04:51:54 -91820.331234] SLOW spr round 5 (radius: 10)
[04:52:21 -91818.661348] SLOW spr round 6 (radius: 5)
[04:52:50 -91816.562211] SLOW spr round 7 (radius: 5)
[04:53:17 -91816.562059] SLOW spr round 8 (radius: 10)
[04:53:46 -91816.562057] SLOW spr round 9 (radius: 15)
[04:54:36 -91814.943329] SLOW spr round 10 (radius: 5)
[04:55:08 -91809.363375] SLOW spr round 11 (radius: 5)
[04:55:35 -91808.583648] SLOW spr round 12 (radius: 5)
[04:56:01 -91808.436702] SLOW spr round 13 (radius: 5)
[04:56:25 -91808.436533] SLOW spr round 14 (radius: 10)
[04:56:52 -91808.436530] SLOW spr round 15 (radius: 15)
[04:57:44 -91808.436529] SLOW spr round 16 (radius: 20)
[04:58:42 -91808.436528] SLOW spr round 17 (radius: 25)
[04:59:43 -91808.436528] Model parameter optimization (eps = 0.100000)

[04:59:44] ML tree search #20, logLikelihood: -91808.434490


Optimized model parameters:

   Partition 0: noname
   Rate heterogeneity: GAMMA (4 cats, mean),  alpha: 1.758460 (ML),  weights&rates: (0.250000,0.262633) (0.250000,0.626597) (0.250000,1.062578) (0.250000,2.048192) 
   Base frequencies (model): 0.079066 0.055941 0.041977 0.053052 0.012937 0.040767 0.071586 0.057337 0.022355 0.062157 0.099081 0.064600 0.022951 0.042302 0.044040 0.061197 0.053287 0.012066 0.034155 0.069147 
   Substitution rates (model): 0.425093 0.276818 0.395144 2.489084 0.969894 1.038545 2.066040 0.358858 0.149830 0.395337 0.536518 1.124035 0.253701 1.177651 4.727182 2.139501 0.180717 0.218959 2.547870 0.751878 0.123954 0.534551 2.807908 0.363970 0.390192 2.426601 0.126991 0.301848 6.326067 0.484133 0.052722 0.332533 0.858151 0.578987 0.593607 0.314440 0.170887 5.076149 0.528768 1.695752 0.541712 1.437645 4.509238 0.191503 0.068427 2.145078 0.371004 0.089525 0.161787 4.008358 2.000679 0.045376 0.612025 0.083688 0.062556 0.523386 5.243870 0.844926 0.927114 0.010690 0.015076 0.282959 0.025548 0.017416 0.394456 1.240275 0.425860 0.029890 0.135107 0.037967 0.084808 0.003499 0.569265 0.640543 0.320627 0.594007 0.013266 0.893680 1.105251 0.075382 2.784478 1.143480 0.670128 1.165532 1.959291 4.128591 0.267959 4.813505 0.072854 0.582457 3.234294 1.672569 0.035855 0.624294 1.223828 1.080136 0.236199 0.257336 0.210332 0.348847 0.423881 0.044265 0.069673 1.807177 0.173735 0.018811 0.419409 0.611973 0.604545 0.077852 0.120037 0.245034 0.311484 0.008705 0.044261 0.296636 0.139538 0.089586 0.196961 1.739990 0.129836 0.268491 0.054679 0.076701 0.108882 0.366317 0.697264 0.442472 0.682139 0.508851 0.990012 0.584262 0.597054 5.306834 0.119013 4.145067 0.159069 4.273607 1.112727 0.078281 0.064105 1.033739 0.111660 0.232523 10.649107 0.137500 6.312358 2.592692 0.249060 0.182287 0.302936 0.619632 0.299648 1.702745 0.656604 0.023918 0.390322 0.748683 1.136863 0.049906 0.131932 0.185202 1.798853 0.099849 0.346960 2.020366 0.696175 0.481306 1.898718 0.094464 0.361819 0.165001 2.457121 7.803902 0.654683 1.338132 0.571468 0.095131 0.089613 0.296501 6.472279 0.248862 0.400547 0.098369 0.140825 0.245841 2.188158 3.151815 0.189510 0.249313 


Final LogLikelihood: -91795.450610

AIC score: 185122.901220 / AICc score: 1360166.901220 / BIC score: 187533.881989
Free parameters (model + branch lengths): 766

WARNING: Number of free parameters (K=766) is larger than alignment size (n=172).
         This might lead to overfitting and compromise tree inference results!


Best ML tree saved to: /geode2/home/u020/danschw/Carbonate/GitHub/spore-phage-sigma/phylo/data/align-trim-tree/check_msa/check-msa.raxml.reduced.phy.raxml.bestTree
All ML trees saved to: /geode2/home/u020/danschw/Carbonate/GitHub/spore-phage-sigma/phylo/data/align-trim-tree/check_msa/check-msa.raxml.reduced.phy.raxml.mlTrees
Optimized model saved to: /geode2/home/u020/danschw/Carbonate/GitHub/spore-phage-sigma/phylo/data/align-trim-tree/check_msa/check-msa.raxml.reduced.phy.raxml.bestModel

Execution log saved to: /geode2/home/u020/danschw/Carbonate/GitHub/spore-phage-sigma/phylo/data/align-trim-tree/check_msa/check-msa.raxml.reduced.phy.raxml.log

Analysis started: 24-Aug-2021 17:55:51 / finished: 24-Aug-2021 22:55:35

Elapsed time: 17984.099 seconds

