IQ-TREE multicore version 2.1.3 COVID-edition for Linux 64-bit built Apr 21 2021
Developed by Bui Quang Minh, James Barbetti, Nguyen Lam Tung,
Olga Chernomor, Heiko Schmidt, Dominik Schrempf, Michael Woodhams.

Host:    c71 (AVX2, FMA3, 251 GB RAM)
Command: /N/u/danschw/Carbonate/my_tools/iqtree-2.1.3-Linux/bin/iqtree2 -s sigmas_MafftEinsi.trim --seqtype AA -T AUTO
Seed:    440240 (Using SPRNG - Scalable Parallel Random Number Generator)
Time:    Mon Jul 12 11:01:48 2021
Kernel:  AVX+FMA - auto-detect threads (8 CPU cores detected)

Reading alignment file sigmas_MafftEinsi.trim ... Fasta format detected
Alignment most likely contains protein sequences
Alignment has 59 sequences with 84 columns, 84 distinct patterns
83 parsimony-informative, 1 singleton sites, 0 constant sites
                         Gap/Ambiguity  Composition  p-value
   1  WP_003226225.1-bacteria    0.00%    passed     93.90%
   2  NP_417539.1-bacteria       0.00%    passed     99.22%
   3  NP_417221.1-bacteria       0.00%    passed     10.69%
   4  WP_003416101.1-bacteria    0.00%    passed     75.29%
   5  NP_417918.1-bacteria       0.00%    passed     69.39%
   6  WP_009967190.1-bacteria    0.00%    passed     76.69%
   7  WP_003435969.1-bacteria    0.00%    passed     16.05%
   8  WP_003230458.1-bacteria    0.00%    passed     84.50%
   9  WP_011860953.1-bacteria    0.00%    passed     52.00%
  10  WP_003246715.1-bacteria    0.00%    passed     98.52%
  11  WP_003221446.1-bacteria    0.00%    passed     84.59%
  12  WP_003220911.1-bacteria    0.00%    passed     91.04%
  13  NP_416432.3-bacteria       0.00%    passed     59.75%
  14  WP_003420464.1-bacteria    0.00%    passed     89.01%
  15  WP_021361826.1-bacteria   44.05%    passed     40.85%
  16  WP_003416098.1-bacteria    0.00%    passed     86.02%
  17  WP_009892548.1-bacteria    0.00%    passed     84.71%
  18  WP_003225758.1-bacteria    0.00%    passed     96.24%
  19  NP_417068.1-bacteria       0.00%    passed     14.97%
  20  WP_003245855.1-bacteria    0.00%    passed     91.55%
  21  WP_003224177.1-bacteria    1.19%    passed     18.01%
  22  WP_003234958.1-bacteria    0.00%    passed     96.70%
  23  WP_004398507.1-bacteria    0.00%    passed     81.26%
  24  WP_003245485.1-bacteria    0.00%    passed     40.91%
  25  WP_003230521.1-bacteria    0.00%    passed     30.23%
  26  WP_003243678.1-bacteria    0.00%    passed      7.70%
  27  WP_004398891.1-bacteria    0.00%    passed     78.28%
  28  NP_418713.1-bacteria       1.19%    passed     36.14%
  29  WP_100086169.1-bacteria    0.00%    passed     88.07%
  30  YP_008771927.1-phage       0.00%    passed     18.24%
  31  YP_008770739.1-phage       0.00%    passed     18.24%
  32  YP_009203629.1-phage       0.00%    passed     18.24%
  33  YP_009196909.1-phage       0.00%    passed     28.89%
  34  YP_002300398.1-phage       0.00%    passed     96.44%
  35  YP_007003440.1-phage       3.57%    passed     77.39%
  36  YP_008772001.1-phage       0.00%    passed     93.52%
  37  YP_008770814.1-phage       0.00%    passed     60.85%
  38  YP_009203702.1-phage       0.00%    passed     60.85%
  39  YP_009196983.1-phage       0.00%    passed     95.98%
  40  YP_009274876.1-phage       0.00%    passed     99.34%
  41  YP_002300430.1-phage       0.00%    passed     59.11%
  42  YP_009151693.1-phage       0.00%    passed     42.12%
  43  YP_009274835.1-phage       0.00%    passed     60.16%
  44  YP_009832112.1-phage       0.00%    passed     86.16%
  45  YP_009031424.1-phage       0.00%    passed     79.24%
  46  YP_007003457.1-phage       0.00%    passed     45.25%
  47  YP_002300332.1-phage       0.00%    passed     11.50%
  48  YP_008771969.1-phage       0.00%    passed     52.58%
  49  YP_008770783.1-phage       0.00%    passed     52.58%
  50  YP_009151727.1-phage       0.00%    passed     90.84%
  51  YP_009151728.1-phage       0.00%    passed     86.68%
  52  YP_009203671.1-phage       0.00%    passed     52.58%
  53  YP_009196951.1-phage       0.00%    passed     29.09%
  54  YP_009274875.1-phage       0.00%    passed     83.78%
  55  YP_009832138.1-phage       0.00%    passed     81.13%
  56  YP_512346.1-phage          0.00%    passed     56.78%
  57  YP_009031481.1-phage       0.00%    passed     97.59%
  58  YP_009031482.1-phage       0.00%    passed     50.14%
  59  YP_007003377.1-phage       0.00%    passed     98.28%
****  TOTAL                      0.85%  0 sequences failed composition chi2 test (p-value<5%; df=19)
NOTE: YP_008770739.1-phage is identical to YP_008771927.1-phage but kept for subsequent analysis
NOTE: YP_009203702.1-phage is identical to YP_008770814.1-phage but kept for subsequent analysis
NOTE: YP_008770783.1-phage is identical to YP_008771969.1-phage but kept for subsequent analysis
NOTE: 2 identical sequences (see below) will be ignored for subsequent analysis
NOTE: YP_009203629.1-phage (identical to YP_008771927.1-phage) is ignored but added at the end
NOTE: YP_009203671.1-phage (identical to YP_008771969.1-phage) is ignored but added at the end
Alignment was printed to sigmas_MafftEinsi.trim.uniqueseq.phy

For your convenience alignment with unique sequences printed to sigmas_MafftEinsi.trim.uniqueseq.phy


Create initial parsimony tree by phylogenetic likelihood library (PLL)... 0.008 seconds
Measuring multi-threading efficiency up to 8 CPU cores
Increase to 10 rounds for branch lengths
81 trees examined
Threads: 1 / Time: 8.037 sec / Speedup: 1.000 / Efficiency: 100% / LogL: -9892
Threads: 2 / Time: 5.294 sec / Speedup: 1.518 / Efficiency: 76% / LogL: -9892
Threads: 3 / Time: 4.384 sec / Speedup: 1.833 / Efficiency: 61% / LogL: -9892
Threads: 4 / Time: 3.951 sec / Speedup: 2.034 / Efficiency: 51% / LogL: -9892
Threads: 5 / Time: 3.806 sec / Speedup: 2.112 / Efficiency: 42% / LogL: -9892
BEST NUMBER OF THREADS: 4

Perform fast likelihood tree search using LG+G model...
Estimate model parameters (epsilon = 5.000)
Perform nearest neighbor interchange...
Estimate model parameters (epsilon = 1.000)
1. Initial log-likelihood: -7705.973
Optimal log-likelihood: -7705.892
Gamma shape alpha: 2.705
Parameters optimization took 1 rounds (0.015 sec)
Time for fast ML tree search: 0.167 seconds

NOTE: ModelFinder requires 9 MB RAM!
ModelFinder will test up to 594 protein models (sample size: 84) ...
 No. Model         -LnL         df  AIC          AICc         BIC
  1  LG            7842.931     111 15907.863    40771.863    16177.684
  2  LG+G4         7705.886     112 15635.773    40947.773    15908.024
  3  LG+R2         7724.836     113 15675.671    41439.671    15950.354
  4  LG+R3         7705.783     115 15641.566    42321.566    15921.110
  5  LG+R4         7702.648     117 15639.297    43251.297    15923.702
 13  LG+F+G4       7707.848     131 15677.696    50261.696    15996.133
 24  WAG+G4        7763.527     112 15751.055    41063.055    16023.306
 35  WAG+F+G4      7734.782     131 15731.565    50315.565    16050.002
 46  JTT+G4        7819.955     112 15863.911    41175.911    16136.162
 57  JTT+F+G4      7763.855     131 15789.709    50373.709    16108.146
 68  Q.pfam+G4     7722.098     112 15668.196    40980.196    15940.448
 79  Q.pfam+F+G4   7707.006     131 15676.012    50260.012    15994.449
 90  Q.bird+G4     7976.838     112 16177.676    41489.676    16449.927
101  Q.bird+F+G4   7889.766     131 16041.533    50625.533    16359.970
112  Q.mammal+G4   7919.719     112 16063.438    41375.438    16335.690
123  Q.mammal+F+G4 7826.699     131 15915.397    50499.397    16233.834
134  Q.insect+G4   7729.675     112 15683.350    40995.350    15955.602
145  Q.insect+F+G4 7714.842     131 15691.683    50275.683    16010.120
156  Q.plant+G4    7818.959     112 15861.919    41173.919    16134.170
167  Q.plant+F+G4  7793.474     131 15848.948    50432.948    16167.385
178  Q.yeast+G4    7736.723     112 15697.447    41009.447    15969.698
189  Q.yeast+F+G4  7705.002     131 15672.003    50256.003    15990.440
200  JTTDCMut+G4   7820.756     112 15865.512    41177.512    16137.763
211  JTTDCMut+F+G4 7765.777     131 15793.555    50377.555    16111.992
222  DCMut+G4      7915.639     112 16055.278    41367.278    16327.529
233  DCMut+F+G4    7822.699     131 15907.397    50491.397    16225.834
244  VT+G4         7751.223     112 15726.446    41038.446    15998.698
255  VT+F+G4       7721.924     131 15705.849    50289.849    16024.286
266  PMB+G4        7778.852     112 15781.703    41093.703    16053.955
277  PMB+F+G4      7762.778     131 15787.556    50371.556    16105.993
288  Blosum62+G4   7756.775     112 15737.549    41049.549    16009.801
299  Blosum62+F+G4 7755.902     131 15773.805    50357.805    16092.242
310  Dayhoff+G4    7915.934     112 16055.868    41367.868    16328.119
321  Dayhoff+F+G4  7822.977     131 15907.954    50491.954    16226.391
332  mtREV+G4      8214.110     112 16652.219    41964.219    16924.471
343  mtREV+F+G4    7872.039     131 16006.078    50590.078    16324.515
354  mtART+G4      8285.075     112 16794.149    42106.149    17066.401
365  mtART+F+G4    7910.028     131 16082.055    50666.055    16400.492
376  mtZOA+G4      8108.528     112 16441.056    41753.056    16713.308
387  mtZOA+F+G4    7849.285     131 15960.569    50544.569    16279.006
398  mtMet+G4      8209.699     112 16643.398    41955.398    16915.650
409  mtMet+F+G4    7873.502     131 16009.004    50593.004    16327.441
420  mtVer+G4      8338.196     112 16900.393    42212.393    17172.644
431  mtVer+F+G4    7991.332     131 16244.665    50828.665    16563.102
442  mtInv+G4      8216.979     112 16657.958    41969.958    16930.210
453  mtInv+F+G4    7810.045     131 15882.089    50466.089    16200.526
464  mtMAM+G4      8388.386     112 17000.773    42312.773    17273.024
475  mtMAM+F+G4    8044.001     131 16350.002    50934.002    16668.439
486  HIVb+G4       7925.868     112 16075.735    41387.735    16347.987
497  HIVb+F+G4     7866.821     131 15995.643    50579.643    16314.080
508  HIVw+G4       8289.897     112 16803.794    42115.794    17076.045
519  HIVw+F+G4     8078.353     131 16418.707    51002.707    16737.144
530  FLU+G4        7914.589     112 16053.178    41365.178    16325.430
541  FLU+F+G4      7860.426     131 15982.851    50566.851    16301.288
552  rtREV+G4      7763.414     112 15750.827    41062.827    16023.078
563  rtREV+F+G4    7718.571     131 15699.141    50283.141    16017.578
574  cpREV+G4      7793.332     112 15810.664    41122.664    16082.915
585  cpREV+F+G4    7807.034     131 15876.068    50460.068    16194.505
Akaike Information Criterion:           LG+G4
Corrected Akaike Information Criterion: LG
Bayesian Information Criterion:         LG+G4
Best-fit model: LG+G4 chosen according to BIC

All model information printed to sigmas_MafftEinsi.trim.model.gz
CPU time for ModelFinder: 80.984 seconds (0h:1m:20s)
Wall-clock time for ModelFinder: 29.469 seconds (0h:0m:29s)

NOTE: 3 MB RAM (0 GB) is required!
Estimate model parameters (epsilon = 0.100)
1. Initial log-likelihood: -7705.886
Optimal log-likelihood: -7705.883
Gamma shape alpha: 2.708
Parameters optimization took 1 rounds (0.015 sec)
Computing ML distances based on estimated model parameters...
Computing ML distances took 0.119688 sec (of wall-clock time) 0.470928 sec(of CPU time)
Computing RapidNJ tree took 0.001124 sec (of wall-clock time) 0.004405 sec (of CPU time)
Log-likelihood of RapidNJ tree: -7710.779
--------------------------------------------------------------------
|             INITIALIZING CANDIDATE TREE SET                      |
--------------------------------------------------------------------
Generating 98 parsimony trees... 0.745 second
Computing log-likelihood of 98 initial trees ... 0.621 seconds
Current best score: -7705.883

Do NNI search on 20 best initial trees
Estimate model parameters (epsilon = 0.100)
BETTER TREE FOUND at iteration 1: -7704.906
Estimate model parameters (epsilon = 0.100)
BETTER TREE FOUND at iteration 2: -7663.695
Iteration 10 / LogL: -7689.170 / Time: 0h:0m:2s
Iteration 20 / LogL: -7681.347 / Time: 0h:0m:4s
Finish initializing candidate tree set (20)
Current best tree score: -7663.695 / CPU time: 3.816
Number of iterations: 20
--------------------------------------------------------------------
|               OPTIMIZING CANDIDATE TREE SET                      |
--------------------------------------------------------------------
Estimate model parameters (epsilon = 0.100)
BETTER TREE FOUND at iteration 21: -7662.412
Estimate model parameters (epsilon = 0.100)
BETTER TREE FOUND at iteration 24: -7661.948
Iteration 30 / LogL: -7663.643 / Time: 0h:0m:5s (0h:0m:17s left)
Estimate model parameters (epsilon = 0.100)
BETTER TREE FOUND at iteration 31: -7661.869
Iteration 40 / LogL: -7697.472 / Time: 0h:0m:6s (0h:0m:15s left)
Iteration 50 / LogL: -7662.167 / Time: 0h:0m:8s (0h:0m:13s left)
Iteration 60 / LogL: -7662.333 / Time: 0h:0m:9s (0h:0m:11s left)
Iteration 70 / LogL: -7666.054 / Time: 0h:0m:10s (0h:0m:9s left)
Iteration 80 / LogL: -7668.239 / Time: 0h:0m:12s (0h:0m:7s left)
Iteration 90 / LogL: -7663.056 / Time: 0h:0m:13s (0h:0m:6s left)
Iteration 100 / LogL: -7662.268 / Time: 0h:0m:14s (0h:0m:4s left)
Iteration 110 / LogL: -7663.260 / Time: 0h:0m:16s (0h:0m:3s left)
Iteration 120 / LogL: -7665.666 / Time: 0h:0m:17s (0h:0m:1s left)
Iteration 130 / LogL: -7661.890 / Time: 0h:0m:18s (0h:0m:0s left)
TREE SEARCH COMPLETED AFTER 132 ITERATIONS / Time: 0h:0m:19s

--------------------------------------------------------------------
|                    FINALIZING TREE SEARCH                        |
--------------------------------------------------------------------
Performs final model parameters optimization
Estimate model parameters (epsilon = 0.010)
1. Initial log-likelihood: -7661.869
Optimal log-likelihood: -7661.869
Gamma shape alpha: 2.968
Parameters optimization took 1 rounds (0.014 sec)
BEST SCORE FOUND : -7661.869
Total tree length: 38.497

Total number of iterations: 132
CPU time used for tree search: 72.575 sec (0h:1m:12s)
Wall-clock time used for tree search: 19.053 sec (0h:0m:19s)
Total CPU time used: 73.525 sec (0h:1m:13s)
Total wall-clock time used: 19.303 sec (0h:0m:19s)

Analysis results written to: 
  IQ-TREE report:                sigmas_MafftEinsi.trim.iqtree
  Maximum-likelihood tree:       sigmas_MafftEinsi.trim.treefile
  Likelihood distances:          sigmas_MafftEinsi.trim.mldist
  Screen log file:               sigmas_MafftEinsi.trim.log

Date and Time: Mon Jul 12 11:02:37 2021
