
RAxML-NG v. 0.9.0git released on 24.05.2019 by The Exelixis Lab.
Developed by: Alexey M. Kozlov and Alexandros Stamatakis.
Contributors: Diego Darriba, Tomas Flouri, Benoit Morel, Sarah Lutteropp, Ben Bettisworth.
Latest version: https://github.com/amkozlov/raxml-ng
Questions/problems/suggestions? Please visit: https://groups.google.com/forum/#!forum/raxml

RAxML-NG was called at 26-Aug-2021 11:08:22 as follows:

raxml-ng --rfdist --tree mltrees --prefix RF

Analysis options:
  run mode: RF distance computation
  start tree(s): user
  random seed: 1629990502
  SIMD kernels: AVX2
  parallelization: PTHREADS (24 threads), thread pinning: OFF

Reading input trees from file: mltrees
Loaded 50 trees with 182 taxa.

Average absolute RF distance in this tree set: 76.006531
Average relative RF distance in this tree set: 0.212309
Number of unique topologies in this tree set: 50

Pairwise RF distances saved to: /geode2/home/u020/danschw/Carbonate/GitHub/spore-phage-sigma/phylo/data/reduced_set_to_align/tree/RF.raxml.rfDistances

Execution log saved to: /geode2/home/u020/danschw/Carbonate/GitHub/spore-phage-sigma/phylo/data/reduced_set_to_align/tree/RF.raxml.log

Analysis started: 26-Aug-2021 11:08:22 / finished: 26-Aug-2021 11:08:22

Elapsed time: 0.476 seconds

