IQ-TREE multicore version 2.1.3 COVID-edition for Linux 64-bit built Apr 21 2021
Developed by Bui Quang Minh, James Barbetti, Nguyen Lam Tung,
Olga Chernomor, Heiko Schmidt, Dominik Schrempf, Michael Woodhams.

Host:    c33 (AVX2, FMA3, 251 GB RAM)
Command: /N/u/danschw/Carbonate/my_tools/iqtree-2.1.3-Linux/bin/iqtree2 -s sigmas_MafftEinsi.trim --seqtype AA -T AUTO
Seed:    943615 (Using SPRNG - Scalable Parallel Random Number Generator)
Time:    Thu Jul  8 21:30:41 2021
Kernel:  AVX+FMA - auto-detect threads (12 CPU cores detected)

Reading alignment file sigmas_MafftEinsi.trim ... Fasta format detected
Alignment most likely contains protein sequences
Alignment has 419 sequences with 55 columns, 55 distinct patterns
52 parsimony-informative, 2 singleton sites, 1 constant sites
                         Gap/Ambiguity  Composition  p-value
   1  WP_003226225.1-bacteria    7.27%    passed     72.03%
   2  WP_000764065.1-bacteria    7.27%    passed     80.31%
   3  NP_464979.1-bacteria       7.27%    passed     72.03%
   4  WP_003429425.1-bacteria    7.27%    passed     76.08%
   5  NP_629943.1-bacteria       7.27%    passed     94.87%
   6  NP_217219.1-bacteria       7.27%    passed     85.10%
   7  WP_003851787.1-bacteria    7.27%    passed     92.71%
   8  WP_004081730.1-bacteria    7.27%    passed     98.75%
   9  NP_626707.1-bacteria       7.27%    passed     59.08%
  10  WP_011555174.1-bacteria    7.27%    passed     93.36%
  11  WP_025306971.1-bacteria    7.27%    passed     95.23%
  12  NP_249267.1-bacteria       7.27%    passed     97.30%
  13  WP_038962216.1-bacteria    7.27%    passed     98.51%
  14  WP_003513359.1-bacteria    7.27%    passed     95.15%
  15  NP_417539.1-bacteria       7.27%    passed     97.30%
  16  WP_000372618.1-bacteria    7.27%    passed     98.51%
  17  WP_041384505.1-bacteria    7.27%    passed     80.04%
  18  WP_081422183.1-bacteria    7.27%    passed     90.02%
  19  WP_010881942.1-bacteria    7.27%    passed     95.84%
  20  YP_002344396.1-bacteria    7.27%    passed     97.03%
  21  NP_217226.1-bacteria       7.27%    passed     83.37%
  22  WP_002656292.1-bacteria    7.27%    passed     83.83%
  23  WP_003851800.1-bacteria    7.27%    passed     75.42%
  24  WP_161595577.1-bacteria    7.27%    passed     95.50%
  25  WP_009889336.1-bacteria    7.27%    passed     88.94%
  26  NP_627416.1-bacteria       7.27%    passed     97.99%
  27  WP_011244555.1-bacteria    7.27%    passed     49.35%
  28  WP_011244655.1-bacteria    7.27%    passed     98.15%
  29  WP_011377675.1-bacteria    7.27%    passed     52.63%
  30  WP_011378081.1-bacteria    7.27%    passed     79.83%
  31  NP_625194.1-bacteria       7.27%    passed     73.21%
  32  WP_000116737.1-bacteria    7.27%    passed     52.35%
  33  NP_417221.1-bacteria       7.27%    passed     46.70%
  34  NP_252312.1-bacteria       7.27%    passed     48.25%
  35  WP_012457665.1-bacteria    7.27%    passed     88.02%
  36  WP_011129725.1-bacteria    7.27%    passed     48.67%
  37  WP_011243265.1-bacteria    7.27%    passed     59.39%
  38  WP_008766632.1-bacteria    7.27%    passed     91.10%
  39  WP_011131581.1-bacteria    7.27%    passed     34.83%
  40  WP_011131610.1-bacteria    7.27%    passed     84.04%
  41  WP_157859911.1-bacteria    7.27%    passed     61.60%
  42  WP_011001157.1-bacteria    7.27%    passed     55.52%
  43  WP_011130440.1-bacteria    7.27%    passed     25.18%
  44  WP_011129835.1-bacteria    7.27%    passed     20.73%
  45  WP_010882456.1-bacteria    7.27%    passed     93.89%
  46  WP_026113799.1-bacteria    7.27%    passed     93.00%
  47  WP_002557358.1-bacteria    7.27%    passed     74.82%
  48  WP_025309100.1-bacteria    7.27%    passed     74.31%
  49  WP_011556153.1-bacteria    7.27%    passed     94.25%
  50  WP_020478755.1-bacteria    7.27%    passed     91.78%
  51  WP_000184359.1-bacteria    7.27%    passed     93.05%
  52  WP_011000337.1-bacteria    7.27%    passed     69.79%
  53  WP_020478595.1-bacteria    7.27%    passed     73.30%
  54  WP_003491840.1-bacteria    7.27%    passed     86.06%
  55  WP_003416101.1-bacteria    7.27%    passed     70.68%
  56  WP_000350729.1-bacteria    7.27%    passed     92.92%
  57  NP_417918.1-bacteria       7.27%    passed     83.59%
  58  WP_009967190.1-bacteria    7.27%    passed     85.88%
  59  WP_003435969.1-bacteria    7.27%    passed     51.26%
  60  WP_000197755.1-bacteria    7.27%    passed     82.17%
  61  WP_003230458.1-bacteria    7.27%    passed     93.95%
  62  NP_249067.1-bacteria       7.27%    passed     87.87%
  63  WP_011860953.1-bacteria    7.27%    passed     72.55%
  64  WP_025309103.1-bacteria    7.27%    passed     99.82%
  65  NP_629389.1-bacteria       7.27%    passed     71.80%
  66  WP_011244805.1-bacteria    7.27%    passed     60.19%
  67  WP_000051382.1-bacteria    7.27%    passed     70.61%
  68  NP_630601.1-bacteria       7.27%    passed     66.75%
  69  NP_627288.1-bacteria       7.27%    passed     78.76%
  70  NP_628216.1-bacteria       7.27%    passed     12.97%
  71  WP_003246715.1-bacteria    7.27%    passed     90.35%
  72  NP_464421.1-bacteria       7.27%    passed     96.85%
  73  WP_001030417.1-bacteria    7.27%    passed     75.78%
  74  NP_624912.1-bacteria       7.27%    passed      9.64%
  75  NP_631395.1-bacteria       7.27%    passed     91.19%
  76  NP_628217.1-bacteria       7.27%    passed     48.64%
  77  WP_002164611.1-bacteria    7.27%    passed     42.35%
  78  NP_217803.1-bacteria       7.27%    passed     70.17%
  79  NP_629755.1-bacteria       7.27%    passed     80.52%
  80  NP_631334.1-bacteria       7.27%    passed     15.12%
  81  WP_000976948.1-bacteria    7.27%    passed     81.21%
  82  WP_003221446.1-bacteria    7.27%    passed     81.85%
  83  WP_003220911.1-bacteria    7.27%    passed     61.70%
  84  WP_014342819.1-bacteria    7.27%    passed     99.55%
  85  NP_416432.3-bacteria       7.27%    passed     75.13%
  86  WP_003420464.1-bacteria    7.27%    passed     76.10%
  87  WP_026113872.1-bacteria    7.27%    passed      7.90%
  88  WP_011244619.1-bacteria    7.27%    passed     72.37%
  89  WP_170864009.1-bacteria    7.27%    passed     36.46%
  90  WP_021361826.1-bacteria   50.91%    passed     76.63%
  91  WP_004080667.1-bacteria    7.27%    passed     48.68%
  92  NP_250146.1-bacteria       7.27%    passed     89.52%
  93  WP_003416098.1-bacteria    7.27%    passed     95.55%
  94  NP_631369.1-bacteria       7.27%    passed     73.35%
  95  WP_009892548.1-bacteria    7.27%    passed     74.04%
  96  WP_011130162.1-bacteria    7.27%    passed     16.48%
  97  WP_000602430.1-bacteria    7.27%    passed     69.57%
  98  YP_002343525.1-bacteria    7.27%    passed     47.53%
  99  WP_002635080.1-bacteria   29.09%    passed      6.44%
 100  WP_003225758.1-bacteria    7.27%    passed     83.62%
 101  NP_463774.1-bacteria       7.27%    passed     81.28%
 102  WP_000387193.1-bacteria    7.27%    passed     87.29%
 103  WP_004081373.1-bacteria    9.09%    passed     39.79%
 104  WP_001005346.1-bacteria    7.27%    passed     42.26%
 105  NP_249453.1-bacteria       7.27%    passed     80.59%
 106  NP_417068.1-bacteria       7.27%    passed     77.39%
 107  WP_011244481.1-bacteria    7.27%    passed     93.30%
 108  WP_016268625.1-bacteria    7.27%    passed     19.04%
 109  WP_003264474.1-bacteria    7.27%    passed     58.76%
 110  WP_003245855.1-bacteria    7.27%    passed     73.89%
 111  NP_629363.1-bacteria       7.27%    passed     64.97%
 112  WP_011554720.1-bacteria    7.27%    passed     97.62%
 113  NP_215737.1-bacteria       7.27%    passed     86.66%
 114  WP_071740389.1-bacteria    9.09%    passed     56.36%
 115  WP_003224177.1-bacteria    7.27%    passed     22.48%
 116  WP_000824008.1-bacteria    7.27%    passed     58.52%
 117  WP_003234958.1-bacteria    7.27%    passed     71.64%
 118  WP_000438330.1-bacteria    7.27%    passed      6.47%
 119  WP_038497025.1-bacteria    7.27%    passed     49.30%
 120  WP_004398507.1-bacteria    7.27%    passed     68.74%
 121  WP_004432061.1-bacteria    7.27%    passed     57.77%
 122  WP_008761066.1-bacteria    7.27%    passed     61.52%
 123  WP_011557245.1-bacteria    7.27%    failed      3.17%
 124  WP_038493726.1-bacteria    7.27%    passed     71.62%
 125  WP_155250046.1-bacteria    7.27%    passed     77.92%
 126  WP_012457515.1-bacteria    7.27%    passed     45.44%
 127  WP_027480180.1-bacteria    7.27%    passed     50.65%
 128  WP_025307296.1-bacteria    7.27%    passed     37.87%
 129  WP_003245485.1-bacteria    7.27%    passed     85.50%
 130  WP_021334972.1-bacteria    7.27%    passed     61.24%
 131  NP_627654.1-bacteria       9.09%    passed     36.02%
 132  NP_463952.1-bacteria       7.27%    passed     85.71%
 133  WP_011554312.1-bacteria    7.27%    passed     61.73%
 134  NP_629295.1-bacteria       7.27%    passed     43.85%
 135  WP_011554150.1-bacteria    7.27%    passed     31.64%
 136  NP_625164.1-bacteria       7.27%    failed      4.15%
 137  NP_217739.1-bacteria       7.27%    passed     62.21%
 138  WP_004308114.1-bacteria    7.27%    passed     74.25%
 139  WP_026114044.1-bacteria    7.27%    passed     47.81%
 140  WP_008767733.1-bacteria    7.27%    passed     86.68%
 141  WP_003230521.1-bacteria    7.27%    passed     59.55%
 142  WP_000869257.1-bacteria    7.27%    passed     25.51%
 143  WP_008760422.1-bacteria    7.27%    passed     33.54%
 144  NP_627533.1-bacteria       7.27%    passed     52.61%
 145  NP_251586.1-bacteria       7.27%    passed     53.25%
 146  WP_026113989.1-bacteria    7.27%    passed     56.75%
 147  WP_014318785.1-bacteria    7.27%    passed     10.18%
 148  NP_625166.1-bacteria       7.27%    failed      2.45%
 149  WP_008764719.1-bacteria    7.27%    passed     40.46%
 150  WP_013944800.1-bacteria    7.27%    passed     71.65%
 151  WP_025307382.1-bacteria    7.27%    passed     86.35%
 152  WP_008763658.1-bacteria    7.27%    passed     54.14%
 153  WP_000391642.1-bacteria    7.27%    passed      7.01%
 154  WP_011552571.1-bacteria    7.27%    passed     42.78%
 155  WP_004583457.1-bacteria    7.27%    passed     43.06%
 156  WP_008765767.1-bacteria    7.27%    passed     19.26%
 157  WP_011108700.1-bacteria    7.27%    passed     21.13%
 158  WP_011553969.1-bacteria    7.27%    passed     61.03%
 159  NP_639689.1-bacteria       7.27%    passed     18.67%
 160  WP_001880851.1-bacteria    7.27%    passed     85.91%
 161  NP_215249.1-bacteria       5.45%    failed      2.62%
 162  NP_627178.1-bacteria       7.27%    passed     20.33%
 163  WP_008760019.1-bacteria    7.27%    passed     74.85%
 164  WP_003243678.1-bacteria    7.27%    passed     68.80%
 165  WP_008762155.1-bacteria    7.27%    passed     52.64%
 166  WP_011004896.1-bacteria    9.09%    failed      4.04%
 167  WP_041740603.1-bacteria    7.27%    passed     62.53%
 168  WP_004431393.1-bacteria    7.27%    passed     46.20%
 169  WP_008767954.1-bacteria    9.09%    failed      0.00%
 170  WP_025594844.1-bacteria    7.27%    passed     18.47%
 171  WP_011108357.1-bacteria    7.27%    passed     62.26%
 172  NP_249991.1-bacteria       7.27%    passed     10.26%
 173  NP_216585.1-bacteria       7.27%    passed     30.87%
 174  WP_014308159.1-bacteria    9.09%    passed      5.69%
 175  WP_008763624.1-bacteria    7.27%    passed     20.51%
 176  NP_252100.1-bacteria       7.27%    passed     17.42%
 177  WP_011108473.1-bacteria    7.27%    failed      1.43%
 178  WP_008764619.1-bacteria    7.27%    passed     82.09%
 179  WP_038490951.1-bacteria    7.27%    passed     22.97%
 180  WP_004585541.1-bacteria    7.27%    passed     39.19%
 181  WP_062695819.1-bacteria    7.27%    passed     62.51%
 182  NP_625240.1-bacteria       7.27%    failed      1.27%
 183  WP_004398891.1-bacteria    7.27%    passed     52.45%
 184  WP_026113852.1-bacteria    7.27%    passed     85.60%
 185  WP_008763441.1-bacteria    7.27%    passed     48.84%
 186  WP_011554965.1-bacteria    7.27%    passed      7.69%
 187  WP_011554319.1-bacteria    7.27%    passed      7.67%
 188  NP_629148.1-bacteria       7.27%    passed     17.55%
 189  WP_011002284.1-bacteria    7.27%    passed      7.14%
 190  WP_008760363.1-bacteria    7.27%    passed     92.68%
 191  WP_011002888.1-bacteria    7.27%    failed      0.80%
 192  NP_624529.1-bacteria       7.27%    failed      3.74%
 193  WP_020478333.1-bacteria    7.27%    passed     17.39%
 194  WP_032506877.1-bacteria    7.27%    passed     34.19%
 195  WP_080863981.1-bacteria    7.27%    passed      6.79%
 196  WP_011550349.1-bacteria    7.27%    passed     19.00%
 197  WP_003436663.1-bacteria    7.27%    passed     21.09%
 198  WP_000675556.1-bacteria    7.27%    passed     17.84%
 199  WP_011553459.1-bacteria    7.27%    passed     60.01%
 200  WP_000864729.1-bacteria    7.27%    passed     52.85%
 201  WP_000483035.1-bacteria    7.27%    passed      9.28%
 202  NP_629020.1-bacteria       7.27%    passed      6.79%
 203  NP_629048.1-bacteria       7.27%    passed     35.34%
 204  WP_004583806.1-bacteria    7.27%    passed     96.92%
 205  NP_628187.1-bacteria       7.27%    passed     39.00%
 206  WP_000337509.1-bacteria   16.36%    passed     17.92%
 207  WP_011555464.1-bacteria    7.27%    failed      4.00%
 208  WP_003439159.1-bacteria    7.27%    passed     50.68%
 209  NP_629061.1-bacteria       7.27%    passed     90.36%
 210  NP_624495.1-bacteria       7.27%    passed     35.17%
 211  NP_250602.1-bacteria       9.09%    passed     26.33%
 212  WP_003518695.1-bacteria    7.27%    passed     56.22%
 213  NP_418713.1-bacteria       9.09%    passed     98.21%
 214  WP_038497316.1-bacteria    9.09%    passed     22.82%
 215  WP_011552470.1-bacteria    7.27%    passed     41.20%
 216  WP_011244401.1-bacteria    7.27%    passed     83.05%
 217  WP_014311116.1-bacteria    7.27%    passed     58.85%
 218  NP_214696.1-bacteria       7.27%    passed     53.91%
 219  WP_014301156.1-bacteria    7.27%    passed      9.70%
 220  WP_026114018.1-bacteria    5.45%    passed     54.47%
 221  WP_011002009.1-bacteria    7.27%    passed     63.56%
 222  WP_003511036.1-bacteria    7.27%    passed     59.27%
 223  WP_008766239.1-bacteria    7.27%    passed     17.06%
 224  WP_005681497.1-bacteria    9.09%    passed      9.45%
 225  WP_021665844.1-bacteria    7.27%    passed     58.99%
 226  WP_020478156.1-bacteria    7.27%    passed     18.74%
 227  WP_004082042.1-bacteria    7.27%    passed     45.36%
 228  NP_252588.1-bacteria       9.09%    passed     53.80%
 229  NP_628323.1-bacteria       7.27%    failed      0.56%
 230  NP_251116.1-bacteria       7.27%    passed     78.06%
 231  WP_008766735.1-bacteria    9.09%    passed     88.50%
 232  NP_251975.1-bacteria       7.27%    passed     80.96%
 233  NP_249366.1-bacteria       9.09%    passed     27.06%
 234  WP_000840007.1-bacteria    7.27%    passed      5.48%
 235  NP_628295.1-bacteria       7.27%    failed      0.24%
 236  NP_248839.1-bacteria       7.27%    passed     47.49%
 237  NP_627901.1-bacteria       7.27%    failed      0.38%
 238  WP_008764987.1-bacteria    7.27%    passed     62.95%
 239  WP_011557133.1-bacteria    7.27%    passed     37.53%
 240  WP_003513086.1-bacteria    7.27%    passed     54.72%
 241  WP_003513560.1-bacteria    7.27%    passed     51.92%
 242  WP_008761748.1-bacteria    7.27%    passed     61.85%
 243  WP_100086169.1-bacteria    7.27%    passed     37.86%
 244  YP_009829866.1-phage      40.00%    passed     23.04%
 245  YP_008771927.1-phage       7.27%    passed     15.61%
 246  YP_008770739.1-phage       7.27%    passed     15.61%
 247  YP_009203629.1-phage       7.27%    passed     15.61%
 248  YP_009196909.1-phage       7.27%    passed     15.61%
 249  YP_002300398.1-phage      14.55%    passed     46.02%
 250  YP_009215922.1-phage      14.55%    passed     64.24%
 251  YP_009216142.1-phage      14.55%    passed     64.24%
 252  YP_009099117.1-phage      14.55%    passed     64.24%
 253  YP_008770058.1-phage      14.55%    passed     46.02%
 254  YP_007003440.1-phage      12.73%    passed     10.09%
 255  YP_008772001.1-phage       7.27%    passed     95.59%
 256  YP_008770814.1-phage       7.27%    passed     73.03%
 257  YP_009203702.1-phage       7.27%    passed     73.03%
 258  YP_009196983.1-phage       7.27%    passed     98.78%
 259  YP_009274876.1-phage       7.27%    passed     96.95%
 260  YP_009850160.1-phage       7.27%    passed     97.54%
 261  YP_009199135.1-phage       7.27%    passed     92.74%
 262  YP_009015380.1-phage       7.27%    passed     57.24%
 263  YP_009829851.1-phage       9.09%    passed     46.37%
 264  YP_007004340.1-phage       9.09%    passed      8.93%
 265  YP_006488705.1-phage       9.09%    passed     46.37%
 266  YP_009009184.1-phage       9.09%    passed      8.11%
 267  YP_002300430.1-phage       7.27%    passed     55.76%
 268  YP_006907988.1-phage       7.27%    passed     57.18%
 269  YP_009149728.1-phage       7.27%    passed     96.46%
 270  YP_006907735.1-phage       5.45%    passed     97.52%
 271  YP_006908410.1-phage       7.27%    passed     93.44%
 272  YP_007677062.1-phage       7.27%    passed     92.30%
 273  YP_007349329.1-phage       7.27%    passed     89.60%
 274  YP_009003061.1-phage       5.45%    passed     97.52%
 275  YP_009625809.1-phage       7.27%    passed     53.88%
 276  YP_009215953.1-phage       7.27%    passed     93.72%
 277  YP_009216173.1-phage       7.27%    passed     93.72%
 278  YP_008430954.1-phage       7.27%    passed     88.87%
 279  YP_009099149.1-phage       7.27%    passed     96.96%
 280  YP_008771190.1-phage       7.27%    passed     88.87%
 281  YP_008770092.1-phage       7.27%    passed     55.76%
 282  YP_008771504.1-phage       7.27%    passed     92.05%
 283  YP_008770388.1-phage       7.27%    passed     93.44%
 284  YP_009226967.1-phage       7.27%    passed     89.95%
 285  YP_009037083.1-phage       7.27%    passed     67.05%
 286  YP_009035701.1-phage       7.27%    passed     67.05%
 287  YP_009036624.1-phage       5.45%    passed     97.52%
 288  YP_009035374.1-phage       7.27%    passed     67.05%
 289  YP_009036248.1-phage       5.45%    passed     97.52%
 290  YP_009055929.1-phage       7.27%    passed     88.87%
 291  YP_009149167.1-phage       7.27%    passed     96.85%
 292  YP_009056383.1-phage       7.27%    passed     89.95%
 293  YP_009151070.1-phage       7.27%    passed     99.49%
 294  YP_009151693.1-phage       7.27%    passed     74.99%
 295  YP_009222342.1-phage       7.27%    passed     70.74%
 296  YP_009206960.1-phage       7.27%    passed     57.18%
 297  YP_009206524.1-phage       7.27%    passed     88.87%
 298  YP_009274835.1-phage       7.27%    passed     83.14%
 299  YP_009285446.1-phage       7.27%    passed     96.85%
 300  YP_009275337.1-phage       9.09%    passed     91.99%
 301  YP_009278201.1-phage       5.45%    passed     97.52%
 302  YP_009287061.1-phage       5.45%    passed     97.52%
 303  YP_009282577.1-phage       5.45%    passed     97.52%
 304  YP_009284509.1-phage       5.45%    passed     97.52%
 305  YP_009290042.1-phage       7.27%    passed     88.87%
 306  YP_009280984.1-phage       5.45%    passed     97.52%
 307  YP_009291759.1-phage       5.45%    passed     97.52%
 308  YP_009282131.1-phage       5.45%    passed     97.52%
 309  YP_009280555.1-phage       5.45%    passed     97.52%
 310  YP_009279351.1-phage       5.45%    passed     97.52%
 311  YP_009285127.1-phage       5.45%    passed     97.52%
 312  YP_009832112.1-phage       7.27%    passed     94.45%
 313  YP_009626704.1-phage       7.27%    passed     96.46%
 314  YP_009818180.1-phage       5.45%    passed     83.15%
 315  YP_008318397.1-phage       7.27%    passed     89.42%
 316  YP_009798107.1-phage       5.45%    passed     81.32%
 317  YP_009798418.1-phage       5.45%    passed     81.32%
 318  YP_009840610.1-phage       7.27%    passed     98.31%
 319  YP_009814287.1-phage       5.45%    passed     83.15%
 320  YP_009814457.1-phage       5.45%    passed     83.15%
 321  YP_009844328.1-phage       7.27%    passed     12.84%
 322  YP_009843985.1-phage       7.27%    passed     13.09%
 323  YP_009844105.1-phage       7.27%    passed     51.74%
 324  YP_009850071.1-phage       7.27%    passed     99.99%
 325  YP_006907409.1-phage       7.27%    passed     67.05%
 326  YP_009031424.1-phage       7.27%    passed     96.46%
 327  YP_002790835.1-phage       3.64%    passed     90.30%
 328  YP_004957120.1-phage       5.45%    passed     96.60%
 329  YP_007003457.1-phage       7.27%    passed     47.83%
 330  YP_007517509.1-phage       7.27%    passed     51.38%
 331  YP_007517589.1-phage       7.27%    passed     48.19%
 332  YP_007517433.1-phage       7.27%    passed     63.07%
 333  YP_007517663.1-phage       7.27%    passed     76.12%
 334  YP_009592276.1-phage       7.27%    passed     63.07%
 335  YP_008771870.1-phage       7.27%    passed     63.07%
 336  YP_008770680.1-phage       7.27%    passed     51.38%
 337  YP_008770602.1-phage       7.27%    passed     76.12%
 338  YP_002300332.1-phage       7.27%    failed      2.12%
 339  YP_006907943.1-phage       7.27%    passed     41.63%
 340  YP_006907944.1-phage       7.27%    passed     78.01%
 341  YP_009149686.1-phage       7.27%    passed     40.50%
 342  YP_009149687.1-phage       7.27%    passed     97.02%
 343  YP_006907696.1-phage       7.27%    passed     40.59%
 344  YP_006908372.1-phage      10.91%    passed     97.55%
 345  YP_007677007.1-phage       7.27%    passed     46.62%
 346  YP_007677008.1-phage       7.27%    passed     92.75%
 347  YP_007349306.1-phage       7.27%    passed     27.94%
 348  YP_007349307.1-phage       7.27%    passed     40.42%
 349  YP_009003022.1-phage       7.27%    passed     49.19%
 350  YP_009215850.1-phage       7.27%    passed     87.22%
 351  YP_009216068.1-phage       7.27%    passed     76.34%
 352  YP_008430993.1-phage       7.27%    passed     27.26%
 353  YP_009099262.1-phage       7.27%    passed     63.20%
 354  YP_008771228.1-phage       7.27%    passed     86.42%
 355  YP_008769990.1-phage       7.27%    failed      3.97%
 356  YP_008771532.1-phage       7.27%    passed     69.49%
 357  YP_008770551.1-phage      14.55%    passed     82.94%
 358  YP_008771361.1-phage       7.27%    passed     80.08%
 359  YP_008771969.1-phage       7.27%    passed     63.85%
 360  YP_008770421.1-phage       7.27%    passed     49.24%
 361  YP_008770783.1-phage       7.27%    passed     63.85%
 362  YP_009226946.1-phage       7.27%    passed     92.50%
 363  YP_009226947.1-phage       7.27%    passed     44.38%
 364  YP_009037113.1-phage       7.27%    passed     94.40%
 365  YP_009035734.1-phage       7.27%    passed     94.40%
 366  YP_009036672.1-phage       7.27%    passed     74.07%
 367  YP_009035402.1-phage       7.27%    passed     13.36%
 368  YP_009036291.1-phage       7.27%    passed     95.93%
 369  YP_009055966.1-phage       7.27%    passed     27.26%
 370  YP_009149124.1-phage       7.27%    passed     40.50%
 371  YP_009149125.1-phage       7.27%    passed     97.02%
 372  YP_009056357.1-phage       7.27%    passed     95.74%
 373  YP_009056358.1-phage       7.27%    passed     43.01%
 374  YP_009151040.1-phage       7.27%    passed     59.15%
 375  YP_009151727.1-phage       7.27%    passed     87.03%
 376  YP_009151728.1-phage       7.27%    passed     58.08%
 377  YP_009151513.1-phage       7.27%    passed     79.28%
 378  YP_009152845.1-phage       7.27%    passed     80.08%
 379  YP_009210079.1-phage       7.27%    passed     80.08%
 380  YP_009203671.1-phage       7.27%    passed     63.85%
 381  YP_009196951.1-phage       7.27%    passed     34.54%
 382  YP_009196176.1-phage       7.27%    passed     99.46%
 383  YP_009197513.1-phage       7.27%    passed     80.08%
 384  YP_009207004.1-phage       7.27%    passed     87.39%
 385  YP_009207005.1-phage       7.27%    passed     60.97%
 386  YP_009199141.1-phage       7.27%    passed     91.61%
 387  YP_009206562.1-phage       7.27%    passed     86.42%
 388  YP_009830054.1-phage       9.09%    passed     77.78%
 389  YP_009274875.1-phage       7.27%    passed     91.40%
 390  YP_009285400.1-phage       7.27%    passed     52.76%
 391  YP_009285401.1-phage       7.27%    passed     99.12%
 392  YP_009278239.1-phage       7.27%    passed     63.19%
 393  YP_009287107.1-phage       7.27%    passed     95.93%
 394  YP_009282621.1-phage       7.27%    passed     95.93%
 395  YP_009284554.1-phage       7.27%    passed     74.07%
 396  YP_009290078.1-phage       7.27%    passed     27.26%
 397  YP_009281029.1-phage       7.27%    passed     74.07%
 398  YP_009291801.1-phage       7.27%    passed     63.19%
 399  YP_009282173.1-phage       7.27%    passed     49.19%
 400  YP_009280599.1-phage       7.27%    passed     76.59%
 401  YP_009830772.1-phage       9.09%    passed     77.78%
 402  YP_009285288.1-phage       9.09%    passed     77.78%
 403  YP_009279398.1-phage       7.27%    passed     74.07%
 404  YP_009285170.1-phage       7.27%    passed     95.93%
 405  YP_009832138.1-phage       7.27%    passed     96.16%
 406  YP_009626754.1-phage       7.27%    passed     96.95%
 407  YP_009626755.1-phage       7.27%    passed     50.97%
 408  YP_008318421.1-phage       7.27%    passed     76.33%
 409  YP_009840636.1-phage       7.27%    passed     13.59%
 410  YP_009850103.1-phage       7.27%    passed     48.67%
 411  YP_512346.1-phage          7.27%    passed     94.03%
 412  YP_338218.1-phage          7.27%    passed     94.03%
 413  YP_460001.1-phage          7.27%    passed     94.03%
 414  YP_006907438.1-phage       7.27%    passed     94.40%
 415  YP_009031481.1-phage       7.27%    passed     96.95%
 416  YP_009031482.1-phage       7.27%    passed     50.97%
 417  YP_008129905.1-phage       9.09%    passed     92.96%
 418  YP_004957160.1-phage       7.27%    passed     85.64%
 419  YP_007003377.1-phage       7.27%    passed     79.64%
WARNING: 1 sequences contain more than 50% gaps/ambiguity
****  TOTAL                      7.65%  16 sequences failed composition chi2 test (p-value<5%; df=19)
NOTE: NP_464979.1-bacteria is identical to WP_003226225.1-bacteria but kept for subsequent analysis
NOTE: NP_417539.1-bacteria is identical to NP_249267.1-bacteria but kept for subsequent analysis
NOTE: WP_000372618.1-bacteria is identical to WP_038962216.1-bacteria but kept for subsequent analysis
NOTE: YP_008770739.1-phage is identical to YP_008771927.1-phage but kept for subsequent analysis
NOTE: YP_008770058.1-phage is identical to YP_002300398.1-phage but kept for subsequent analysis
NOTE: YP_009216142.1-phage is identical to YP_009215922.1-phage but kept for subsequent analysis
NOTE: YP_009203702.1-phage is identical to YP_008770814.1-phage but kept for subsequent analysis
NOTE: YP_006488705.1-phage is identical to YP_009829851.1-phage but kept for subsequent analysis
NOTE: YP_008770092.1-phage is identical to YP_002300430.1-phage but kept for subsequent analysis
NOTE: YP_009206960.1-phage is identical to YP_006907988.1-phage but kept for subsequent analysis
NOTE: YP_009626704.1-phage is identical to YP_009149728.1-phage but kept for subsequent analysis
NOTE: YP_009003061.1-phage is identical to YP_006907735.1-phage but kept for subsequent analysis
NOTE: YP_008770388.1-phage is identical to YP_006908410.1-phage but kept for subsequent analysis
NOTE: YP_009216173.1-phage is identical to YP_009215953.1-phage but kept for subsequent analysis
NOTE: YP_008771190.1-phage is identical to YP_008430954.1-phage but kept for subsequent analysis
NOTE: YP_009056383.1-phage is identical to YP_009226967.1-phage but kept for subsequent analysis
NOTE: YP_009035701.1-phage is identical to YP_009037083.1-phage but kept for subsequent analysis
NOTE: YP_009285446.1-phage is identical to YP_009149167.1-phage but kept for subsequent analysis
NOTE: YP_009814287.1-phage is identical to YP_009818180.1-phage but kept for subsequent analysis
NOTE: YP_009798418.1-phage is identical to YP_009798107.1-phage but kept for subsequent analysis
NOTE: YP_008770680.1-phage is identical to YP_007517509.1-phage but kept for subsequent analysis
NOTE: YP_009592276.1-phage is identical to YP_007517433.1-phage but kept for subsequent analysis
NOTE: YP_008770602.1-phage is identical to YP_007517663.1-phage but kept for subsequent analysis
NOTE: YP_009149124.1-phage is identical to YP_009149686.1-phage but kept for subsequent analysis
NOTE: YP_009149125.1-phage is identical to YP_009149687.1-phage but kept for subsequent analysis
NOTE: YP_009282173.1-phage is identical to YP_009003022.1-phage but kept for subsequent analysis
NOTE: YP_009055966.1-phage is identical to YP_008430993.1-phage but kept for subsequent analysis
NOTE: YP_009206562.1-phage is identical to YP_008771228.1-phage but kept for subsequent analysis
NOTE: YP_009152845.1-phage is identical to YP_008771361.1-phage but kept for subsequent analysis
NOTE: YP_008770783.1-phage is identical to YP_008771969.1-phage but kept for subsequent analysis
NOTE: YP_009035734.1-phage is identical to YP_009037113.1-phage but kept for subsequent analysis
NOTE: YP_009284554.1-phage is identical to YP_009036672.1-phage but kept for subsequent analysis
NOTE: YP_009287107.1-phage is identical to YP_009036291.1-phage but kept for subsequent analysis
NOTE: YP_009830772.1-phage is identical to YP_009830054.1-phage but kept for subsequent analysis
NOTE: YP_009291801.1-phage is identical to YP_009278239.1-phage but kept for subsequent analysis
NOTE: YP_009031481.1-phage is identical to YP_009626754.1-phage but kept for subsequent analysis
NOTE: YP_009031482.1-phage is identical to YP_009626755.1-phage but kept for subsequent analysis
NOTE: YP_338218.1-phage is identical to YP_512346.1-phage but kept for subsequent analysis
NOTE: 33 identical sequences (see below) will be ignored for subsequent analysis
NOTE: YP_009203629.1-phage (identical to YP_008771927.1-phage) is ignored but added at the end
NOTE: YP_009099117.1-phage (identical to YP_009215922.1-phage) is ignored but added at the end
NOTE: YP_009031424.1-phage (identical to YP_009149728.1-phage) is ignored but added at the end
NOTE: YP_009036624.1-phage (identical to YP_006907735.1-phage) is ignored but added at the end
NOTE: YP_009036248.1-phage (identical to YP_006907735.1-phage) is ignored but added at the end
NOTE: YP_009278201.1-phage (identical to YP_006907735.1-phage) is ignored but added at the end
NOTE: YP_009287061.1-phage (identical to YP_006907735.1-phage) is ignored but added at the end
NOTE: YP_009282577.1-phage (identical to YP_006907735.1-phage) is ignored but added at the end
NOTE: YP_009284509.1-phage (identical to YP_006907735.1-phage) is ignored but added at the end
NOTE: YP_009280984.1-phage (identical to YP_006907735.1-phage) is ignored but added at the end
NOTE: YP_009291759.1-phage (identical to YP_006907735.1-phage) is ignored but added at the end
NOTE: YP_009282131.1-phage (identical to YP_006907735.1-phage) is ignored but added at the end
NOTE: YP_009280555.1-phage (identical to YP_006907735.1-phage) is ignored but added at the end
NOTE: YP_009279351.1-phage (identical to YP_006907735.1-phage) is ignored but added at the end
NOTE: YP_009285127.1-phage (identical to YP_006907735.1-phage) is ignored but added at the end
NOTE: YP_009055929.1-phage (identical to YP_008430954.1-phage) is ignored but added at the end
NOTE: YP_009206524.1-phage (identical to YP_008430954.1-phage) is ignored but added at the end
NOTE: YP_009290042.1-phage (identical to YP_008430954.1-phage) is ignored but added at the end
NOTE: YP_009035374.1-phage (identical to YP_009037083.1-phage) is ignored but added at the end
NOTE: YP_006907409.1-phage (identical to YP_009037083.1-phage) is ignored but added at the end
NOTE: YP_009814457.1-phage (identical to YP_009818180.1-phage) is ignored but added at the end
NOTE: YP_008771870.1-phage (identical to YP_007517433.1-phage) is ignored but added at the end
NOTE: YP_009290078.1-phage (identical to YP_008430993.1-phage) is ignored but added at the end
NOTE: YP_009210079.1-phage (identical to YP_008771361.1-phage) is ignored but added at the end
NOTE: YP_009197513.1-phage (identical to YP_008771361.1-phage) is ignored but added at the end
NOTE: YP_009203671.1-phage (identical to YP_008771969.1-phage) is ignored but added at the end
NOTE: YP_006907438.1-phage (identical to YP_009037113.1-phage) is ignored but added at the end
NOTE: YP_009281029.1-phage (identical to YP_009036672.1-phage) is ignored but added at the end
NOTE: YP_009279398.1-phage (identical to YP_009036672.1-phage) is ignored but added at the end
NOTE: YP_009282621.1-phage (identical to YP_009036291.1-phage) is ignored but added at the end
NOTE: YP_009285170.1-phage (identical to YP_009036291.1-phage) is ignored but added at the end
NOTE: YP_009285288.1-phage (identical to YP_009830054.1-phage) is ignored but added at the end
NOTE: YP_460001.1-phage (identical to YP_512346.1-phage) is ignored but added at the end
Alignment was printed to sigmas_MafftEinsi.trim.uniqueseq.phy

For your convenience alignment with unique sequences printed to sigmas_MafftEinsi.trim.uniqueseq.phy


Create initial parsimony tree by phylogenetic likelihood library (PLL)... 0.147 seconds
Measuring multi-threading efficiency up to 12 CPU cores
Increase to 10 rounds for branch lengths
18 trees examined
Threads: 1 / Time: 12.129 sec / Speedup: 1.000 / Efficiency: 100% / LogL: -41935
Threads: 2 / Time: 9.611 sec / Speedup: 1.262 / Efficiency: 63% / LogL: -41935
Threads: 3 / Time: 9.182 sec / Speedup: 1.321 / Efficiency: 44% / LogL: -41935
BEST NUMBER OF THREADS: 2

Perform fast likelihood tree search using LG+I+G model...
Estimate model parameters (epsilon = 5.000)
Perform nearest neighbor interchange...
Estimate model parameters (epsilon = 1.000)
1. Initial log-likelihood: -24266.097
2. Current log-likelihood: -24264.052
Optimal log-likelihood: -24263.768
Proportion of invariable sites: 0.000
Gamma shape alpha: 1.789
Parameters optimization took 2 rounds (0.333 sec)
Time for fast ML tree search: 3.349 seconds

NOTE: ModelFinder requires 45 MB RAM!
ModelFinder will test up to 702 protein models (sample size: 55) ...
 No. Model         -LnL         df  AIC          AICc         BIC
  1  LG            24783.519    769 51105.037    1235365.037  52648.677
  2  LG+I          24783.488    770 51106.977    1238446.977  52652.624
  3  LG+G4         24266.368    770 50072.736    1237412.736  51618.383
  4  LG+I+G4       24263.765    771 50069.529    1240493.529  51617.183
  5  LG+R2         24388.616    771 50319.232    1240743.232  51866.886
  6  LG+R3         24297.602    773 50141.205    1246745.205  51692.873
  7  LG+R4         24248.336    775 50046.671    1252846.671  51602.354
  8  LG+R5         24231.005    777 50016.011    1259028.011  51575.709
  9  LG+R6         24226.415    779 50010.829    1265250.829  51574.542
WARNING: Log-likelihood -24281.1 of LG+R7 worse than LG+R6 -24226.4
 10  LG+R7         24281.121    781 50124.241    1271608.241  51691.969
 21  LG+F+R5       24376.451    796 50344.901    1319168.901  51942.739
 22  LG+F+R6       24370.170    798 50336.341    1325540.341  51938.193
 34  WAG+R5        24354.416    777 50262.833    1259274.833  51822.531
 35  WAG+R6        24354.511    779 50267.023    1265507.023  51830.735
 47  WAG+F+R5      24486.772    796 50565.544    1319389.544  52163.381
 48  WAG+F+R6      24486.160    798 50568.320    1325772.320  52170.172
 60  JTT+R5        24483.190    777 50520.380    1259532.380  52080.077
 61  JTT+R6        24479.581    779 50517.162    1265757.162  52080.874
 73  JTT+F+R5      24546.581    796 50685.162    1319509.162  52282.999
 74  JTT+F+R6      24539.619    798 50675.239    1325879.239  52277.091
 86  Q.pfam+R5     24226.338    777 50006.675    1259018.675  51566.373
 87  Q.pfam+R6     24219.145    779 49996.289    1265236.289  51560.002
 99  Q.pfam+F+R5   24364.294    796 50320.588    1319144.588  51918.425
100  Q.pfam+F+R6   24355.400    798 50306.801    1325510.801  51908.653
112  Q.bird+R5     24981.672    777 51517.344    1260529.344  53077.042
113  Q.bird+R6     24970.456    779 51498.911    1266738.911  53062.624
125  Q.bird+F+R5   25003.808    796 51599.617    1320423.617  53197.454
126  Q.bird+F+R6   24999.185    798 51594.371    1326798.371  53196.222
138  Q.mammal+R5   24769.810    777 51093.620    1260105.620  52653.318
139  Q.mammal+R6   24759.897    779 51077.795    1266317.795  52641.507
151  Q.mammal+F+R5 24792.917    796 51177.835    1320001.835  52775.672
152  Q.mammal+F+R6 24781.330    798 51158.661    1326362.661  52760.512
164  Q.insect+R5   24368.015    777 50290.031    1259302.031  51849.729
165  Q.insect+R6   24362.526    779 50283.051    1265523.051  51846.764
177  Q.insect+F+R5 24393.693    796 50379.386    1319203.386  51977.223
178  Q.insect+F+R6 24382.778    798 50361.557    1325565.557  51963.409
190  Q.plant+R5    24569.668    777 50693.336    1259705.336  52253.034
191  Q.plant+R6    24561.117    779 50680.235    1265920.235  52243.947
203  Q.plant+F+R5  24627.809    796 50847.619    1319671.619  52445.456
204  Q.plant+F+R6  24618.486    798 50832.972    1326036.972  52434.824
216  Q.yeast+R5    24405.632    777 50365.264    1259377.264  51924.962
217  Q.yeast+R6    24394.679    779 50347.358    1265587.358  51911.071
229  Q.yeast+F+R5  24382.341    796 50356.683    1319180.683  51954.520
230  Q.yeast+F+R6  24368.610    798 50333.219    1325537.219  51935.071
242  JTTDCMut+R5   24489.926    777 50533.853    1259545.853  52093.551
243  JTTDCMut+R6   24486.614    779 50531.228    1265771.228  52094.941
255  JTTDCMut+F+R5 24556.832    796 50705.664    1319529.664  52303.501
256  JTTDCMut+F+R6 24550.262    798 50696.525    1325900.525  52298.377
268  DCMut+R5      24758.548    777 51071.096    1260083.096  52630.794
269  DCMut+R6      24750.275    779 51058.549    1266298.549  52622.262
281  DCMut+F+R5    24737.809    796 51067.619    1319891.619  52665.456
282  DCMut+F+R6    24725.525    798 51047.050    1326251.050  52648.902
294  VT+R5         24350.177    777 50254.353    1259266.353  51814.051
295  VT+R6         24349.556    779 50257.112    1265497.112  51820.825
307  VT+F+R5       24464.288    796 50520.575    1319344.575  52118.413
308  VT+F+R6       24462.882    798 50521.764    1325725.764  52123.616
320  PMB+R5        24529.855    777 50613.710    1259625.710  52173.408
321  PMB+R6        24526.130    779 50610.260    1265850.260  52173.972
333  PMB+F+R5      24671.427    796 50934.855    1319758.855  52532.692
334  PMB+F+R6      24668.871    798 50933.742    1326137.742  52535.594
346  Blosum62+R5   24515.526    777 50585.052    1259597.052  52144.750
347  Blosum62+R6   24512.049    779 50582.099    1265822.099  52145.811
359  Blosum62+F+R5 24668.593    796 50929.186    1319753.186  52527.023
360  Blosum62+F+R6 24668.232    798 50932.464    1326136.464  52534.316
372  Dayhoff+R5    24757.872    777 51069.743    1260081.743  52629.441
373  Dayhoff+R6    24749.444    779 51056.889    1266296.889  52620.601
385  Dayhoff+F+R5  24737.935    796 51067.871    1319891.871  52665.708
386  Dayhoff+F+R6  24725.525    798 51047.051    1326251.051  52648.903
398  mtREV+R5      25857.876    777 53269.752    1262281.752  54829.450
399  mtREV+R6      25854.096    779 53266.192    1268506.192  54829.905
411  mtREV+F+R5    24948.183    796 51488.366    1320312.366  53086.203
412  mtREV+F+R6    24941.640    798 51479.280    1326683.280  53081.132
424  mtART+R5      26235.477    777 54024.953    1263036.953  55584.651
425  mtART+R6      26230.418    779 54018.835    1269258.835  55582.548
437  mtART+F+R5    25208.733    796 52009.466    1320833.466  53607.304
438  mtART+F+R6    25202.758    798 52001.517    1327205.517  53603.369
450  mtZOA+R5      25529.826    777 52613.652    1261625.652  54173.350
451  mtZOA+R6      25520.133    779 52598.265    1267838.265  54161.978
463  mtZOA+F+R5    24927.039    796 51446.078    1320270.078  53043.916
464  mtZOA+F+R6    24920.843    798 51437.686    1326641.686  53039.538
476  mtMet+R5      25914.716    777 53383.431    1262395.431  54943.129
477  mtMet+R6      25911.413    779 53380.826    1268620.826  54944.539
489  mtMet+F+R5    24912.337    796 51416.674    1320240.674  53014.511
490  mtMet+F+R6    24902.338    798 51400.676    1326604.676  53002.528
502  mtVer+R5      26228.829    777 54011.659    1263023.659  55571.357
503  mtVer+R6      26215.725    779 53989.450    1269229.450  55553.162
515  mtVer+F+R5    25312.991    796 52217.983    1321041.983  53815.820
516  mtVer+F+R6    25306.588    798 52209.175    1327413.175  53811.027
528  mtInv+R5      26016.713    777 53587.425    1262599.425  55147.123
529  mtInv+R6      26015.620    779 53589.239    1268829.239  55152.952
541  mtInv+F+R5    24714.867    796 51021.733    1319845.733  52619.571
542  mtInv+F+R6    24700.815    798 50997.629    1326201.629  52599.481
554  mtMAM+R5      26493.262    777 54540.524    1263552.524  56100.222
555  mtMAM+R6      26479.990    779 54517.980    1269757.980  56081.693
567  mtMAM+F+R5    25512.012    796 52616.024    1321440.024  54213.862
568  mtMAM+F+R6    25500.058    798 52596.115    1327800.115  54197.967
580  HIVb+R5       25064.015    777 51682.029    1260694.029  53241.727
581  HIVb+R6       25055.501    779 51669.001    1266909.001  53232.714
593  HIVb+F+R5     25070.202    796 51732.405    1320556.405  53330.242
594  HIVb+F+R6     25060.263    798 51716.527    1326920.527  53318.378
606  HIVw+R5       26314.069    777 54182.138    1263194.138  55741.836
607  HIVw+R6       26308.468    779 54174.935    1269414.935  55738.648
619  HIVw+F+R5     25861.088    796 53314.177    1322138.177  54912.014
620  HIVw+F+R6     25856.169    798 53308.338    1328512.338  54910.190
632  FLU+R5        24970.769    777 51495.538    1260507.538  53055.236
633  FLU+R6        24957.669    779 51473.337    1266713.337  53037.050
645  FLU+F+R5      24952.474    796 51496.947    1320320.947  53094.785
646  FLU+F+R6      24947.620    798 51491.241    1326695.241  53093.093
658  rtREV+R5      24442.195    777 50438.389    1259450.389  51998.087
659  rtREV+R6      24438.308    779 50434.616    1265674.616  51998.328
671  rtREV+F+R5    24458.538    796 50509.076    1319333.076  52106.913
672  rtREV+F+R6    24454.511    798 50505.023    1325709.023  52106.875
684  cpREV+R5      24582.414    777 50718.827    1259730.827  52278.525
685  cpREV+R6      24580.285    779 50718.569    1265958.569  52282.282
697  cpREV+F+R5    24785.089    796 51162.179    1319986.179  52760.016
698  cpREV+F+R6    24777.694    798 51151.389    1326355.389  52753.240
Akaike Information Criterion:           Q.pfam+R6
Corrected Akaike Information Criterion: LG
Bayesian Information Criterion:         Q.pfam+R6
Best-fit model: Q.pfam+R6 chosen according to BIC

All model information printed to sigmas_MafftEinsi.trim.model.gz
CPU time for ModelFinder: 635.749 seconds (0h:10m:35s)
Wall-clock time for ModelFinder: 324.315 seconds (0h:5m:24s)

NOTE: 27 MB RAM (0 GB) is required!
Estimate model parameters (epsilon = 0.100)
1. Initial log-likelihood: -24219.145
Optimal log-likelihood: -24219.133
Site proportion and rates:  (0.038,0.151) (0.059,0.401) (0.266,0.610) (0.304,0.883) (0.215,1.405) (0.119,2.013)
Parameters optimization took 1 rounds (0.605 sec)
Computing ML distances based on estimated model parameters...
Computing ML distances took 13.198304 sec (of wall-clock time) 26.379838 sec(of CPU time)
WARNING: Some pairwise ML distances are too long (saturated)
Computing RapidNJ tree took 0.023135 sec (of wall-clock time) 0.052040 sec (of CPU time)
Log-likelihood of RapidNJ tree: -24234.592
--------------------------------------------------------------------
|             INITIALIZING CANDIDATE TREE SET                      |
--------------------------------------------------------------------
Generating 98 parsimony trees... 10.342 second
Computing log-likelihood of 98 initial trees ... 7.236 seconds
Current best score: -24219.133

Do NNI search on 20 best initial trees
Estimate model parameters (epsilon = 0.100)
BETTER TREE FOUND at iteration 1: -24216.094
Estimate model parameters (epsilon = 0.100)
BETTER TREE FOUND at iteration 2: -24045.265
Iteration 10 / LogL: -24160.961 / Time: 0h:0m:57s
Iteration 20 / LogL: -24143.767 / Time: 0h:1m:19s
Finish initializing candidate tree set (20)
Current best tree score: -24045.265 / CPU time: 64.554
Number of iterations: 20
--------------------------------------------------------------------
|               OPTIMIZING CANDIDATE TREE SET                      |
--------------------------------------------------------------------
Estimate model parameters (epsilon = 0.100)
BETTER TREE FOUND at iteration 22: -24037.246
Estimate model parameters (epsilon = 0.100)
BETTER TREE FOUND at iteration 25: -24016.548
Estimate model parameters (epsilon = 0.100)
BETTER TREE FOUND at iteration 29: -24011.948
Iteration 30 / LogL: -24053.146 / Time: 0h:1m:46s (0h:6m:3s left)
Estimate model parameters (epsilon = 0.100)
BETTER TREE FOUND at iteration 31: -23996.681
Estimate model parameters (epsilon = 0.100)
BETTER TREE FOUND at iteration 33: -23995.382
Estimate model parameters (epsilon = 0.100)
BETTER TREE FOUND at iteration 35: -23984.252
Iteration 40 / LogL: -24011.946 / Time: 0h:2m:10s (0h:5m:18s left)
Estimate model parameters (epsilon = 0.100)
BETTER TREE FOUND at iteration 42: -23982.468
Estimate model parameters (epsilon = 0.100)
BETTER TREE FOUND at iteration 43: -23978.404
Estimate model parameters (epsilon = 0.100)
BETTER TREE FOUND at iteration 46: -23970.984
Estimate model parameters (epsilon = 0.100)
BETTER TREE FOUND at iteration 47: -23967.642
Estimate model parameters (epsilon = 0.100)
BETTER TREE FOUND at iteration 49: -23948.651
Iteration 50 / LogL: -23949.919 / Time: 0h:2m:40s (0h:5m:24s left)
Estimate model parameters (epsilon = 0.100)
BETTER TREE FOUND at iteration 55: -23940.041
Iteration 60 / LogL: -23960.132 / Time: 0h:3m:1s (0h:4m:52s left)
Estimate model parameters (epsilon = 0.100)
BETTER TREE FOUND at iteration 68: -23928.933
Estimate model parameters (epsilon = 0.100)
BETTER TREE FOUND at iteration 69: -23927.480
Iteration 70 / LogL: -23959.816 / Time: 0h:3m:25s (0h:4m:54s left)
Estimate model parameters (epsilon = 0.100)
BETTER TREE FOUND at iteration 80: -23923.138
Iteration 80 / LogL: -23923.138 / Time: 0h:3m:46s (0h:4m:47s left)
Estimate model parameters (epsilon = 0.100)
BETTER TREE FOUND at iteration 83: -23919.985
Iteration 90 / LogL: -23948.761 / Time: 0h:4m:10s (0h:4m:21s left)
Estimate model parameters (epsilon = 0.100)
BETTER TREE FOUND at iteration 99: -23918.079
Iteration 100 / LogL: -23922.991 / Time: 0h:4m:31s (0h:4m:31s left)
Estimate model parameters (epsilon = 0.100)
BETTER TREE FOUND at iteration 104: -23916.376
Iteration 110 / LogL: -23925.449 / Time: 0h:4m:52s (0h:4m:12s left)
Estimate model parameters (epsilon = 0.100)
BETTER TREE FOUND at iteration 113: -23906.911
Iteration 120 / LogL: -23926.115 / Time: 0h:5m:13s (0h:4m:5s left)
Iteration 130 / LogL: -23923.886 / Time: 0h:5m:34s (0h:3m:35s left)
Estimate model parameters (epsilon = 0.100)
BETTER TREE FOUND at iteration 135: -23905.400
Iteration 140 / LogL: -23907.486 / Time: 0h:5m:56s (0h:4m:3s left)
Iteration 150 / LogL: -23916.364 / Time: 0h:6m:17s (0h:3m:35s left)
Iteration 160 / LogL: -23913.015 / Time: 0h:6m:37s (0h:3m:7s left)
Iteration 170 / LogL: -23916.944 / Time: 0h:6m:58s (0h:2m:40s left)
Iteration 180 / LogL: -23919.463 / Time: 0h:7m:18s (0h:2m:14s left)
Iteration 190 / LogL: -23924.119 / Time: 0h:7m:39s (0h:1m:49s left)
Iteration 200 / LogL: -23918.515 / Time: 0h:8m:0s (0h:1m:24s left)
Estimate model parameters (epsilon = 0.100)
BETTER TREE FOUND at iteration 201: -23903.746
Iteration 210 / LogL: -23923.032 / Time: 0h:8m:21s (0h:3m:38s left)
Estimate model parameters (epsilon = 0.100)
BETTER TREE FOUND at iteration 212: -23900.331
Estimate model parameters (epsilon = 0.100)
BETTER TREE FOUND at iteration 213: -23900.014
Iteration 220 / LogL: -23921.969 / Time: 0h:8m:42s (0h:3m:41s left)
Iteration 230 / LogL: -23909.691 / Time: 0h:9m:2s (0h:3m:16s left)
Iteration 240 / LogL: -23905.455 / Time: 0h:9m:21s (0h:2m:51s left)
Iteration 250 / LogL: -23924.231 / Time: 0h:9m:39s (0h:2m:26s left)
Iteration 260 / LogL: -23982.081 / Time: 0h:9m:59s (0h:2m:2s left)
Iteration 270 / LogL: -23901.731 / Time: 0h:10m:20s (0h:1m:39s left)
Estimate model parameters (epsilon = 0.100)
BETTER TREE FOUND at iteration 271: -23898.398
Iteration 280 / LogL: -23921.071 / Time: 0h:10m:40s (0h:3m:28s left)
Iteration 290 / LogL: -23913.028 / Time: 0h:11m:0s (0h:3m:5s left)
Iteration 300 / LogL: -23903.568 / Time: 0h:11m:20s (0h:2m:41s left)
Iteration 310 / LogL: -23910.172 / Time: 0h:11m:39s (0h:2m:18s left)
Iteration 320 / LogL: -23910.663 / Time: 0h:11m:59s (0h:1m:55s left)
Estimate model parameters (epsilon = 0.100)
BETTER TREE FOUND at iteration 329: -23896.988
Iteration 330 / LogL: -23930.930 / Time: 0h:12m:20s (0h:3m:42s left)
Iteration 340 / LogL: -23934.836 / Time: 0h:12m:40s (0h:3m:19s left)
Iteration 350 / LogL: -23927.360 / Time: 0h:13m:0s (0h:2m:56s left)
Iteration 360 / LogL: -23910.443 / Time: 0h:13m:20s (0h:2m:33s left)
Iteration 370 / LogL: -23904.640 / Time: 0h:13m:41s (0h:2m:11s left)
Iteration 380 / LogL: -23922.654 / Time: 0h:14m:0s (0h:1m:48s left)
Iteration 390 / LogL: -23910.804 / Time: 0h:14m:20s (0h:1m:26s left)
Iteration 400 / LogL: -23912.191 / Time: 0h:14m:40s (0h:1m:3s left)
Iteration 410 / LogL: -23911.729 / Time: 0h:15m:0s (0h:0m:41s left)
Iteration 420 / LogL: -23902.848 / Time: 0h:15m:22s (0h:0m:19s left)
Estimate model parameters (epsilon = 0.100)
BETTER TREE FOUND at iteration 429: -23895.862
Iteration 430 / LogL: -23905.015 / Time: 0h:15m:43s (0h:3m:37s left)
Iteration 440 / LogL: -23902.582 / Time: 0h:16m:3s (0h:3m:15s left)
Estimate model parameters (epsilon = 0.100)
BETTER TREE FOUND at iteration 450: -23893.419
Iteration 450 / LogL: -23893.419 / Time: 0h:16m:23s (0h:3m:38s left)
Estimate model parameters (epsilon = 0.100)
BETTER TREE FOUND at iteration 453: -23892.153
Iteration 460 / LogL: -23906.495 / Time: 0h:16m:44s (0h:3m:23s left)
Iteration 470 / LogL: -23918.612 / Time: 0h:17m:4s (0h:3m:1s left)
Iteration 480 / LogL: -23915.058 / Time: 0h:17m:25s (0h:2m:39s left)
Iteration 490 / LogL: -23906.239 / Time: 0h:17m:45s (0h:2m:17s left)
Iteration 500 / LogL: -23902.504 / Time: 0h:18m:5s (0h:1m:55s left)
Iteration 510 / LogL: -23902.585 / Time: 0h:18m:26s (0h:1m:33s left)
Estimate model parameters (epsilon = 0.100)
BETTER TREE FOUND at iteration 513: -23892.009
Iteration 520 / LogL: -23905.979 / Time: 0h:18m:46s (0h:3m:21s left)
Iteration 530 / LogL: -23916.516 / Time: 0h:19m:6s (0h:2m:59s left)
Iteration 540 / LogL: -23900.271 / Time: 0h:19m:27s (0h:2m:38s left)
Iteration 550 / LogL: -23892.215 / Time: 0h:19m:47s (0h:2m:16s left)
Iteration 560 / LogL: -23904.626 / Time: 0h:20m:7s (0h:1m:54s left)
Iteration 570 / LogL: -23899.541 / Time: 0h:20m:26s (0h:1m:32s left)
Iteration 580 / LogL: -23897.460 / Time: 0h:20m:46s (0h:1m:11s left)
Iteration 590 / LogL: -23903.214 / Time: 0h:21m:6s (0h:0m:49s left)
Estimate model parameters (epsilon = 0.100)
BETTER TREE FOUND at iteration 593: -23890.836
Iteration 600 / LogL: -23908.944 / Time: 0h:21m:27s (0h:3m:19s left)
Iteration 610 / LogL: -23895.778 / Time: 0h:21m:47s (0h:2m:58s left)
Estimate model parameters (epsilon = 0.100)
BETTER TREE FOUND at iteration 617: -23890.437
Iteration 620 / LogL: -23894.206 / Time: 0h:22m:10s (0h:3m:28s left)
Iteration 630 / LogL: -23907.680 / Time: 0h:22m:29s (0h:3m:6s left)
Iteration 640 / LogL: -23903.732 / Time: 0h:22m:48s (0h:2m:44s left)
Iteration 650 / LogL: -23907.136 / Time: 0h:23m:8s (0h:2m:23s left)
Iteration 660 / LogL: -23905.119 / Time: 0h:23m:28s (0h:2m:1s left)
Iteration 670 / LogL: -23893.381 / Time: 0h:23m:48s (0h:1m:40s left)
Iteration 680 / LogL: -23908.620 / Time: 0h:24m:9s (0h:1m:18s left)
Iteration 690 / LogL: -23895.121 / Time: 0h:24m:29s (0h:0m:57s left)
Iteration 700 / LogL: -23903.896 / Time: 0h:24m:49s (0h:0m:36s left)
Iteration 710 / LogL: -23909.980 / Time: 0h:25m:9s (0h:0m:14s left)
TREE SEARCH COMPLETED AFTER 718 ITERATIONS / Time: 0h:25m:26s

--------------------------------------------------------------------
|                    FINALIZING TREE SEARCH                        |
--------------------------------------------------------------------
Performs final model parameters optimization
Estimate model parameters (epsilon = 0.010)
1. Initial log-likelihood: -23890.437
Optimal log-likelihood: -23890.436
Site proportion and rates:  (0.038,0.168) (0.020,0.346) (0.287,0.567) (0.315,0.874) (0.259,1.413) (0.081,2.260)
Parameters optimization took 1 rounds (0.238 sec)
BEST SCORE FOUND : -23890.436
Total tree length: 171.873

Total number of iterations: 718
CPU time used for tree search: 2985.764 sec (0h:49m:45s)
Wall-clock time used for tree search: 1511.107 sec (0h:25m:11s)
Total CPU time used: 3016.239 sec (0h:50m:16s)
Total wall-clock time used: 1526.485 sec (0h:25m:26s)

Analysis results written to: 
  IQ-TREE report:                sigmas_MafftEinsi.trim.iqtree
  Maximum-likelihood tree:       sigmas_MafftEinsi.trim.treefile
  Likelihood distances:          sigmas_MafftEinsi.trim.mldist
  Screen log file:               sigmas_MafftEinsi.trim.log

Date and Time: Thu Jul  8 22:01:33 2021
